2021-11-19 00:07:04,597 - INFO - train - Training API called.
2021-11-19 00:07:04,598 - INFO - train - Raw data path: Training_Batch_Files
2021-11-19 00:07:06,320 - INFO - train - Raw data ingestion object created.
2021-11-19 00:07:06,320 - INFO - train - Validating Raw Training data started...
2021-11-19 00:07:06,612 - INFO - train - Validating Raw Training data completed.
2021-11-19 00:07:06,612 - INFO - train - Data Transformation Started...
2021-11-19 00:07:06,720 - INFO - train - Data Transformation Completed.
2021-11-19 00:07:06,720 - INFO - train - Data insertation into database Started...
2021-11-19 00:07:06,720 - INFO - train - Data insertation into database Completed.
2021-11-19 00:07:08,277 - INFO - train - Train object created.
2021-11-19 00:07:08,279 - INFO - train - Training Data is pulling from database and Preprocessing started...
2021-11-19 00:07:08,279 - INFO - train - Training Data is pulling from database and Preprocessing completed.
2021-11-19 00:07:08,279 - INFO - train - Training started...
2021-11-19 00:07:10,673 - ERROR - train - Error occured while training: Error in ModelFinder.best_model_finder() method. Error: File path is not found or not valid.
2021-11-19 00:10:20,118 - INFO - train - Training API called.
2021-11-19 00:10:20,119 - INFO - train - Raw data path: Training_Batch_Files
2021-11-19 00:10:21,186 - INFO - train - Raw data ingestion object created.
2021-11-19 00:10:21,187 - INFO - train - Validating Raw Training data started...
2021-11-19 00:10:21,356 - INFO - train - Validating Raw Training data completed.
2021-11-19 00:10:21,356 - INFO - train - Data Transformation Started...
2021-11-19 00:10:21,432 - INFO - train - Data Transformation Completed.
2021-11-19 00:10:21,432 - INFO - train - Data insertation into database Started...
2021-11-19 00:10:21,432 - INFO - train - Data insertation into database Completed.
2021-11-19 00:10:23,084 - INFO - train - Train object created.
2021-11-19 00:10:23,085 - INFO - train - Training Data is pulling from database and Preprocessing started...
2021-11-19 00:10:23,085 - INFO - train - Training Data is pulling from database and Preprocessing completed.
2021-11-19 00:10:23,085 - INFO - train - Training started...
2021-11-19 00:11:23,443 - INFO - train - Training completed.
2021-11-19 00:11:23,443 - INFO - train - Training API completed.
2021-11-19 00:12:46,556 - INFO - train - Training API called.
2021-11-19 00:12:46,557 - INFO - train - Raw data path: Training_Batch_Files
2021-11-19 00:12:47,599 - INFO - train - Raw data ingestion object created.
2021-11-19 00:12:47,599 - INFO - train - Validating Raw Training data started...
2021-11-19 00:12:47,800 - INFO - train - Validating Raw Training data completed.
2021-11-19 00:12:47,800 - INFO - train - Data Transformation Started...
2021-11-19 00:12:47,899 - INFO - train - Data Transformation Completed.
2021-11-19 00:12:47,899 - INFO - train - Data insertation into database Started...
2021-11-19 00:12:47,899 - INFO - train - Data insertation into database Completed.
2021-11-19 00:12:48,868 - INFO - train - Train object created.
2021-11-19 00:12:48,868 - INFO - train - Training Data is pulling from database and Preprocessing started...
2021-11-19 00:12:48,868 - INFO - train - Training Data is pulling from database and Preprocessing completed.
2021-11-19 00:12:48,869 - INFO - train - Training started...
2021-11-19 00:13:47,153 - INFO - train - Training completed.
2021-11-19 00:13:47,153 - INFO - train - Training API completed.
2021-11-19 00:14:13,962 - INFO - predict - Raw data path: Prediction_Batch_Files
2021-11-19 00:14:15,013 - INFO - predict - Validating Raw Prediction data started...
2021-11-19 00:14:15,212 - INFO - predict - Validating Raw Prediction data completed.
2021-11-19 00:14:15,213 - INFO - predict - Data Transformation Started...
2021-11-19 00:14:15,261 - INFO - predict - Data Transformation Completed.
2021-11-19 00:14:15,261 - INFO - predict - Data insertation into database Started...
2021-11-19 00:14:15,261 - INFO - predict - Data insertation into database Completed.
2021-11-19 00:14:16,885 - INFO - predict - Prediction object created.
2021-11-19 00:14:16,886 - INFO - predict - Prediction Data is pulling from database and Preprocessing started...
2021-11-19 00:14:32,767 - ERROR - predict - Error occured while prediction: Error occured while pulling data from databaseError from server: code=2200 [Invalid query] message="table insurance1.predict_data77 does not exist"
2021-11-19 00:15:33,824 - INFO - predict - Raw data path: Prediction_Batch_Files
2021-11-19 00:15:35,460 - INFO - predict - Validating Raw Prediction data started...
2021-11-19 00:15:35,568 - INFO - predict - Validating Raw Prediction data completed.
2021-11-19 00:15:35,568 - INFO - predict - Data Transformation Started...
2021-11-19 00:15:35,641 - INFO - predict - Data Transformation Completed.
2021-11-19 00:15:35,641 - INFO - predict - Data insertation into database Started...
2021-11-19 00:15:35,641 - INFO - predict - Data insertation into database Completed.
2021-11-19 00:15:36,702 - INFO - predict - Prediction object created.
2021-11-19 00:15:36,702 - INFO - predict - Prediction Data is pulling from database and Preprocessing started...
2021-11-19 00:16:04,748 - ERROR - predict - Error occured while prediction: Error occured while pulling data from databaseError from server: code=2200 [Invalid query] message="table insurance1.predict_data77 does not exist"
2021-11-19 00:17:03,131 - INFO - predict - Raw data path: Prediction_Batch_Files
2021-11-19 00:17:04,169 - INFO - predict - Validating Raw Prediction data started...
2021-11-19 00:17:04,170 - INFO - predict - Validating Raw Prediction data completed.
2021-11-19 00:17:04,170 - INFO - predict - Data Transformation Started...
2021-11-19 00:17:04,170 - INFO - predict - Data Transformation Completed.
2021-11-19 00:17:04,170 - INFO - predict - Data insertation into database Started...
2021-11-19 00:17:04,170 - INFO - predict - Data insertation into database Completed.
2021-11-19 00:17:05,750 - INFO - predict - Prediction object created.
2021-11-19 00:17:05,751 - INFO - predict - Prediction Data is pulling from database and Preprocessing started...
2021-11-19 00:17:05,751 - INFO - predict - Prediction Data is pulling from database and Preprocessing completed.
2021-11-19 00:17:05,751 - INFO - predict - Prediction data transformation Started...
2021-11-19 00:17:05,828 - INFO - predict - Prediction data transformation Completed.
2021-11-19 00:17:06,549 - INFO - predict - Prediction batch data completed.
2021-11-19 00:17:06,549 - INFO - predict - Prediction API completed.
2021-11-24 18:26:47,296 - INFO - train - Training API called.
2021-11-24 18:26:47,297 - INFO - train - Raw data path: Training_Batch_Files
2021-11-24 18:26:47,313 - INFO - train - Raw data ingestion object created.
2021-11-24 18:26:47,313 - INFO - train - Validating Raw Training data started...
2021-11-24 18:26:47,314 - ERROR - train - Error occured while training: 'TrainDataValidation' object has no attribute 'utils'
2021-11-24 18:28:13,078 - INFO - train - Training API called.
2021-11-24 18:28:13,078 - INFO - train - Raw data path: Training_Batch_Files
2021-11-24 18:28:13,080 - INFO - train - Raw data ingestion object created.
2021-11-24 18:28:13,080 - INFO - train - Validating Raw Training data started...
2021-11-24 18:28:13,081 - ERROR - train - Error occured while training: 'TrainDataValidation' object has no attribute 'utils'
2021-11-24 18:28:37,359 - INFO - train - Training API called.
2021-11-24 18:28:37,360 - INFO - train - Raw data path: Training_Batch_Files
2021-11-24 18:28:37,362 - INFO - train - Raw data ingestion object created.
2021-11-24 18:28:37,362 - INFO - train - Validating Raw Training data started...
2021-11-24 18:28:37,870 - INFO - train - Validating Raw Training data completed.
2021-11-24 18:28:37,870 - INFO - train - Data Transformation Started...
2021-11-24 18:28:37,870 - INFO - train - Data Transformation Completed.
2021-11-24 18:28:37,870 - INFO - train - Data insertation into database Started...
2021-11-24 18:28:37,870 - INFO - train - Data insertation into database Completed.
2021-11-24 18:28:39,419 - INFO - train - Train object created.
2021-11-24 18:28:39,419 - INFO - train - Training Data is pulling from database and Preprocessing started...
2021-11-24 18:28:39,529 - INFO - train - Training Data is pulling from database and Preprocessing completed.
2021-11-24 18:28:39,529 - INFO - train - Training started...
2021-11-24 18:28:45,159 - ERROR - train - Error occured while training: Error in ModelFinder.best_model_finder() method. Error: bad operand type for unary +: 'str'
2021-11-24 18:32:02,429 - INFO - train - Training API called.
2021-11-24 18:32:02,429 - INFO - train - Raw data path: Training_Batch_Files
2021-11-24 18:32:02,430 - INFO - train - Raw data ingestion object created.
2021-11-24 18:32:02,430 - INFO - train - Validating Raw Training data started...
2021-11-24 18:32:02,584 - INFO - train - Validating Raw Training data completed.
2021-11-24 18:32:02,585 - INFO - train - Data Transformation Started...
2021-11-24 18:32:02,585 - INFO - train - Data Transformation Completed.
2021-11-24 18:32:02,585 - INFO - train - Data insertation into database Started...
2021-11-24 18:32:02,585 - INFO - train - Data insertation into database Completed.
2021-11-24 18:32:03,716 - INFO - train - Train object created.
2021-11-24 18:32:03,716 - INFO - train - Training Data is pulling from database and Preprocessing started...
2021-11-24 18:32:03,742 - INFO - train - Training Data is pulling from database and Preprocessing completed.
2021-11-24 18:32:03,742 - INFO - train - Training started...
2021-11-24 18:33:11,009 - INFO - train - Training completed.
2021-11-24 18:33:11,010 - INFO - train - Training API completed.
2021-11-24 18:36:43,251 - INFO - train - Training API called.
2021-11-24 18:36:43,252 - INFO - train - Raw data path: Training_Batch_Files
2021-11-24 18:36:43,254 - INFO - train - Raw data ingestion object created.
2021-11-24 18:36:43,254 - INFO - train - Validating Raw Training data started...
2021-11-24 18:36:43,481 - INFO - train - Validating Raw Training data completed.
2021-11-24 18:36:43,481 - INFO - train - Data Transformation Started...
2021-11-24 18:36:43,481 - INFO - train - Data Transformation Completed.
2021-11-24 18:36:43,481 - INFO - train - Data insertation into database Started...
2021-11-24 18:36:43,481 - INFO - train - Data insertation into database Completed.
2021-11-24 18:36:44,602 - INFO - train - Train object created.
2021-11-24 18:36:44,602 - INFO - train - Training Data is pulling from database and Preprocessing started...
2021-11-24 18:36:44,633 - INFO - train - Training Data is pulling from database and Preprocessing completed.
2021-11-24 18:36:44,633 - INFO - train - Training started...
2021-11-24 18:37:55,690 - INFO - train - Training completed.
2021-11-24 18:37:55,691 - INFO - train - Training API completed.
2021-11-24 18:46:41,617 - INFO - predict - Raw data path: Prediction_Batch_Files
2021-11-24 18:46:42,772 - INFO - predict - Validating Raw Prediction data started...
2021-11-24 18:46:42,772 - INFO - predict - Validating Raw Prediction data completed.
2021-11-24 18:46:42,773 - INFO - predict - Data Transformation Started...
2021-11-24 18:46:42,773 - INFO - predict - Data Transformation Completed.
2021-11-24 18:46:42,773 - INFO - predict - Data insertation into database Started...
2021-11-24 18:46:42,773 - INFO - predict - Data insertation into database Completed.
2021-11-24 18:46:43,820 - INFO - predict - Prediction object created.
2021-11-24 18:46:43,820 - INFO - predict - Prediction Data is pulling from database and Preprocessing started...
2021-11-24 18:46:43,820 - INFO - predict - Prediction Data is pulling from database and Preprocessing completed.
2021-11-24 18:46:43,820 - INFO - predict - Prediction data transformation Started...
2021-11-24 18:46:43,885 - INFO - predict - Prediction data transformation Completed.
2021-11-24 18:46:44,848 - INFO - predict - Prediction batch data completed.
2021-11-24 18:46:44,848 - INFO - predict - Prediction API completed.
2021-11-24 18:48:08,878 - INFO - train - Training API called.
2021-11-24 18:48:08,878 - INFO - train - Raw data path: Training_Batch_Files
2021-11-24 18:48:08,879 - INFO - train - Raw data ingestion object created.
2021-11-24 18:48:08,880 - INFO - train - Validating Raw Training data started...
2021-11-24 18:48:09,018 - INFO - train - Validating Raw Training data completed.
2021-11-24 18:48:09,018 - INFO - train - Data Transformation Started...
2021-11-24 18:48:09,018 - INFO - train - Data Transformation Completed.
2021-11-24 18:48:09,018 - INFO - train - Data insertation into database Started...
2021-11-24 18:48:09,018 - INFO - train - Data insertation into database Completed.
2021-11-24 18:48:10,096 - INFO - train - Train object created.
2021-11-24 18:48:10,096 - INFO - train - Training Data is pulling from database and Preprocessing started...
2021-11-24 18:48:10,124 - INFO - train - Training Data is pulling from database and Preprocessing completed.
2021-11-24 18:48:10,124 - INFO - train - Training started...
2021-11-24 18:49:03,729 - INFO - train - Training completed.
2021-11-24 18:49:03,729 - INFO - train - Training API completed.
2021-11-24 18:52:11,024 - INFO - train - Training API called.
2021-11-24 18:52:11,025 - INFO - train - Raw data path: Training_Batch_Files
2021-11-24 18:52:11,026 - INFO - train - Raw data ingestion object created.
2021-11-24 18:52:11,026 - INFO - train - Validating Raw Training data started...
2021-11-24 18:52:11,217 - INFO - train - Validating Raw Training data completed.
2021-11-24 18:52:11,217 - INFO - train - Data Transformation Started...
2021-11-24 18:52:11,217 - INFO - train - Data Transformation Completed.
2021-11-24 18:52:11,218 - INFO - train - Data insertation into database Started...
2021-11-24 18:52:11,218 - INFO - train - Data insertation into database Completed.
2021-11-24 18:52:12,262 - INFO - train - Train object created.
2021-11-24 18:52:12,263 - INFO - train - Training Data is pulling from database and Preprocessing started...
2021-11-24 18:52:12,291 - INFO - train - Training Data is pulling from database and Preprocessing completed.
2021-11-24 18:52:12,291 - INFO - train - Training started...
2021-11-24 18:53:22,354 - INFO - train - Training completed.
2021-11-24 18:53:22,354 - INFO - train - Training API completed.
