2021-11-16 17:05:17,491 - INFO - __init__ - Model tuner initialized. --------------------------------------------------
2021-11-16 17:05:17,491 - INFO - run_model_tuner - Model Tuner Started...
2021-11-16 17:05:17,491 - INFO - run_model_tuner - Running all model from model finder class to train data and find best model...
2021-11-16 17:05:17,492 - INFO - run_model_tuner - Running Linear Regression...
2021-11-16 17:05:17,600 - INFO - run_model_tuner - Linear Regression Done.
2021-11-16 17:05:17,600 - INFO - run_model_tuner - Running Ridge regression...
2021-11-16 17:05:18,074 - ERROR - run_model_tuner - Error in ModelFinder.best_model_finder() method. Error: 'DataGetter' object has no attribute 'write_yaml_file'
2021-11-16 17:07:34,132 - INFO - __init__ - Model tuner initialized. --------------------------------------------------
2021-11-16 17:07:34,133 - INFO - run_model_tuner - Model Tuner Started...
2021-11-16 17:07:34,133 - INFO - run_model_tuner - Running all model from model finder class to train data and find best model...
2021-11-16 17:07:34,133 - INFO - run_model_tuner - Running Linear Regression...
2021-11-16 17:07:34,138 - INFO - run_model_tuner - Linear Regression Done.
2021-11-16 17:07:34,138 - INFO - run_model_tuner - Running Ridge regression...
2021-11-16 17:07:34,589 - INFO - run_model_tuner - Ridge regression Done.
2021-11-16 17:07:34,589 - INFO - run_model_tuner - Running Lasso regression...
2021-11-16 17:07:37,306 - INFO - run_model_tuner - Lasso regression Done.
2021-11-16 17:07:37,306 - INFO - run_model_tuner - Running Elastic Net regression...
2021-11-16 17:07:37,605 - INFO - run_model_tuner - Elastic Net regression Done.
2021-11-16 17:07:37,605 - INFO - run_model_tuner - Running Decision Tree...
2021-11-16 17:07:37,903 - INFO - run_model_tuner - Decision Tree Done.
2021-11-16 17:07:37,903 - INFO - run_model_tuner - Running Random Forest...
2021-11-16 17:07:41,403 - INFO - run_model_tuner - Random Forest Done.
2021-11-16 17:07:41,403 - INFO - run_model_tuner - Running Gradient Boosting...
2021-11-16 17:07:41,769 - INFO - run_model_tuner - Gradient Boosting Done.
2021-11-16 17:07:41,769 - INFO - run_model_tuner - Running AdaBoost...
2021-11-16 17:07:42,945 - INFO - run_model_tuner - AdaBoost Done.
2021-11-16 17:07:42,946 - INFO - run_model_tuner - Running ExtraTree Regressor...
2021-11-16 17:07:45,154 - INFO - run_model_tuner - ExtraTree Regressor Done.
2021-11-16 17:07:45,154 - INFO - run_model_tuner - Running XGBoost...
2021-11-16 17:07:46,489 - INFO - run_model_tuner - XGBoost Done.
2021-11-16 17:07:46,489 - INFO - run_model_tuner - Running SVR...
2021-11-16 17:07:47,242 - INFO - run_model_tuner - SVR Done.
2021-11-16 17:07:47,243 - INFO - run_model_tuner - Running Kenighbours Regressor...
2021-11-16 17:07:47,736 - INFO - run_model_tuner - Kenighbours Regressor Done.
2021-11-16 17:07:47,737 - INFO - run_model_tuner - Calculating test score and loss for all model...
2021-11-16 17:07:47,848 - INFO - run_model_tuner - Calculating test score and loss for all model Done.
2021-11-16 17:07:47,848 - INFO - run_model_tuner - Saving result dataframe to disk...
2021-11-16 17:07:47,993 - INFO - run_model_tuner - Saving result dataframe to disk Done.
2021-11-16 17:07:48,002 - INFO - __init__ - Model tuner initialized. --------------------------------------------------
2021-11-16 17:07:48,002 - INFO - __init__ - Model tuner initialized. --------------------------------------------------
2021-11-16 17:07:48,002 - INFO - run_model_tuner - Model Tuner Started...
2021-11-16 17:07:48,002 - INFO - run_model_tuner - Model Tuner Started...
2021-11-16 17:07:48,002 - INFO - run_model_tuner - Running all model from model finder class to train data and find best model...
2021-11-16 17:07:48,002 - INFO - run_model_tuner - Running all model from model finder class to train data and find best model...
2021-11-16 17:07:48,003 - INFO - run_model_tuner - Running Linear Regression...
2021-11-16 17:07:48,003 - INFO - run_model_tuner - Running Linear Regression...
2021-11-16 17:07:48,007 - INFO - run_model_tuner - Linear Regression Done.
2021-11-16 17:07:48,007 - INFO - run_model_tuner - Linear Regression Done.
2021-11-16 17:07:48,007 - INFO - run_model_tuner - Running Ridge regression...
2021-11-16 17:07:48,007 - INFO - run_model_tuner - Running Ridge regression...
2021-11-16 17:07:48,355 - INFO - run_model_tuner - Ridge regression Done.
2021-11-16 17:07:48,355 - INFO - run_model_tuner - Ridge regression Done.
2021-11-16 17:07:48,358 - INFO - run_model_tuner - Running Lasso regression...
2021-11-16 17:07:48,358 - INFO - run_model_tuner - Running Lasso regression...
2021-11-16 17:07:52,433 - INFO - run_model_tuner - Lasso regression Done.
2021-11-16 17:07:52,433 - INFO - run_model_tuner - Lasso regression Done.
2021-11-16 17:07:52,436 - INFO - run_model_tuner - Running Elastic Net regression...
2021-11-16 17:07:52,436 - INFO - run_model_tuner - Running Elastic Net regression...
2021-11-16 17:07:52,706 - INFO - run_model_tuner - Elastic Net regression Done.
2021-11-16 17:07:52,706 - INFO - run_model_tuner - Elastic Net regression Done.
2021-11-16 17:07:52,706 - INFO - run_model_tuner - Running Decision Tree...
2021-11-16 17:07:52,706 - INFO - run_model_tuner - Running Decision Tree...
2021-11-16 17:07:52,967 - INFO - run_model_tuner - Decision Tree Done.
2021-11-16 17:07:52,967 - INFO - run_model_tuner - Decision Tree Done.
2021-11-16 17:07:52,967 - INFO - run_model_tuner - Running Random Forest...
2021-11-16 17:07:52,967 - INFO - run_model_tuner - Running Random Forest...
2021-11-16 17:07:56,863 - INFO - run_model_tuner - Random Forest Done.
2021-11-16 17:07:56,863 - INFO - run_model_tuner - Random Forest Done.
2021-11-16 17:07:56,863 - INFO - run_model_tuner - Running Gradient Boosting...
2021-11-16 17:07:56,863 - INFO - run_model_tuner - Running Gradient Boosting...
2021-11-16 17:07:57,186 - INFO - run_model_tuner - Gradient Boosting Done.
2021-11-16 17:07:57,186 - INFO - run_model_tuner - Gradient Boosting Done.
2021-11-16 17:07:57,187 - INFO - run_model_tuner - Running AdaBoost...
2021-11-16 17:07:57,187 - INFO - run_model_tuner - Running AdaBoost...
2021-11-16 17:07:58,296 - INFO - run_model_tuner - AdaBoost Done.
2021-11-16 17:07:58,296 - INFO - run_model_tuner - AdaBoost Done.
2021-11-16 17:07:58,296 - INFO - run_model_tuner - Running ExtraTree Regressor...
2021-11-16 17:07:58,296 - INFO - run_model_tuner - Running ExtraTree Regressor...
2021-11-16 17:08:00,697 - INFO - run_model_tuner - ExtraTree Regressor Done.
2021-11-16 17:08:00,697 - INFO - run_model_tuner - ExtraTree Regressor Done.
2021-11-16 17:08:00,697 - INFO - run_model_tuner - Running XGBoost...
2021-11-16 17:08:00,697 - INFO - run_model_tuner - Running XGBoost...
2021-11-16 17:08:01,730 - INFO - run_model_tuner - XGBoost Done.
2021-11-16 17:08:01,730 - INFO - run_model_tuner - XGBoost Done.
2021-11-16 17:08:01,730 - INFO - run_model_tuner - Running SVR...
2021-11-16 17:08:01,730 - INFO - run_model_tuner - Running SVR...
2021-11-16 17:08:02,379 - INFO - run_model_tuner - SVR Done.
2021-11-16 17:08:02,379 - INFO - run_model_tuner - SVR Done.
2021-11-16 17:08:02,379 - INFO - run_model_tuner - Running Kenighbours Regressor...
2021-11-16 17:08:02,379 - INFO - run_model_tuner - Running Kenighbours Regressor...
2021-11-16 17:08:02,750 - INFO - run_model_tuner - Kenighbours Regressor Done.
2021-11-16 17:08:02,750 - INFO - run_model_tuner - Kenighbours Regressor Done.
2021-11-16 17:08:02,751 - INFO - run_model_tuner - Calculating test score and loss for all model...
2021-11-16 17:08:02,751 - INFO - run_model_tuner - Calculating test score and loss for all model...
2021-11-16 17:08:02,857 - INFO - run_model_tuner - Calculating test score and loss for all model Done.
2021-11-16 17:08:02,857 - INFO - run_model_tuner - Calculating test score and loss for all model Done.
2021-11-16 17:08:02,858 - INFO - run_model_tuner - Saving result dataframe to disk...
2021-11-16 17:08:02,858 - INFO - run_model_tuner - Saving result dataframe to disk...
2021-11-16 17:08:02,861 - INFO - run_model_tuner - Saving result dataframe to disk Done.
2021-11-16 17:08:02,861 - INFO - run_model_tuner - Saving result dataframe to disk Done.
2021-11-16 17:08:02,926 - INFO - __init__ - Model tuner initialized. --------------------------------------------------
2021-11-16 17:08:02,926 - INFO - __init__ - Model tuner initialized. --------------------------------------------------
2021-11-16 17:08:02,926 - INFO - __init__ - Model tuner initialized. --------------------------------------------------
2021-11-16 17:08:02,926 - INFO - run_model_tuner - Model Tuner Started...
2021-11-16 17:08:02,926 - INFO - run_model_tuner - Model Tuner Started...
2021-11-16 17:08:02,926 - INFO - run_model_tuner - Model Tuner Started...
2021-11-16 17:08:02,927 - INFO - run_model_tuner - Running all model from model finder class to train data and find best model...
2021-11-16 17:08:02,927 - INFO - run_model_tuner - Running all model from model finder class to train data and find best model...
2021-11-16 17:08:02,927 - INFO - run_model_tuner - Running all model from model finder class to train data and find best model...
2021-11-16 17:08:02,927 - INFO - run_model_tuner - Running Linear Regression...
2021-11-16 17:08:02,927 - INFO - run_model_tuner - Running Linear Regression...
2021-11-16 17:08:02,927 - INFO - run_model_tuner - Running Linear Regression...
2021-11-16 17:08:02,932 - INFO - run_model_tuner - Linear Regression Done.
2021-11-16 17:08:02,932 - INFO - run_model_tuner - Linear Regression Done.
2021-11-16 17:08:02,932 - INFO - run_model_tuner - Linear Regression Done.
2021-11-16 17:08:02,932 - INFO - run_model_tuner - Running Ridge regression...
2021-11-16 17:08:02,932 - INFO - run_model_tuner - Running Ridge regression...
2021-11-16 17:08:02,932 - INFO - run_model_tuner - Running Ridge regression...
2021-11-16 17:08:03,257 - INFO - run_model_tuner - Ridge regression Done.
2021-11-16 17:08:03,257 - INFO - run_model_tuner - Ridge regression Done.
2021-11-16 17:08:03,257 - INFO - run_model_tuner - Ridge regression Done.
2021-11-16 17:08:03,257 - INFO - run_model_tuner - Running Lasso regression...
2021-11-16 17:08:03,257 - INFO - run_model_tuner - Running Lasso regression...
2021-11-16 17:08:03,257 - INFO - run_model_tuner - Running Lasso regression...
2021-11-16 17:08:06,788 - INFO - run_model_tuner - Lasso regression Done.
2021-11-16 17:08:06,788 - INFO - run_model_tuner - Lasso regression Done.
2021-11-16 17:08:06,788 - INFO - run_model_tuner - Lasso regression Done.
2021-11-16 17:08:06,789 - INFO - run_model_tuner - Running Elastic Net regression...
2021-11-16 17:08:06,789 - INFO - run_model_tuner - Running Elastic Net regression...
2021-11-16 17:08:06,789 - INFO - run_model_tuner - Running Elastic Net regression...
2021-11-16 17:08:06,998 - INFO - run_model_tuner - Elastic Net regression Done.
2021-11-16 17:08:06,998 - INFO - run_model_tuner - Elastic Net regression Done.
2021-11-16 17:08:06,998 - INFO - run_model_tuner - Elastic Net regression Done.
2021-11-16 17:08:06,999 - INFO - run_model_tuner - Running Decision Tree...
2021-11-16 17:08:06,999 - INFO - run_model_tuner - Running Decision Tree...
2021-11-16 17:08:06,999 - INFO - run_model_tuner - Running Decision Tree...
2021-11-16 17:08:07,210 - INFO - run_model_tuner - Decision Tree Done.
2021-11-16 17:08:07,210 - INFO - run_model_tuner - Decision Tree Done.
2021-11-16 17:08:07,210 - INFO - run_model_tuner - Decision Tree Done.
2021-11-16 17:08:07,211 - INFO - run_model_tuner - Running Random Forest...
2021-11-16 17:08:07,211 - INFO - run_model_tuner - Running Random Forest...
2021-11-16 17:08:07,211 - INFO - run_model_tuner - Running Random Forest...
2021-11-16 17:08:10,915 - INFO - run_model_tuner - Random Forest Done.
2021-11-16 17:08:10,915 - INFO - run_model_tuner - Random Forest Done.
2021-11-16 17:08:10,915 - INFO - run_model_tuner - Random Forest Done.
2021-11-16 17:08:10,915 - INFO - run_model_tuner - Running Gradient Boosting...
2021-11-16 17:08:10,915 - INFO - run_model_tuner - Running Gradient Boosting...
2021-11-16 17:08:10,915 - INFO - run_model_tuner - Running Gradient Boosting...
2021-11-16 17:08:11,234 - INFO - run_model_tuner - Gradient Boosting Done.
2021-11-16 17:08:11,234 - INFO - run_model_tuner - Gradient Boosting Done.
2021-11-16 17:08:11,234 - INFO - run_model_tuner - Gradient Boosting Done.
2021-11-16 17:08:11,235 - INFO - run_model_tuner - Running AdaBoost...
2021-11-16 17:08:11,235 - INFO - run_model_tuner - Running AdaBoost...
2021-11-16 17:08:11,235 - INFO - run_model_tuner - Running AdaBoost...
2021-11-16 17:08:12,389 - INFO - run_model_tuner - AdaBoost Done.
2021-11-16 17:08:12,389 - INFO - run_model_tuner - AdaBoost Done.
2021-11-16 17:08:12,389 - INFO - run_model_tuner - AdaBoost Done.
2021-11-16 17:08:12,389 - INFO - run_model_tuner - Running ExtraTree Regressor...
2021-11-16 17:08:12,389 - INFO - run_model_tuner - Running ExtraTree Regressor...
2021-11-16 17:08:12,389 - INFO - run_model_tuner - Running ExtraTree Regressor...
2021-11-16 17:08:14,672 - INFO - run_model_tuner - ExtraTree Regressor Done.
2021-11-16 17:08:14,672 - INFO - run_model_tuner - ExtraTree Regressor Done.
2021-11-16 17:08:14,672 - INFO - run_model_tuner - ExtraTree Regressor Done.
2021-11-16 17:08:14,672 - INFO - run_model_tuner - Running XGBoost...
2021-11-16 17:08:14,672 - INFO - run_model_tuner - Running XGBoost...
2021-11-16 17:08:14,672 - INFO - run_model_tuner - Running XGBoost...
2021-11-16 17:08:15,830 - INFO - run_model_tuner - XGBoost Done.
2021-11-16 17:08:15,830 - INFO - run_model_tuner - XGBoost Done.
2021-11-16 17:08:15,830 - INFO - run_model_tuner - XGBoost Done.
2021-11-16 17:08:15,830 - INFO - run_model_tuner - Running SVR...
2021-11-16 17:08:15,830 - INFO - run_model_tuner - Running SVR...
2021-11-16 17:08:15,830 - INFO - run_model_tuner - Running SVR...
2021-11-16 17:08:16,530 - INFO - run_model_tuner - SVR Done.
2021-11-16 17:08:16,530 - INFO - run_model_tuner - SVR Done.
2021-11-16 17:08:16,530 - INFO - run_model_tuner - SVR Done.
2021-11-16 17:08:16,530 - INFO - run_model_tuner - Running Kenighbours Regressor...
2021-11-16 17:08:16,530 - INFO - run_model_tuner - Running Kenighbours Regressor...
2021-11-16 17:08:16,530 - INFO - run_model_tuner - Running Kenighbours Regressor...
2021-11-16 17:08:16,997 - INFO - run_model_tuner - Kenighbours Regressor Done.
2021-11-16 17:08:16,997 - INFO - run_model_tuner - Kenighbours Regressor Done.
2021-11-16 17:08:16,997 - INFO - run_model_tuner - Kenighbours Regressor Done.
2021-11-16 17:08:16,998 - INFO - run_model_tuner - Calculating test score and loss for all model...
2021-11-16 17:08:16,998 - INFO - run_model_tuner - Calculating test score and loss for all model...
2021-11-16 17:08:16,998 - INFO - run_model_tuner - Calculating test score and loss for all model...
2021-11-16 17:08:17,119 - INFO - run_model_tuner - Calculating test score and loss for all model Done.
2021-11-16 17:08:17,119 - INFO - run_model_tuner - Calculating test score and loss for all model Done.
2021-11-16 17:08:17,119 - INFO - run_model_tuner - Calculating test score and loss for all model Done.
2021-11-16 17:08:17,119 - INFO - run_model_tuner - Saving result dataframe to disk...
2021-11-16 17:08:17,119 - INFO - run_model_tuner - Saving result dataframe to disk...
2021-11-16 17:08:17,119 - INFO - run_model_tuner - Saving result dataframe to disk...
2021-11-16 17:08:17,123 - INFO - run_model_tuner - Saving result dataframe to disk Done.
2021-11-16 17:08:17,123 - INFO - run_model_tuner - Saving result dataframe to disk Done.
2021-11-16 17:08:17,123 - INFO - run_model_tuner - Saving result dataframe to disk Done.
2021-11-16 17:20:30,538 - INFO - __init__ - Model tuner initialized. --------------------------------------------------
2021-11-16 17:22:09,468 - INFO - __init__ - Model tuner initialized. --------------------------------------------------
2021-11-16 17:22:09,469 - INFO - run_model_tuner - Model Tuner Started...
2021-11-16 17:22:09,469 - INFO - run_model_tuner - Running all model from model finder class to train data and find best model...
2021-11-16 17:22:09,469 - INFO - run_model_tuner - Running Linear Regression...
2021-11-16 17:22:09,475 - INFO - run_model_tuner - Linear Regression Done.
2021-11-16 17:22:09,475 - INFO - run_model_tuner - Running Ridge regression...
2021-11-16 17:22:09,873 - INFO - run_model_tuner - Ridge regression Done.
2021-11-16 17:22:09,873 - INFO - run_model_tuner - Running Lasso regression...
2021-11-16 17:22:12,621 - INFO - run_model_tuner - Lasso regression Done.
2021-11-16 17:22:12,621 - INFO - run_model_tuner - Running Elastic Net regression...
2021-11-16 17:22:12,812 - INFO - run_model_tuner - Elastic Net regression Done.
2021-11-16 17:22:12,813 - INFO - run_model_tuner - Running Decision Tree...
2021-11-16 17:22:13,074 - INFO - run_model_tuner - Decision Tree Done.
2021-11-16 17:22:13,074 - INFO - run_model_tuner - Running Random Forest...
2021-11-16 17:22:16,599 - INFO - run_model_tuner - Random Forest Done.
2021-11-16 17:22:16,599 - INFO - run_model_tuner - Running Gradient Boosting...
2021-11-16 17:22:16,844 - INFO - run_model_tuner - Gradient Boosting Done.
2021-11-16 17:22:16,844 - INFO - run_model_tuner - Running AdaBoost...
2021-11-16 17:22:17,633 - INFO - run_model_tuner - AdaBoost Done.
2021-11-16 17:22:17,634 - INFO - run_model_tuner - Running ExtraTree Regressor...
2021-11-16 17:22:19,456 - INFO - run_model_tuner - ExtraTree Regressor Done.
2021-11-16 17:22:19,457 - INFO - run_model_tuner - Running XGBoost...
2021-11-16 17:22:20,540 - INFO - run_model_tuner - XGBoost Done.
2021-11-16 17:22:20,540 - INFO - run_model_tuner - Running SVR...
2021-11-16 17:22:21,761 - INFO - run_model_tuner - SVR Done.
2021-11-16 17:22:21,762 - INFO - run_model_tuner - Running Kenighbours Regressor...
2021-11-16 17:22:22,218 - INFO - run_model_tuner - Kenighbours Regressor Done.
2021-11-16 17:22:22,220 - INFO - run_model_tuner - Calculating test score and loss for all model...
2021-11-16 17:22:22,349 - INFO - run_model_tuner - Calculating test score and loss for all model Done.
2021-11-16 17:22:22,349 - INFO - run_model_tuner - Saving result dataframe to disk...
2021-11-16 17:22:22,349 - ERROR - run_model_tuner - Error in ModelFinder.best_model_finder() method. Error: can only concatenate str (not "int") to str
2021-11-16 17:23:07,187 - INFO - __init__ - Model tuner initialized. --------------------------------------------------
2021-11-16 17:23:07,187 - INFO - run_model_tuner - Model Tuner Started...
2021-11-16 17:23:07,187 - INFO - run_model_tuner - Running all model from model finder class to train data and find best model...
2021-11-16 17:23:07,188 - INFO - run_model_tuner - Running Linear Regression...
2021-11-16 17:23:07,192 - INFO - run_model_tuner - Linear Regression Done.
2021-11-16 17:23:07,192 - INFO - run_model_tuner - Running Ridge regression...
2021-11-16 17:23:07,517 - INFO - run_model_tuner - Ridge regression Done.
2021-11-16 17:23:07,517 - INFO - run_model_tuner - Running Lasso regression...
2021-11-16 17:23:10,036 - INFO - run_model_tuner - Lasso regression Done.
2021-11-16 17:23:10,037 - INFO - run_model_tuner - Running Elastic Net regression...
2021-11-16 17:23:10,218 - INFO - run_model_tuner - Elastic Net regression Done.
2021-11-16 17:23:10,218 - INFO - run_model_tuner - Running Decision Tree...
2021-11-16 17:23:10,523 - INFO - run_model_tuner - Decision Tree Done.
2021-11-16 17:23:10,523 - INFO - run_model_tuner - Running Random Forest...
2021-11-16 17:23:14,183 - INFO - run_model_tuner - Random Forest Done.
2021-11-16 17:23:14,183 - INFO - run_model_tuner - Running Gradient Boosting...
2021-11-16 17:23:14,501 - INFO - run_model_tuner - Gradient Boosting Done.
2021-11-16 17:23:14,501 - INFO - run_model_tuner - Running AdaBoost...
2021-11-16 17:23:15,645 - INFO - run_model_tuner - AdaBoost Done.
2021-11-16 17:23:15,645 - INFO - run_model_tuner - Running ExtraTree Regressor...
2021-11-16 17:23:18,011 - INFO - run_model_tuner - ExtraTree Regressor Done.
2021-11-16 17:23:18,011 - INFO - run_model_tuner - Running XGBoost...
2021-11-16 17:23:19,463 - INFO - run_model_tuner - XGBoost Done.
2021-11-16 17:23:19,464 - INFO - run_model_tuner - Running SVR...
2021-11-16 17:23:20,143 - INFO - run_model_tuner - SVR Done.
2021-11-16 17:23:20,143 - INFO - run_model_tuner - Running Kenighbours Regressor...
2021-11-16 17:23:20,521 - INFO - run_model_tuner - Kenighbours Regressor Done.
2021-11-16 17:23:20,522 - INFO - run_model_tuner - Calculating test score and loss for all model...
2021-11-16 17:23:20,639 - INFO - run_model_tuner - Calculating test score and loss for all model Done.
2021-11-16 17:23:20,639 - INFO - run_model_tuner - Saving result dataframe to disk...
2021-11-16 17:23:20,647 - INFO - run_model_tuner - Saving result dataframe to disk Done.
2021-11-16 17:25:47,303 - INFO - __init__ - Model tuner initialized. --------------------------------------------------
2021-11-16 17:25:47,303 - INFO - run_model_tuner - Model Tuner Started...
2021-11-16 17:25:47,303 - INFO - run_model_tuner - Running all model from model finder class to train data and find best model...
2021-11-16 17:25:47,303 - INFO - run_model_tuner - Running Linear Regression...
2021-11-16 17:25:47,308 - INFO - run_model_tuner - Linear Regression Done.
2021-11-16 17:25:47,308 - INFO - run_model_tuner - Running Ridge regression...
2021-11-16 17:25:47,791 - INFO - run_model_tuner - Ridge regression Done.
2021-11-16 17:25:47,791 - INFO - run_model_tuner - Running Lasso regression...
2021-11-16 17:25:51,408 - INFO - run_model_tuner - Lasso regression Done.
2021-11-16 17:25:51,409 - INFO - run_model_tuner - Running Elastic Net regression...
2021-11-16 17:25:51,710 - INFO - run_model_tuner - Elastic Net regression Done.
2021-11-16 17:25:51,710 - INFO - run_model_tuner - Running Decision Tree...
2021-11-16 17:25:51,936 - INFO - run_model_tuner - Decision Tree Done.
2021-11-16 17:25:51,936 - INFO - run_model_tuner - Running Random Forest...
2021-11-16 17:25:55,661 - INFO - run_model_tuner - Random Forest Done.
2021-11-16 17:25:55,662 - INFO - run_model_tuner - Running Gradient Boosting...
2021-11-16 17:25:55,981 - INFO - run_model_tuner - Gradient Boosting Done.
2021-11-16 17:25:55,982 - INFO - run_model_tuner - Running AdaBoost...
2021-11-16 17:25:57,065 - INFO - run_model_tuner - AdaBoost Done.
2021-11-16 17:25:57,065 - INFO - run_model_tuner - Running ExtraTree Regressor...
2021-11-16 17:25:59,403 - INFO - run_model_tuner - ExtraTree Regressor Done.
2021-11-16 17:25:59,403 - INFO - run_model_tuner - Running XGBoost...
2021-11-16 17:26:00,349 - INFO - run_model_tuner - XGBoost Done.
2021-11-16 17:26:00,349 - INFO - run_model_tuner - Running SVR...
2021-11-16 17:26:01,034 - INFO - run_model_tuner - SVR Done.
2021-11-16 17:26:01,035 - INFO - run_model_tuner - Running Kenighbours Regressor...
2021-11-16 17:26:01,393 - INFO - run_model_tuner - Kenighbours Regressor Done.
2021-11-16 17:26:01,394 - INFO - run_model_tuner - Calculating test score and loss for all model...
2021-11-16 17:26:01,507 - INFO - run_model_tuner - Calculating test score and loss for all model Done.
2021-11-16 17:26:01,507 - INFO - run_model_tuner - Saving result dataframe to disk...
2021-11-16 17:26:01,512 - INFO - run_model_tuner - Saving result dataframe to disk Done.
2021-11-16 17:26:01,524 - INFO - __init__ - Model tuner initialized. --------------------------------------------------
2021-11-16 17:26:01,524 - INFO - __init__ - Model tuner initialized. --------------------------------------------------
2021-11-16 17:26:01,524 - INFO - run_model_tuner - Model Tuner Started...
2021-11-16 17:26:01,524 - INFO - run_model_tuner - Model Tuner Started...
2021-11-16 17:26:01,524 - INFO - run_model_tuner - Running all model from model finder class to train data and find best model...
2021-11-16 17:26:01,524 - INFO - run_model_tuner - Running all model from model finder class to train data and find best model...
2021-11-16 17:26:01,525 - INFO - run_model_tuner - Running Linear Regression...
2021-11-16 17:26:01,525 - INFO - run_model_tuner - Running Linear Regression...
2021-11-16 17:26:01,529 - INFO - run_model_tuner - Linear Regression Done.
2021-11-16 17:26:01,529 - INFO - run_model_tuner - Linear Regression Done.
2021-11-16 17:26:01,529 - INFO - run_model_tuner - Running Ridge regression...
2021-11-16 17:26:01,529 - INFO - run_model_tuner - Running Ridge regression...
2021-11-16 17:26:01,904 - INFO - run_model_tuner - Ridge regression Done.
2021-11-16 17:26:01,904 - INFO - run_model_tuner - Ridge regression Done.
2021-11-16 17:26:01,904 - INFO - run_model_tuner - Running Lasso regression...
2021-11-16 17:26:01,904 - INFO - run_model_tuner - Running Lasso regression...
2021-11-16 17:26:05,153 - INFO - run_model_tuner - Lasso regression Done.
2021-11-16 17:26:05,153 - INFO - run_model_tuner - Lasso regression Done.
2021-11-16 17:26:05,153 - INFO - run_model_tuner - Running Elastic Net regression...
2021-11-16 17:26:05,153 - INFO - run_model_tuner - Running Elastic Net regression...
2021-11-16 17:26:05,369 - INFO - run_model_tuner - Elastic Net regression Done.
2021-11-16 17:26:05,369 - INFO - run_model_tuner - Elastic Net regression Done.
2021-11-16 17:26:05,372 - INFO - run_model_tuner - Running Decision Tree...
2021-11-16 17:26:05,372 - INFO - run_model_tuner - Running Decision Tree...
2021-11-16 17:26:05,586 - INFO - run_model_tuner - Decision Tree Done.
2021-11-16 17:26:05,586 - INFO - run_model_tuner - Decision Tree Done.
2021-11-16 17:26:05,586 - INFO - run_model_tuner - Running Random Forest...
2021-11-16 17:26:05,586 - INFO - run_model_tuner - Running Random Forest...
2021-11-16 17:26:09,390 - INFO - run_model_tuner - Random Forest Done.
2021-11-16 17:26:09,390 - INFO - run_model_tuner - Random Forest Done.
2021-11-16 17:26:09,390 - INFO - run_model_tuner - Running Gradient Boosting...
2021-11-16 17:26:09,390 - INFO - run_model_tuner - Running Gradient Boosting...
2021-11-16 17:26:09,716 - INFO - run_model_tuner - Gradient Boosting Done.
2021-11-16 17:26:09,716 - INFO - run_model_tuner - Gradient Boosting Done.
2021-11-16 17:26:09,717 - INFO - run_model_tuner - Running AdaBoost...
2021-11-16 17:26:09,717 - INFO - run_model_tuner - Running AdaBoost...
2021-11-16 17:26:10,837 - INFO - run_model_tuner - AdaBoost Done.
2021-11-16 17:26:10,837 - INFO - run_model_tuner - AdaBoost Done.
2021-11-16 17:26:10,838 - INFO - run_model_tuner - Running ExtraTree Regressor...
2021-11-16 17:26:10,838 - INFO - run_model_tuner - Running ExtraTree Regressor...
2021-11-16 17:26:13,160 - INFO - run_model_tuner - ExtraTree Regressor Done.
2021-11-16 17:26:13,160 - INFO - run_model_tuner - ExtraTree Regressor Done.
2021-11-16 17:26:13,160 - INFO - run_model_tuner - Running XGBoost...
2021-11-16 17:26:13,160 - INFO - run_model_tuner - Running XGBoost...
2021-11-16 17:26:14,188 - INFO - run_model_tuner - XGBoost Done.
2021-11-16 17:26:14,188 - INFO - run_model_tuner - XGBoost Done.
2021-11-16 17:26:14,188 - INFO - run_model_tuner - Running SVR...
2021-11-16 17:26:14,188 - INFO - run_model_tuner - Running SVR...
2021-11-16 17:26:14,779 - INFO - run_model_tuner - SVR Done.
2021-11-16 17:26:14,779 - INFO - run_model_tuner - SVR Done.
2021-11-16 17:26:14,780 - INFO - run_model_tuner - Running Kenighbours Regressor...
2021-11-16 17:26:14,780 - INFO - run_model_tuner - Running Kenighbours Regressor...
2021-11-16 17:26:15,146 - INFO - run_model_tuner - Kenighbours Regressor Done.
2021-11-16 17:26:15,146 - INFO - run_model_tuner - Kenighbours Regressor Done.
2021-11-16 17:26:15,148 - INFO - run_model_tuner - Calculating test score and loss for all model...
2021-11-16 17:26:15,148 - INFO - run_model_tuner - Calculating test score and loss for all model...
2021-11-16 17:26:15,263 - INFO - run_model_tuner - Calculating test score and loss for all model Done.
2021-11-16 17:26:15,263 - INFO - run_model_tuner - Calculating test score and loss for all model Done.
2021-11-16 17:26:15,264 - INFO - run_model_tuner - Saving result dataframe to disk...
2021-11-16 17:26:15,264 - INFO - run_model_tuner - Saving result dataframe to disk...
2021-11-16 17:26:15,267 - INFO - run_model_tuner - Saving result dataframe to disk Done.
2021-11-16 17:26:15,267 - INFO - run_model_tuner - Saving result dataframe to disk Done.
2021-11-16 17:26:15,371 - INFO - __init__ - Model tuner initialized. --------------------------------------------------
2021-11-16 17:26:15,371 - INFO - __init__ - Model tuner initialized. --------------------------------------------------
2021-11-16 17:26:15,371 - INFO - __init__ - Model tuner initialized. --------------------------------------------------
2021-11-16 17:26:15,372 - INFO - run_model_tuner - Model Tuner Started...
2021-11-16 17:26:15,372 - INFO - run_model_tuner - Model Tuner Started...
2021-11-16 17:26:15,372 - INFO - run_model_tuner - Model Tuner Started...
2021-11-16 17:26:15,372 - INFO - run_model_tuner - Running all model from model finder class to train data and find best model...
2021-11-16 17:26:15,372 - INFO - run_model_tuner - Running all model from model finder class to train data and find best model...
2021-11-16 17:26:15,372 - INFO - run_model_tuner - Running all model from model finder class to train data and find best model...
2021-11-16 17:26:15,372 - INFO - run_model_tuner - Running Linear Regression...
2021-11-16 17:26:15,372 - INFO - run_model_tuner - Running Linear Regression...
2021-11-16 17:26:15,372 - INFO - run_model_tuner - Running Linear Regression...
2021-11-16 17:26:15,377 - INFO - run_model_tuner - Linear Regression Done.
2021-11-16 17:26:15,377 - INFO - run_model_tuner - Linear Regression Done.
2021-11-16 17:26:15,377 - INFO - run_model_tuner - Linear Regression Done.
2021-11-16 17:26:15,377 - INFO - run_model_tuner - Running Ridge regression...
2021-11-16 17:26:15,377 - INFO - run_model_tuner - Running Ridge regression...
2021-11-16 17:26:15,377 - INFO - run_model_tuner - Running Ridge regression...
2021-11-16 17:26:15,741 - INFO - run_model_tuner - Ridge regression Done.
2021-11-16 17:26:15,741 - INFO - run_model_tuner - Ridge regression Done.
2021-11-16 17:26:15,741 - INFO - run_model_tuner - Ridge regression Done.
2021-11-16 17:26:15,742 - INFO - run_model_tuner - Running Lasso regression...
2021-11-16 17:26:15,742 - INFO - run_model_tuner - Running Lasso regression...
2021-11-16 17:26:15,742 - INFO - run_model_tuner - Running Lasso regression...
2021-11-16 17:26:19,042 - INFO - run_model_tuner - Lasso regression Done.
2021-11-16 17:26:19,042 - INFO - run_model_tuner - Lasso regression Done.
2021-11-16 17:26:19,042 - INFO - run_model_tuner - Lasso regression Done.
2021-11-16 17:26:19,042 - INFO - run_model_tuner - Running Elastic Net regression...
2021-11-16 17:26:19,042 - INFO - run_model_tuner - Running Elastic Net regression...
2021-11-16 17:26:19,042 - INFO - run_model_tuner - Running Elastic Net regression...
2021-11-16 17:26:19,253 - INFO - run_model_tuner - Elastic Net regression Done.
2021-11-16 17:26:19,253 - INFO - run_model_tuner - Elastic Net regression Done.
2021-11-16 17:26:19,253 - INFO - run_model_tuner - Elastic Net regression Done.
2021-11-16 17:26:19,254 - INFO - run_model_tuner - Running Decision Tree...
2021-11-16 17:26:19,254 - INFO - run_model_tuner - Running Decision Tree...
2021-11-16 17:26:19,254 - INFO - run_model_tuner - Running Decision Tree...
2021-11-16 17:26:19,466 - INFO - run_model_tuner - Decision Tree Done.
2021-11-16 17:26:19,466 - INFO - run_model_tuner - Decision Tree Done.
2021-11-16 17:26:19,466 - INFO - run_model_tuner - Decision Tree Done.
2021-11-16 17:26:19,466 - INFO - run_model_tuner - Running Random Forest...
2021-11-16 17:26:19,466 - INFO - run_model_tuner - Running Random Forest...
2021-11-16 17:26:19,466 - INFO - run_model_tuner - Running Random Forest...
2021-11-16 17:26:22,973 - INFO - run_model_tuner - Random Forest Done.
2021-11-16 17:26:22,973 - INFO - run_model_tuner - Random Forest Done.
2021-11-16 17:26:22,973 - INFO - run_model_tuner - Random Forest Done.
2021-11-16 17:26:22,973 - INFO - run_model_tuner - Running Gradient Boosting...
2021-11-16 17:26:22,973 - INFO - run_model_tuner - Running Gradient Boosting...
2021-11-16 17:26:22,973 - INFO - run_model_tuner - Running Gradient Boosting...
2021-11-16 17:26:23,286 - INFO - run_model_tuner - Gradient Boosting Done.
2021-11-16 17:26:23,286 - INFO - run_model_tuner - Gradient Boosting Done.
2021-11-16 17:26:23,286 - INFO - run_model_tuner - Gradient Boosting Done.
2021-11-16 17:26:23,286 - INFO - run_model_tuner - Running AdaBoost...
2021-11-16 17:26:23,286 - INFO - run_model_tuner - Running AdaBoost...
2021-11-16 17:26:23,286 - INFO - run_model_tuner - Running AdaBoost...
2021-11-16 17:26:24,214 - INFO - run_model_tuner - AdaBoost Done.
2021-11-16 17:26:24,214 - INFO - run_model_tuner - AdaBoost Done.
2021-11-16 17:26:24,214 - INFO - run_model_tuner - AdaBoost Done.
2021-11-16 17:26:24,214 - INFO - run_model_tuner - Running ExtraTree Regressor...
2021-11-16 17:26:24,214 - INFO - run_model_tuner - Running ExtraTree Regressor...
2021-11-16 17:26:24,214 - INFO - run_model_tuner - Running ExtraTree Regressor...
2021-11-16 17:26:26,588 - INFO - run_model_tuner - ExtraTree Regressor Done.
2021-11-16 17:26:26,588 - INFO - run_model_tuner - ExtraTree Regressor Done.
2021-11-16 17:26:26,588 - INFO - run_model_tuner - ExtraTree Regressor Done.
2021-11-16 17:26:26,589 - INFO - run_model_tuner - Running XGBoost...
2021-11-16 17:26:26,589 - INFO - run_model_tuner - Running XGBoost...
2021-11-16 17:26:26,589 - INFO - run_model_tuner - Running XGBoost...
2021-11-16 17:26:27,671 - INFO - run_model_tuner - XGBoost Done.
2021-11-16 17:26:27,671 - INFO - run_model_tuner - XGBoost Done.
2021-11-16 17:26:27,671 - INFO - run_model_tuner - XGBoost Done.
2021-11-16 17:26:27,672 - INFO - run_model_tuner - Running SVR...
2021-11-16 17:26:27,672 - INFO - run_model_tuner - Running SVR...
2021-11-16 17:26:27,672 - INFO - run_model_tuner - Running SVR...
2021-11-16 17:26:28,301 - INFO - run_model_tuner - SVR Done.
2021-11-16 17:26:28,301 - INFO - run_model_tuner - SVR Done.
2021-11-16 17:26:28,301 - INFO - run_model_tuner - SVR Done.
2021-11-16 17:26:28,302 - INFO - run_model_tuner - Running Kenighbours Regressor...
2021-11-16 17:26:28,302 - INFO - run_model_tuner - Running Kenighbours Regressor...
2021-11-16 17:26:28,302 - INFO - run_model_tuner - Running Kenighbours Regressor...
2021-11-16 17:26:28,697 - INFO - run_model_tuner - Kenighbours Regressor Done.
2021-11-16 17:26:28,697 - INFO - run_model_tuner - Kenighbours Regressor Done.
2021-11-16 17:26:28,697 - INFO - run_model_tuner - Kenighbours Regressor Done.
2021-11-16 17:26:28,698 - INFO - run_model_tuner - Calculating test score and loss for all model...
2021-11-16 17:26:28,698 - INFO - run_model_tuner - Calculating test score and loss for all model...
2021-11-16 17:26:28,698 - INFO - run_model_tuner - Calculating test score and loss for all model...
2021-11-16 17:26:28,804 - INFO - run_model_tuner - Calculating test score and loss for all model Done.
2021-11-16 17:26:28,804 - INFO - run_model_tuner - Calculating test score and loss for all model Done.
2021-11-16 17:26:28,804 - INFO - run_model_tuner - Calculating test score and loss for all model Done.
2021-11-16 17:26:28,805 - INFO - run_model_tuner - Saving result dataframe to disk...
2021-11-16 17:26:28,805 - INFO - run_model_tuner - Saving result dataframe to disk...
2021-11-16 17:26:28,805 - INFO - run_model_tuner - Saving result dataframe to disk...
2021-11-16 17:26:28,809 - INFO - run_model_tuner - Saving result dataframe to disk Done.
2021-11-16 17:26:28,809 - INFO - run_model_tuner - Saving result dataframe to disk Done.
2021-11-16 17:26:28,809 - INFO - run_model_tuner - Saving result dataframe to disk Done.
2021-11-16 17:26:28,850 - INFO - __init__ - Model tuner initialized. --------------------------------------------------
2021-11-16 17:26:28,850 - INFO - __init__ - Model tuner initialized. --------------------------------------------------
2021-11-16 17:26:28,850 - INFO - __init__ - Model tuner initialized. --------------------------------------------------
2021-11-16 17:26:28,850 - INFO - __init__ - Model tuner initialized. --------------------------------------------------
2021-11-16 17:26:28,851 - INFO - run_model_tuner - Model Tuner Started...
2021-11-16 17:26:28,851 - INFO - run_model_tuner - Model Tuner Started...
2021-11-16 17:26:28,851 - INFO - run_model_tuner - Model Tuner Started...
2021-11-16 17:26:28,851 - INFO - run_model_tuner - Model Tuner Started...
2021-11-16 17:26:28,851 - INFO - run_model_tuner - Running all model from model finder class to train data and find best model...
2021-11-16 17:26:28,851 - INFO - run_model_tuner - Running all model from model finder class to train data and find best model...
2021-11-16 17:26:28,851 - INFO - run_model_tuner - Running all model from model finder class to train data and find best model...
2021-11-16 17:26:28,851 - INFO - run_model_tuner - Running all model from model finder class to train data and find best model...
2021-11-16 17:26:28,852 - INFO - run_model_tuner - Running Linear Regression...
2021-11-16 17:26:28,852 - INFO - run_model_tuner - Running Linear Regression...
2021-11-16 17:26:28,852 - INFO - run_model_tuner - Running Linear Regression...
2021-11-16 17:26:28,852 - INFO - run_model_tuner - Running Linear Regression...
2021-11-16 17:26:28,857 - INFO - run_model_tuner - Linear Regression Done.
2021-11-16 17:26:28,857 - INFO - run_model_tuner - Linear Regression Done.
2021-11-16 17:26:28,857 - INFO - run_model_tuner - Linear Regression Done.
2021-11-16 17:26:28,857 - INFO - run_model_tuner - Linear Regression Done.
2021-11-16 17:26:28,857 - INFO - run_model_tuner - Running Ridge regression...
2021-11-16 17:26:28,857 - INFO - run_model_tuner - Running Ridge regression...
2021-11-16 17:26:28,857 - INFO - run_model_tuner - Running Ridge regression...
2021-11-16 17:26:28,857 - INFO - run_model_tuner - Running Ridge regression...
2021-11-16 17:26:29,194 - INFO - run_model_tuner - Ridge regression Done.
2021-11-16 17:26:29,194 - INFO - run_model_tuner - Ridge regression Done.
2021-11-16 17:26:29,194 - INFO - run_model_tuner - Ridge regression Done.
2021-11-16 17:26:29,194 - INFO - run_model_tuner - Ridge regression Done.
2021-11-16 17:26:29,194 - INFO - run_model_tuner - Running Lasso regression...
2021-11-16 17:26:29,194 - INFO - run_model_tuner - Running Lasso regression...
2021-11-16 17:26:29,194 - INFO - run_model_tuner - Running Lasso regression...
2021-11-16 17:26:29,194 - INFO - run_model_tuner - Running Lasso regression...
2021-11-16 17:26:32,221 - INFO - run_model_tuner - Lasso regression Done.
2021-11-16 17:26:32,221 - INFO - run_model_tuner - Lasso regression Done.
2021-11-16 17:26:32,221 - INFO - run_model_tuner - Lasso regression Done.
2021-11-16 17:26:32,221 - INFO - run_model_tuner - Lasso regression Done.
2021-11-16 17:26:32,221 - INFO - run_model_tuner - Running Elastic Net regression...
2021-11-16 17:26:32,221 - INFO - run_model_tuner - Running Elastic Net regression...
2021-11-16 17:26:32,221 - INFO - run_model_tuner - Running Elastic Net regression...
2021-11-16 17:26:32,221 - INFO - run_model_tuner - Running Elastic Net regression...
2021-11-16 17:26:32,425 - INFO - run_model_tuner - Elastic Net regression Done.
2021-11-16 17:26:32,425 - INFO - run_model_tuner - Elastic Net regression Done.
2021-11-16 17:26:32,425 - INFO - run_model_tuner - Elastic Net regression Done.
2021-11-16 17:26:32,425 - INFO - run_model_tuner - Elastic Net regression Done.
2021-11-16 17:26:32,426 - INFO - run_model_tuner - Running Decision Tree...
2021-11-16 17:26:32,426 - INFO - run_model_tuner - Running Decision Tree...
2021-11-16 17:26:32,426 - INFO - run_model_tuner - Running Decision Tree...
2021-11-16 17:26:32,426 - INFO - run_model_tuner - Running Decision Tree...
2021-11-16 17:26:32,665 - INFO - run_model_tuner - Decision Tree Done.
2021-11-16 17:26:32,665 - INFO - run_model_tuner - Decision Tree Done.
2021-11-16 17:26:32,665 - INFO - run_model_tuner - Decision Tree Done.
2021-11-16 17:26:32,665 - INFO - run_model_tuner - Decision Tree Done.
2021-11-16 17:26:32,666 - INFO - run_model_tuner - Running Random Forest...
2021-11-16 17:26:32,666 - INFO - run_model_tuner - Running Random Forest...
2021-11-16 17:26:32,666 - INFO - run_model_tuner - Running Random Forest...
2021-11-16 17:26:32,666 - INFO - run_model_tuner - Running Random Forest...
2021-11-16 17:26:36,235 - INFO - run_model_tuner - Random Forest Done.
2021-11-16 17:26:36,235 - INFO - run_model_tuner - Random Forest Done.
2021-11-16 17:26:36,235 - INFO - run_model_tuner - Random Forest Done.
2021-11-16 17:26:36,235 - INFO - run_model_tuner - Random Forest Done.
2021-11-16 17:26:36,235 - INFO - run_model_tuner - Running Gradient Boosting...
2021-11-16 17:26:36,235 - INFO - run_model_tuner - Running Gradient Boosting...
2021-11-16 17:26:36,235 - INFO - run_model_tuner - Running Gradient Boosting...
2021-11-16 17:26:36,235 - INFO - run_model_tuner - Running Gradient Boosting...
2021-11-16 17:26:36,714 - INFO - run_model_tuner - Gradient Boosting Done.
2021-11-16 17:26:36,714 - INFO - run_model_tuner - Gradient Boosting Done.
2021-11-16 17:26:36,714 - INFO - run_model_tuner - Gradient Boosting Done.
2021-11-16 17:26:36,714 - INFO - run_model_tuner - Gradient Boosting Done.
2021-11-16 17:26:36,714 - INFO - run_model_tuner - Running AdaBoost...
2021-11-16 17:26:36,714 - INFO - run_model_tuner - Running AdaBoost...
2021-11-16 17:26:36,714 - INFO - run_model_tuner - Running AdaBoost...
2021-11-16 17:26:36,714 - INFO - run_model_tuner - Running AdaBoost...
2021-11-16 17:26:37,795 - INFO - run_model_tuner - AdaBoost Done.
2021-11-16 17:26:37,795 - INFO - run_model_tuner - AdaBoost Done.
2021-11-16 17:26:37,795 - INFO - run_model_tuner - AdaBoost Done.
2021-11-16 17:26:37,795 - INFO - run_model_tuner - AdaBoost Done.
2021-11-16 17:26:37,795 - INFO - run_model_tuner - Running ExtraTree Regressor...
2021-11-16 17:26:37,795 - INFO - run_model_tuner - Running ExtraTree Regressor...
2021-11-16 17:26:37,795 - INFO - run_model_tuner - Running ExtraTree Regressor...
2021-11-16 17:26:37,795 - INFO - run_model_tuner - Running ExtraTree Regressor...
2021-11-16 17:26:39,829 - INFO - run_model_tuner - ExtraTree Regressor Done.
2021-11-16 17:26:39,829 - INFO - run_model_tuner - ExtraTree Regressor Done.
2021-11-16 17:26:39,829 - INFO - run_model_tuner - ExtraTree Regressor Done.
2021-11-16 17:26:39,829 - INFO - run_model_tuner - ExtraTree Regressor Done.
2021-11-16 17:26:39,829 - INFO - run_model_tuner - Running XGBoost...
2021-11-16 17:26:39,829 - INFO - run_model_tuner - Running XGBoost...
2021-11-16 17:26:39,829 - INFO - run_model_tuner - Running XGBoost...
2021-11-16 17:26:39,829 - INFO - run_model_tuner - Running XGBoost...
2021-11-16 17:26:40,751 - INFO - run_model_tuner - XGBoost Done.
2021-11-16 17:26:40,751 - INFO - run_model_tuner - XGBoost Done.
2021-11-16 17:26:40,751 - INFO - run_model_tuner - XGBoost Done.
2021-11-16 17:26:40,751 - INFO - run_model_tuner - XGBoost Done.
2021-11-16 17:26:40,752 - INFO - run_model_tuner - Running SVR...
2021-11-16 17:26:40,752 - INFO - run_model_tuner - Running SVR...
2021-11-16 17:26:40,752 - INFO - run_model_tuner - Running SVR...
2021-11-16 17:26:40,752 - INFO - run_model_tuner - Running SVR...
2021-11-16 17:26:41,376 - INFO - run_model_tuner - SVR Done.
2021-11-16 17:26:41,376 - INFO - run_model_tuner - SVR Done.
2021-11-16 17:26:41,376 - INFO - run_model_tuner - SVR Done.
2021-11-16 17:26:41,376 - INFO - run_model_tuner - SVR Done.
2021-11-16 17:26:41,376 - INFO - run_model_tuner - Running Kenighbours Regressor...
2021-11-16 17:26:41,376 - INFO - run_model_tuner - Running Kenighbours Regressor...
2021-11-16 17:26:41,376 - INFO - run_model_tuner - Running Kenighbours Regressor...
2021-11-16 17:26:41,376 - INFO - run_model_tuner - Running Kenighbours Regressor...
2021-11-16 17:26:41,738 - INFO - run_model_tuner - Kenighbours Regressor Done.
2021-11-16 17:26:41,738 - INFO - run_model_tuner - Kenighbours Regressor Done.
2021-11-16 17:26:41,738 - INFO - run_model_tuner - Kenighbours Regressor Done.
2021-11-16 17:26:41,738 - INFO - run_model_tuner - Kenighbours Regressor Done.
2021-11-16 17:26:41,745 - INFO - run_model_tuner - Calculating test score and loss for all model...
2021-11-16 17:26:41,745 - INFO - run_model_tuner - Calculating test score and loss for all model...
2021-11-16 17:26:41,745 - INFO - run_model_tuner - Calculating test score and loss for all model...
2021-11-16 17:26:41,745 - INFO - run_model_tuner - Calculating test score and loss for all model...
2021-11-16 17:26:41,851 - INFO - run_model_tuner - Calculating test score and loss for all model Done.
2021-11-16 17:26:41,851 - INFO - run_model_tuner - Calculating test score and loss for all model Done.
2021-11-16 17:26:41,851 - INFO - run_model_tuner - Calculating test score and loss for all model Done.
2021-11-16 17:26:41,851 - INFO - run_model_tuner - Calculating test score and loss for all model Done.
2021-11-16 17:26:41,852 - INFO - run_model_tuner - Saving result dataframe to disk...
2021-11-16 17:26:41,852 - INFO - run_model_tuner - Saving result dataframe to disk...
2021-11-16 17:26:41,852 - INFO - run_model_tuner - Saving result dataframe to disk...
2021-11-16 17:26:41,852 - INFO - run_model_tuner - Saving result dataframe to disk...
2021-11-16 17:26:41,856 - INFO - run_model_tuner - Saving result dataframe to disk Done.
2021-11-16 17:26:41,856 - INFO - run_model_tuner - Saving result dataframe to disk Done.
2021-11-16 17:26:41,856 - INFO - run_model_tuner - Saving result dataframe to disk Done.
2021-11-16 17:26:41,856 - INFO - run_model_tuner - Saving result dataframe to disk Done.
2021-11-16 17:29:48,223 - INFO - __init__ - Model tuner initialized. --------------------------------------------------
2021-11-16 17:29:48,223 - INFO - run_model_tuner - Model Tuner Started...
2021-11-16 17:29:48,223 - INFO - run_model_tuner - Running all model from model finder class to train data and find best model...
2021-11-16 17:29:48,223 - INFO - run_model_tuner - Running Linear Regression...
2021-11-16 17:29:48,228 - INFO - run_model_tuner - Linear Regression Done.
2021-11-16 17:29:48,228 - INFO - run_model_tuner - Running Ridge regression...
2021-11-16 17:29:48,632 - INFO - run_model_tuner - Ridge regression Done.
2021-11-16 17:29:48,632 - INFO - run_model_tuner - Running Lasso regression...
2021-11-16 17:29:51,998 - INFO - run_model_tuner - Lasso regression Done.
2021-11-16 17:29:51,998 - INFO - run_model_tuner - Running Elastic Net regression...
2021-11-16 17:29:52,294 - INFO - run_model_tuner - Elastic Net regression Done.
2021-11-16 17:29:52,294 - INFO - run_model_tuner - Running Decision Tree...
2021-11-16 17:29:52,511 - INFO - run_model_tuner - Decision Tree Done.
2021-11-16 17:29:52,512 - INFO - run_model_tuner - Running Random Forest...
2021-11-16 17:29:56,557 - INFO - run_model_tuner - Random Forest Done.
2021-11-16 17:29:56,557 - INFO - run_model_tuner - Running Gradient Boosting...
2021-11-16 17:29:56,900 - INFO - run_model_tuner - Gradient Boosting Done.
2021-11-16 17:29:56,900 - INFO - run_model_tuner - Running AdaBoost...
2021-11-16 17:29:58,185 - INFO - run_model_tuner - AdaBoost Done.
2021-11-16 17:29:58,185 - INFO - run_model_tuner - Running ExtraTree Regressor...
2021-11-16 17:30:00,565 - INFO - run_model_tuner - ExtraTree Regressor Done.
2021-11-16 17:30:00,565 - INFO - run_model_tuner - Running XGBoost...
2021-11-16 17:30:01,668 - INFO - run_model_tuner - XGBoost Done.
2021-11-16 17:30:01,668 - INFO - run_model_tuner - Running SVR...
2021-11-16 17:30:02,325 - INFO - run_model_tuner - SVR Done.
2021-11-16 17:30:02,325 - INFO - run_model_tuner - Running Kenighbours Regressor...
2021-11-16 17:30:02,732 - INFO - run_model_tuner - Kenighbours Regressor Done.
2021-11-16 17:30:02,733 - INFO - run_model_tuner - Calculating test score and loss for all model...
2021-11-16 17:30:02,846 - INFO - run_model_tuner - Calculating test score and loss for all model Done.
2021-11-16 17:30:02,846 - INFO - run_model_tuner - Saving result dataframe to disk...
2021-11-16 17:30:02,852 - INFO - run_model_tuner - Saving result dataframe to disk Done.
2021-11-16 17:30:02,887 - INFO - __init__ - Model tuner initialized. --------------------------------------------------
2021-11-16 17:30:02,887 - INFO - __init__ - Model tuner initialized. --------------------------------------------------
2021-11-16 17:30:02,887 - INFO - run_model_tuner - Model Tuner Started...
2021-11-16 17:30:02,887 - INFO - run_model_tuner - Model Tuner Started...
2021-11-16 17:30:02,888 - INFO - run_model_tuner - Running all model from model finder class to train data and find best model...
2021-11-16 17:30:02,888 - INFO - run_model_tuner - Running all model from model finder class to train data and find best model...
2021-11-16 17:30:02,888 - INFO - run_model_tuner - Running Linear Regression...
2021-11-16 17:30:02,888 - INFO - run_model_tuner - Running Linear Regression...
2021-11-16 17:30:02,893 - INFO - run_model_tuner - Linear Regression Done.
2021-11-16 17:30:02,893 - INFO - run_model_tuner - Linear Regression Done.
2021-11-16 17:30:02,893 - INFO - run_model_tuner - Running Ridge regression...
2021-11-16 17:30:02,893 - INFO - run_model_tuner - Running Ridge regression...
2021-11-16 17:30:03,327 - INFO - run_model_tuner - Ridge regression Done.
2021-11-16 17:30:03,327 - INFO - run_model_tuner - Ridge regression Done.
2021-11-16 17:30:03,327 - INFO - run_model_tuner - Running Lasso regression...
2021-11-16 17:30:03,327 - INFO - run_model_tuner - Running Lasso regression...
2021-11-16 17:30:06,772 - INFO - run_model_tuner - Lasso regression Done.
2021-11-16 17:30:06,772 - INFO - run_model_tuner - Lasso regression Done.
2021-11-16 17:30:06,773 - INFO - run_model_tuner - Running Elastic Net regression...
2021-11-16 17:30:06,773 - INFO - run_model_tuner - Running Elastic Net regression...
2021-11-16 17:30:06,982 - INFO - run_model_tuner - Elastic Net regression Done.
2021-11-16 17:30:06,982 - INFO - run_model_tuner - Elastic Net regression Done.
2021-11-16 17:30:06,982 - INFO - run_model_tuner - Running Decision Tree...
2021-11-16 17:30:06,982 - INFO - run_model_tuner - Running Decision Tree...
2021-11-16 17:30:07,193 - INFO - run_model_tuner - Decision Tree Done.
2021-11-16 17:30:07,193 - INFO - run_model_tuner - Decision Tree Done.
2021-11-16 17:30:07,193 - INFO - run_model_tuner - Running Random Forest...
2021-11-16 17:30:07,193 - INFO - run_model_tuner - Running Random Forest...
2021-11-16 17:30:11,161 - INFO - run_model_tuner - Random Forest Done.
2021-11-16 17:30:11,161 - INFO - run_model_tuner - Random Forest Done.
2021-11-16 17:30:11,162 - INFO - run_model_tuner - Running Gradient Boosting...
2021-11-16 17:30:11,162 - INFO - run_model_tuner - Running Gradient Boosting...
2021-11-16 17:30:11,488 - INFO - run_model_tuner - Gradient Boosting Done.
2021-11-16 17:30:11,488 - INFO - run_model_tuner - Gradient Boosting Done.
2021-11-16 17:30:11,488 - INFO - run_model_tuner - Running AdaBoost...
2021-11-16 17:30:11,488 - INFO - run_model_tuner - Running AdaBoost...
2021-11-16 17:30:12,656 - INFO - run_model_tuner - AdaBoost Done.
2021-11-16 17:30:12,656 - INFO - run_model_tuner - AdaBoost Done.
2021-11-16 17:30:12,657 - INFO - run_model_tuner - Running ExtraTree Regressor...
2021-11-16 17:30:12,657 - INFO - run_model_tuner - Running ExtraTree Regressor...
2021-11-16 17:30:15,017 - INFO - run_model_tuner - ExtraTree Regressor Done.
2021-11-16 17:30:15,017 - INFO - run_model_tuner - ExtraTree Regressor Done.
2021-11-16 17:30:15,017 - INFO - run_model_tuner - Running XGBoost...
2021-11-16 17:30:15,017 - INFO - run_model_tuner - Running XGBoost...
2021-11-16 17:30:15,982 - INFO - run_model_tuner - XGBoost Done.
2021-11-16 17:30:15,982 - INFO - run_model_tuner - XGBoost Done.
2021-11-16 17:30:15,982 - INFO - run_model_tuner - Running SVR...
2021-11-16 17:30:15,982 - INFO - run_model_tuner - Running SVR...
2021-11-16 17:30:16,601 - INFO - run_model_tuner - SVR Done.
2021-11-16 17:30:16,601 - INFO - run_model_tuner - SVR Done.
2021-11-16 17:30:16,601 - INFO - run_model_tuner - Running Kenighbours Regressor...
2021-11-16 17:30:16,601 - INFO - run_model_tuner - Running Kenighbours Regressor...
2021-11-16 17:30:16,950 - INFO - run_model_tuner - Kenighbours Regressor Done.
2021-11-16 17:30:16,950 - INFO - run_model_tuner - Kenighbours Regressor Done.
2021-11-16 17:30:16,951 - INFO - run_model_tuner - Calculating test score and loss for all model...
2021-11-16 17:30:16,951 - INFO - run_model_tuner - Calculating test score and loss for all model...
2021-11-16 17:30:17,064 - INFO - run_model_tuner - Calculating test score and loss for all model Done.
2021-11-16 17:30:17,064 - INFO - run_model_tuner - Calculating test score and loss for all model Done.
2021-11-16 17:30:17,064 - INFO - run_model_tuner - Saving result dataframe to disk...
2021-11-16 17:30:17,064 - INFO - run_model_tuner - Saving result dataframe to disk...
2021-11-16 17:30:17,068 - INFO - run_model_tuner - Saving result dataframe to disk Done.
2021-11-16 17:30:17,068 - INFO - run_model_tuner - Saving result dataframe to disk Done.
2021-11-16 17:30:17,099 - INFO - __init__ - Model tuner initialized. --------------------------------------------------
2021-11-16 17:30:17,099 - INFO - __init__ - Model tuner initialized. --------------------------------------------------
2021-11-16 17:30:17,099 - INFO - __init__ - Model tuner initialized. --------------------------------------------------
2021-11-16 17:30:17,099 - INFO - run_model_tuner - Model Tuner Started...
2021-11-16 17:30:17,099 - INFO - run_model_tuner - Model Tuner Started...
2021-11-16 17:30:17,099 - INFO - run_model_tuner - Model Tuner Started...
2021-11-16 17:30:17,099 - INFO - run_model_tuner - Running all model from model finder class to train data and find best model...
2021-11-16 17:30:17,099 - INFO - run_model_tuner - Running all model from model finder class to train data and find best model...
2021-11-16 17:30:17,099 - INFO - run_model_tuner - Running all model from model finder class to train data and find best model...
2021-11-16 17:30:17,100 - INFO - run_model_tuner - Running Linear Regression...
2021-11-16 17:30:17,100 - INFO - run_model_tuner - Running Linear Regression...
2021-11-16 17:30:17,100 - INFO - run_model_tuner - Running Linear Regression...
2021-11-16 17:30:17,107 - INFO - run_model_tuner - Linear Regression Done.
2021-11-16 17:30:17,107 - INFO - run_model_tuner - Linear Regression Done.
2021-11-16 17:30:17,107 - INFO - run_model_tuner - Linear Regression Done.
2021-11-16 17:30:17,108 - INFO - run_model_tuner - Running Ridge regression...
2021-11-16 17:30:17,108 - INFO - run_model_tuner - Running Ridge regression...
2021-11-16 17:30:17,108 - INFO - run_model_tuner - Running Ridge regression...
2021-11-16 17:30:17,447 - INFO - run_model_tuner - Ridge regression Done.
2021-11-16 17:30:17,447 - INFO - run_model_tuner - Ridge regression Done.
2021-11-16 17:30:17,447 - INFO - run_model_tuner - Ridge regression Done.
2021-11-16 17:30:17,447 - INFO - run_model_tuner - Running Lasso regression...
2021-11-16 17:30:17,447 - INFO - run_model_tuner - Running Lasso regression...
2021-11-16 17:30:17,447 - INFO - run_model_tuner - Running Lasso regression...
2021-11-16 17:30:20,664 - INFO - run_model_tuner - Lasso regression Done.
2021-11-16 17:30:20,664 - INFO - run_model_tuner - Lasso regression Done.
2021-11-16 17:30:20,664 - INFO - run_model_tuner - Lasso regression Done.
2021-11-16 17:30:20,664 - INFO - run_model_tuner - Running Elastic Net regression...
2021-11-16 17:30:20,664 - INFO - run_model_tuner - Running Elastic Net regression...
2021-11-16 17:30:20,664 - INFO - run_model_tuner - Running Elastic Net regression...
2021-11-16 17:30:20,877 - INFO - run_model_tuner - Elastic Net regression Done.
2021-11-16 17:30:20,877 - INFO - run_model_tuner - Elastic Net regression Done.
2021-11-16 17:30:20,877 - INFO - run_model_tuner - Elastic Net regression Done.
2021-11-16 17:30:20,878 - INFO - run_model_tuner - Running Decision Tree...
2021-11-16 17:30:20,878 - INFO - run_model_tuner - Running Decision Tree...
2021-11-16 17:30:20,878 - INFO - run_model_tuner - Running Decision Tree...
2021-11-16 17:30:21,114 - INFO - run_model_tuner - Decision Tree Done.
2021-11-16 17:30:21,114 - INFO - run_model_tuner - Decision Tree Done.
2021-11-16 17:30:21,114 - INFO - run_model_tuner - Decision Tree Done.
2021-11-16 17:30:21,114 - INFO - run_model_tuner - Running Random Forest...
2021-11-16 17:30:21,114 - INFO - run_model_tuner - Running Random Forest...
2021-11-16 17:30:21,114 - INFO - run_model_tuner - Running Random Forest...
2021-11-16 17:30:24,627 - INFO - run_model_tuner - Random Forest Done.
2021-11-16 17:30:24,627 - INFO - run_model_tuner - Random Forest Done.
2021-11-16 17:30:24,627 - INFO - run_model_tuner - Random Forest Done.
2021-11-16 17:30:24,627 - INFO - run_model_tuner - Running Gradient Boosting...
2021-11-16 17:30:24,627 - INFO - run_model_tuner - Running Gradient Boosting...
2021-11-16 17:30:24,627 - INFO - run_model_tuner - Running Gradient Boosting...
2021-11-16 17:30:24,967 - INFO - run_model_tuner - Gradient Boosting Done.
2021-11-16 17:30:24,967 - INFO - run_model_tuner - Gradient Boosting Done.
2021-11-16 17:30:24,967 - INFO - run_model_tuner - Gradient Boosting Done.
2021-11-16 17:30:24,968 - INFO - run_model_tuner - Running AdaBoost...
2021-11-16 17:30:24,968 - INFO - run_model_tuner - Running AdaBoost...
2021-11-16 17:30:24,968 - INFO - run_model_tuner - Running AdaBoost...
2021-11-16 17:30:26,056 - INFO - run_model_tuner - AdaBoost Done.
2021-11-16 17:30:26,056 - INFO - run_model_tuner - AdaBoost Done.
2021-11-16 17:30:26,056 - INFO - run_model_tuner - AdaBoost Done.
2021-11-16 17:30:26,057 - INFO - run_model_tuner - Running ExtraTree Regressor...
2021-11-16 17:30:26,057 - INFO - run_model_tuner - Running ExtraTree Regressor...
2021-11-16 17:30:26,057 - INFO - run_model_tuner - Running ExtraTree Regressor...
2021-11-16 17:30:28,410 - INFO - run_model_tuner - ExtraTree Regressor Done.
2021-11-16 17:30:28,410 - INFO - run_model_tuner - ExtraTree Regressor Done.
2021-11-16 17:30:28,410 - INFO - run_model_tuner - ExtraTree Regressor Done.
2021-11-16 17:30:28,411 - INFO - run_model_tuner - Running XGBoost...
2021-11-16 17:30:28,411 - INFO - run_model_tuner - Running XGBoost...
2021-11-16 17:30:28,411 - INFO - run_model_tuner - Running XGBoost...
2021-11-16 17:30:29,294 - INFO - run_model_tuner - XGBoost Done.
2021-11-16 17:30:29,294 - INFO - run_model_tuner - XGBoost Done.
2021-11-16 17:30:29,294 - INFO - run_model_tuner - XGBoost Done.
2021-11-16 17:30:29,295 - INFO - run_model_tuner - Running SVR...
2021-11-16 17:30:29,295 - INFO - run_model_tuner - Running SVR...
2021-11-16 17:30:29,295 - INFO - run_model_tuner - Running SVR...
2021-11-16 17:30:29,897 - INFO - run_model_tuner - SVR Done.
2021-11-16 17:30:29,897 - INFO - run_model_tuner - SVR Done.
2021-11-16 17:30:29,897 - INFO - run_model_tuner - SVR Done.
2021-11-16 17:30:29,897 - INFO - run_model_tuner - Running Kenighbours Regressor...
2021-11-16 17:30:29,897 - INFO - run_model_tuner - Running Kenighbours Regressor...
2021-11-16 17:30:29,897 - INFO - run_model_tuner - Running Kenighbours Regressor...
2021-11-16 17:30:30,416 - INFO - run_model_tuner - Kenighbours Regressor Done.
2021-11-16 17:30:30,416 - INFO - run_model_tuner - Kenighbours Regressor Done.
2021-11-16 17:30:30,416 - INFO - run_model_tuner - Kenighbours Regressor Done.
2021-11-16 17:30:30,417 - INFO - run_model_tuner - Calculating test score and loss for all model...
2021-11-16 17:30:30,417 - INFO - run_model_tuner - Calculating test score and loss for all model...
2021-11-16 17:30:30,417 - INFO - run_model_tuner - Calculating test score and loss for all model...
2021-11-16 17:30:30,533 - INFO - run_model_tuner - Calculating test score and loss for all model Done.
2021-11-16 17:30:30,533 - INFO - run_model_tuner - Calculating test score and loss for all model Done.
2021-11-16 17:30:30,533 - INFO - run_model_tuner - Calculating test score and loss for all model Done.
2021-11-16 17:30:30,534 - INFO - run_model_tuner - Saving result dataframe to disk...
2021-11-16 17:30:30,534 - INFO - run_model_tuner - Saving result dataframe to disk...
2021-11-16 17:30:30,534 - INFO - run_model_tuner - Saving result dataframe to disk...
2021-11-16 17:30:30,537 - INFO - run_model_tuner - Saving result dataframe to disk Done.
2021-11-16 17:30:30,537 - INFO - run_model_tuner - Saving result dataframe to disk Done.
2021-11-16 17:30:30,537 - INFO - run_model_tuner - Saving result dataframe to disk Done.
2021-11-16 17:30:30,636 - INFO - __init__ - Model tuner initialized. --------------------------------------------------
2021-11-16 17:30:30,636 - INFO - __init__ - Model tuner initialized. --------------------------------------------------
2021-11-16 17:30:30,636 - INFO - __init__ - Model tuner initialized. --------------------------------------------------
2021-11-16 17:30:30,636 - INFO - __init__ - Model tuner initialized. --------------------------------------------------
2021-11-16 17:30:30,637 - INFO - run_model_tuner - Model Tuner Started...
2021-11-16 17:30:30,637 - INFO - run_model_tuner - Model Tuner Started...
2021-11-16 17:30:30,637 - INFO - run_model_tuner - Model Tuner Started...
2021-11-16 17:30:30,637 - INFO - run_model_tuner - Model Tuner Started...
2021-11-16 17:30:30,637 - INFO - run_model_tuner - Running all model from model finder class to train data and find best model...
2021-11-16 17:30:30,637 - INFO - run_model_tuner - Running all model from model finder class to train data and find best model...
2021-11-16 17:30:30,637 - INFO - run_model_tuner - Running all model from model finder class to train data and find best model...
2021-11-16 17:30:30,637 - INFO - run_model_tuner - Running all model from model finder class to train data and find best model...
2021-11-16 17:30:30,637 - INFO - run_model_tuner - Running Linear Regression...
2021-11-16 17:30:30,637 - INFO - run_model_tuner - Running Linear Regression...
2021-11-16 17:30:30,637 - INFO - run_model_tuner - Running Linear Regression...
2021-11-16 17:30:30,637 - INFO - run_model_tuner - Running Linear Regression...
2021-11-16 17:30:30,641 - INFO - run_model_tuner - Linear Regression Done.
2021-11-16 17:30:30,641 - INFO - run_model_tuner - Linear Regression Done.
2021-11-16 17:30:30,641 - INFO - run_model_tuner - Linear Regression Done.
2021-11-16 17:30:30,641 - INFO - run_model_tuner - Linear Regression Done.
2021-11-16 17:30:30,642 - INFO - run_model_tuner - Running Ridge regression...
2021-11-16 17:30:30,642 - INFO - run_model_tuner - Running Ridge regression...
2021-11-16 17:30:30,642 - INFO - run_model_tuner - Running Ridge regression...
2021-11-16 17:30:30,642 - INFO - run_model_tuner - Running Ridge regression...
2021-11-16 17:30:30,982 - INFO - run_model_tuner - Ridge regression Done.
2021-11-16 17:30:30,982 - INFO - run_model_tuner - Ridge regression Done.
2021-11-16 17:30:30,982 - INFO - run_model_tuner - Ridge regression Done.
2021-11-16 17:30:30,982 - INFO - run_model_tuner - Ridge regression Done.
2021-11-16 17:30:30,982 - INFO - run_model_tuner - Running Lasso regression...
2021-11-16 17:30:30,982 - INFO - run_model_tuner - Running Lasso regression...
2021-11-16 17:30:30,982 - INFO - run_model_tuner - Running Lasso regression...
2021-11-16 17:30:30,982 - INFO - run_model_tuner - Running Lasso regression...
2021-11-16 17:30:34,137 - INFO - run_model_tuner - Lasso regression Done.
2021-11-16 17:30:34,137 - INFO - run_model_tuner - Lasso regression Done.
2021-11-16 17:30:34,137 - INFO - run_model_tuner - Lasso regression Done.
2021-11-16 17:30:34,137 - INFO - run_model_tuner - Lasso regression Done.
2021-11-16 17:30:34,138 - INFO - run_model_tuner - Running Elastic Net regression...
2021-11-16 17:30:34,138 - INFO - run_model_tuner - Running Elastic Net regression...
2021-11-16 17:30:34,138 - INFO - run_model_tuner - Running Elastic Net regression...
2021-11-16 17:30:34,138 - INFO - run_model_tuner - Running Elastic Net regression...
2021-11-16 17:30:34,391 - INFO - run_model_tuner - Elastic Net regression Done.
2021-11-16 17:30:34,391 - INFO - run_model_tuner - Elastic Net regression Done.
2021-11-16 17:30:34,391 - INFO - run_model_tuner - Elastic Net regression Done.
2021-11-16 17:30:34,391 - INFO - run_model_tuner - Elastic Net regression Done.
2021-11-16 17:30:34,391 - INFO - run_model_tuner - Running Decision Tree...
2021-11-16 17:30:34,391 - INFO - run_model_tuner - Running Decision Tree...
2021-11-16 17:30:34,391 - INFO - run_model_tuner - Running Decision Tree...
2021-11-16 17:30:34,391 - INFO - run_model_tuner - Running Decision Tree...
2021-11-16 17:30:34,601 - INFO - run_model_tuner - Decision Tree Done.
2021-11-16 17:30:34,601 - INFO - run_model_tuner - Decision Tree Done.
2021-11-16 17:30:34,601 - INFO - run_model_tuner - Decision Tree Done.
2021-11-16 17:30:34,601 - INFO - run_model_tuner - Decision Tree Done.
2021-11-16 17:30:34,601 - INFO - run_model_tuner - Running Random Forest...
2021-11-16 17:30:34,601 - INFO - run_model_tuner - Running Random Forest...
2021-11-16 17:30:34,601 - INFO - run_model_tuner - Running Random Forest...
2021-11-16 17:30:34,601 - INFO - run_model_tuner - Running Random Forest...
2021-11-16 17:30:38,141 - INFO - run_model_tuner - Random Forest Done.
2021-11-16 17:30:38,141 - INFO - run_model_tuner - Random Forest Done.
2021-11-16 17:30:38,141 - INFO - run_model_tuner - Random Forest Done.
2021-11-16 17:30:38,141 - INFO - run_model_tuner - Random Forest Done.
2021-11-16 17:30:38,142 - INFO - run_model_tuner - Running Gradient Boosting...
2021-11-16 17:30:38,142 - INFO - run_model_tuner - Running Gradient Boosting...
2021-11-16 17:30:38,142 - INFO - run_model_tuner - Running Gradient Boosting...
2021-11-16 17:30:38,142 - INFO - run_model_tuner - Running Gradient Boosting...
2021-11-16 17:30:38,466 - INFO - run_model_tuner - Gradient Boosting Done.
2021-11-16 17:30:38,466 - INFO - run_model_tuner - Gradient Boosting Done.
2021-11-16 17:30:38,466 - INFO - run_model_tuner - Gradient Boosting Done.
2021-11-16 17:30:38,466 - INFO - run_model_tuner - Gradient Boosting Done.
2021-11-16 17:30:38,466 - INFO - run_model_tuner - Running AdaBoost...
2021-11-16 17:30:38,466 - INFO - run_model_tuner - Running AdaBoost...
2021-11-16 17:30:38,466 - INFO - run_model_tuner - Running AdaBoost...
2021-11-16 17:30:38,466 - INFO - run_model_tuner - Running AdaBoost...
2021-11-16 17:30:39,544 - INFO - run_model_tuner - AdaBoost Done.
2021-11-16 17:30:39,544 - INFO - run_model_tuner - AdaBoost Done.
2021-11-16 17:30:39,544 - INFO - run_model_tuner - AdaBoost Done.
2021-11-16 17:30:39,544 - INFO - run_model_tuner - AdaBoost Done.
2021-11-16 17:30:39,544 - INFO - run_model_tuner - Running ExtraTree Regressor...
2021-11-16 17:30:39,544 - INFO - run_model_tuner - Running ExtraTree Regressor...
2021-11-16 17:30:39,544 - INFO - run_model_tuner - Running ExtraTree Regressor...
2021-11-16 17:30:39,544 - INFO - run_model_tuner - Running ExtraTree Regressor...
2021-11-16 17:30:41,748 - INFO - run_model_tuner - ExtraTree Regressor Done.
2021-11-16 17:30:41,748 - INFO - run_model_tuner - ExtraTree Regressor Done.
2021-11-16 17:30:41,748 - INFO - run_model_tuner - ExtraTree Regressor Done.
2021-11-16 17:30:41,748 - INFO - run_model_tuner - ExtraTree Regressor Done.
2021-11-16 17:30:41,749 - INFO - run_model_tuner - Running XGBoost...
2021-11-16 17:30:41,749 - INFO - run_model_tuner - Running XGBoost...
2021-11-16 17:30:41,749 - INFO - run_model_tuner - Running XGBoost...
2021-11-16 17:30:41,749 - INFO - run_model_tuner - Running XGBoost...
2021-11-16 17:30:42,670 - INFO - run_model_tuner - XGBoost Done.
2021-11-16 17:30:42,670 - INFO - run_model_tuner - XGBoost Done.
2021-11-16 17:30:42,670 - INFO - run_model_tuner - XGBoost Done.
2021-11-16 17:30:42,670 - INFO - run_model_tuner - XGBoost Done.
2021-11-16 17:30:42,670 - INFO - run_model_tuner - Running SVR...
2021-11-16 17:30:42,670 - INFO - run_model_tuner - Running SVR...
2021-11-16 17:30:42,670 - INFO - run_model_tuner - Running SVR...
2021-11-16 17:30:42,670 - INFO - run_model_tuner - Running SVR...
2021-11-16 17:30:43,292 - INFO - run_model_tuner - SVR Done.
2021-11-16 17:30:43,292 - INFO - run_model_tuner - SVR Done.
2021-11-16 17:30:43,292 - INFO - run_model_tuner - SVR Done.
2021-11-16 17:30:43,292 - INFO - run_model_tuner - SVR Done.
2021-11-16 17:30:43,292 - INFO - run_model_tuner - Running Kenighbours Regressor...
2021-11-16 17:30:43,292 - INFO - run_model_tuner - Running Kenighbours Regressor...
2021-11-16 17:30:43,292 - INFO - run_model_tuner - Running Kenighbours Regressor...
2021-11-16 17:30:43,292 - INFO - run_model_tuner - Running Kenighbours Regressor...
2021-11-16 17:30:43,666 - INFO - run_model_tuner - Kenighbours Regressor Done.
2021-11-16 17:30:43,666 - INFO - run_model_tuner - Kenighbours Regressor Done.
2021-11-16 17:30:43,666 - INFO - run_model_tuner - Kenighbours Regressor Done.
2021-11-16 17:30:43,666 - INFO - run_model_tuner - Kenighbours Regressor Done.
2021-11-16 17:30:43,668 - INFO - run_model_tuner - Calculating test score and loss for all model...
2021-11-16 17:30:43,668 - INFO - run_model_tuner - Calculating test score and loss for all model...
2021-11-16 17:30:43,668 - INFO - run_model_tuner - Calculating test score and loss for all model...
2021-11-16 17:30:43,668 - INFO - run_model_tuner - Calculating test score and loss for all model...
2021-11-16 17:30:43,784 - INFO - run_model_tuner - Calculating test score and loss for all model Done.
2021-11-16 17:30:43,784 - INFO - run_model_tuner - Calculating test score and loss for all model Done.
2021-11-16 17:30:43,784 - INFO - run_model_tuner - Calculating test score and loss for all model Done.
2021-11-16 17:30:43,784 - INFO - run_model_tuner - Calculating test score and loss for all model Done.
2021-11-16 17:30:43,785 - INFO - run_model_tuner - Saving result dataframe to disk...
2021-11-16 17:30:43,785 - INFO - run_model_tuner - Saving result dataframe to disk...
2021-11-16 17:30:43,785 - INFO - run_model_tuner - Saving result dataframe to disk...
2021-11-16 17:30:43,785 - INFO - run_model_tuner - Saving result dataframe to disk...
2021-11-16 17:30:43,792 - INFO - run_model_tuner - Saving result dataframe to disk Done.
2021-11-16 17:30:43,792 - INFO - run_model_tuner - Saving result dataframe to disk Done.
2021-11-16 17:30:43,792 - INFO - run_model_tuner - Saving result dataframe to disk Done.
2021-11-16 17:30:43,792 - INFO - run_model_tuner - Saving result dataframe to disk Done.
