2021-11-24 18:32:06,004 - INFO - __init__ - Model tuner initialized. --------------------------------------------------
2021-11-24 18:32:06,004 - INFO - run_model_tuner - Model Tuner Started...
2021-11-24 18:32:06,004 - INFO - run_model_tuner - Running all model from model finder class to train data and find best model...
2021-11-24 18:32:06,004 - INFO - run_model_tuner - Running Linear Regression...
2021-11-24 18:32:06,008 - INFO - run_model_tuner - Linear Regression Done.
2021-11-24 18:32:06,008 - INFO - run_model_tuner - Running Ridge regression...
2021-11-24 18:32:06,337 - INFO - run_model_tuner - Ridge regression Done.
2021-11-24 18:32:06,338 - INFO - run_model_tuner - Running Lasso regression...
2021-11-24 18:32:09,138 - INFO - run_model_tuner - Lasso regression Done.
2021-11-24 18:32:09,140 - INFO - run_model_tuner - Running Elastic Net regression...
2021-11-24 18:32:09,424 - INFO - run_model_tuner - Elastic Net regression Done.
2021-11-24 18:32:09,424 - INFO - run_model_tuner - Running Decision Tree...
2021-11-24 18:32:09,762 - INFO - run_model_tuner - Decision Tree Done.
2021-11-24 18:32:09,762 - INFO - run_model_tuner - Running Random Forest...
2021-11-24 18:32:13,355 - INFO - run_model_tuner - Random Forest Done.
2021-11-24 18:32:13,356 - INFO - run_model_tuner - Running Gradient Boosting...
2021-11-24 18:32:13,879 - INFO - run_model_tuner - Gradient Boosting Done.
2021-11-24 18:32:13,879 - INFO - run_model_tuner - Running AdaBoost...
2021-11-24 18:32:15,010 - INFO - run_model_tuner - AdaBoost Done.
2021-11-24 18:32:15,011 - INFO - run_model_tuner - Running ExtraTree Regressor...
2021-11-24 18:32:17,209 - INFO - run_model_tuner - ExtraTree Regressor Done.
2021-11-24 18:32:17,209 - INFO - run_model_tuner - Running XGBoost...
2021-11-24 18:32:18,884 - INFO - run_model_tuner - XGBoost Done.
2021-11-24 18:32:18,884 - INFO - run_model_tuner - Running SVR...
2021-11-24 18:32:20,009 - INFO - run_model_tuner - SVR Done.
2021-11-24 18:32:20,010 - INFO - run_model_tuner - Running Kenighbours Regressor...
2021-11-24 18:32:20,599 - INFO - run_model_tuner - Kenighbours Regressor Done.
2021-11-24 18:32:20,600 - INFO - run_model_tuner - Calculating test score and loss for all model...
2021-11-24 18:32:20,757 - INFO - run_model_tuner - Calculating test score and loss for all model Done.
2021-11-24 18:32:20,758 - INFO - run_model_tuner - Saving result dataframe to disk...
2021-11-24 18:32:20,768 - INFO - run_model_tuner - Saving result dataframe to disk Done.
2021-11-24 18:32:21,001 - INFO - __init__ - Model tuner initialized. --------------------------------------------------
2021-11-24 18:32:21,001 - INFO - __init__ - Model tuner initialized. --------------------------------------------------
2021-11-24 18:32:21,001 - INFO - run_model_tuner - Model Tuner Started...
2021-11-24 18:32:21,001 - INFO - run_model_tuner - Model Tuner Started...
2021-11-24 18:32:21,001 - INFO - run_model_tuner - Running all model from model finder class to train data and find best model...
2021-11-24 18:32:21,001 - INFO - run_model_tuner - Running all model from model finder class to train data and find best model...
2021-11-24 18:32:21,001 - INFO - run_model_tuner - Running Linear Regression...
2021-11-24 18:32:21,001 - INFO - run_model_tuner - Running Linear Regression...
2021-11-24 18:32:21,006 - INFO - run_model_tuner - Linear Regression Done.
2021-11-24 18:32:21,006 - INFO - run_model_tuner - Linear Regression Done.
2021-11-24 18:32:21,006 - INFO - run_model_tuner - Running Ridge regression...
2021-11-24 18:32:21,006 - INFO - run_model_tuner - Running Ridge regression...
2021-11-24 18:32:21,539 - INFO - run_model_tuner - Ridge regression Done.
2021-11-24 18:32:21,539 - INFO - run_model_tuner - Ridge regression Done.
2021-11-24 18:32:21,539 - INFO - run_model_tuner - Running Lasso regression...
2021-11-24 18:32:21,539 - INFO - run_model_tuner - Running Lasso regression...
2021-11-24 18:32:24,919 - INFO - run_model_tuner - Lasso regression Done.
2021-11-24 18:32:24,919 - INFO - run_model_tuner - Lasso regression Done.
2021-11-24 18:32:24,919 - INFO - run_model_tuner - Running Elastic Net regression...
2021-11-24 18:32:24,919 - INFO - run_model_tuner - Running Elastic Net regression...
2021-11-24 18:32:25,153 - INFO - run_model_tuner - Elastic Net regression Done.
2021-11-24 18:32:25,153 - INFO - run_model_tuner - Elastic Net regression Done.
2021-11-24 18:32:25,153 - INFO - run_model_tuner - Running Decision Tree...
2021-11-24 18:32:25,153 - INFO - run_model_tuner - Running Decision Tree...
2021-11-24 18:32:25,339 - INFO - run_model_tuner - Decision Tree Done.
2021-11-24 18:32:25,339 - INFO - run_model_tuner - Decision Tree Done.
2021-11-24 18:32:25,340 - INFO - run_model_tuner - Running Random Forest...
2021-11-24 18:32:25,340 - INFO - run_model_tuner - Running Random Forest...
2021-11-24 18:32:30,055 - INFO - run_model_tuner - Random Forest Done.
2021-11-24 18:32:30,055 - INFO - run_model_tuner - Random Forest Done.
2021-11-24 18:32:30,056 - INFO - run_model_tuner - Running Gradient Boosting...
2021-11-24 18:32:30,056 - INFO - run_model_tuner - Running Gradient Boosting...
2021-11-24 18:32:30,604 - INFO - run_model_tuner - Gradient Boosting Done.
2021-11-24 18:32:30,604 - INFO - run_model_tuner - Gradient Boosting Done.
2021-11-24 18:32:30,604 - INFO - run_model_tuner - Running AdaBoost...
2021-11-24 18:32:30,604 - INFO - run_model_tuner - Running AdaBoost...
2021-11-24 18:32:32,047 - INFO - run_model_tuner - AdaBoost Done.
2021-11-24 18:32:32,047 - INFO - run_model_tuner - AdaBoost Done.
2021-11-24 18:32:32,048 - INFO - run_model_tuner - Running ExtraTree Regressor...
2021-11-24 18:32:32,048 - INFO - run_model_tuner - Running ExtraTree Regressor...
2021-11-24 18:32:34,771 - INFO - run_model_tuner - ExtraTree Regressor Done.
2021-11-24 18:32:34,771 - INFO - run_model_tuner - ExtraTree Regressor Done.
2021-11-24 18:32:34,771 - INFO - run_model_tuner - Running XGBoost...
2021-11-24 18:32:34,771 - INFO - run_model_tuner - Running XGBoost...
2021-11-24 18:32:36,293 - INFO - run_model_tuner - XGBoost Done.
2021-11-24 18:32:36,293 - INFO - run_model_tuner - XGBoost Done.
2021-11-24 18:32:36,293 - INFO - run_model_tuner - Running SVR...
2021-11-24 18:32:36,293 - INFO - run_model_tuner - Running SVR...
2021-11-24 18:32:37,221 - INFO - run_model_tuner - SVR Done.
2021-11-24 18:32:37,221 - INFO - run_model_tuner - SVR Done.
2021-11-24 18:32:37,221 - INFO - run_model_tuner - Running Kenighbours Regressor...
2021-11-24 18:32:37,221 - INFO - run_model_tuner - Running Kenighbours Regressor...
2021-11-24 18:32:37,702 - INFO - run_model_tuner - Kenighbours Regressor Done.
2021-11-24 18:32:37,702 - INFO - run_model_tuner - Kenighbours Regressor Done.
2021-11-24 18:32:37,703 - INFO - run_model_tuner - Calculating test score and loss for all model...
2021-11-24 18:32:37,703 - INFO - run_model_tuner - Calculating test score and loss for all model...
2021-11-24 18:32:37,840 - INFO - run_model_tuner - Calculating test score and loss for all model Done.
2021-11-24 18:32:37,840 - INFO - run_model_tuner - Calculating test score and loss for all model Done.
2021-11-24 18:32:37,841 - INFO - run_model_tuner - Saving result dataframe to disk...
2021-11-24 18:32:37,841 - INFO - run_model_tuner - Saving result dataframe to disk...
2021-11-24 18:32:37,845 - INFO - run_model_tuner - Saving result dataframe to disk Done.
2021-11-24 18:32:37,845 - INFO - run_model_tuner - Saving result dataframe to disk Done.
2021-11-24 18:32:37,861 - INFO - __init__ - Model tuner initialized. --------------------------------------------------
2021-11-24 18:32:37,861 - INFO - __init__ - Model tuner initialized. --------------------------------------------------
2021-11-24 18:32:37,861 - INFO - __init__ - Model tuner initialized. --------------------------------------------------
2021-11-24 18:32:37,862 - INFO - run_model_tuner - Model Tuner Started...
2021-11-24 18:32:37,862 - INFO - run_model_tuner - Model Tuner Started...
2021-11-24 18:32:37,862 - INFO - run_model_tuner - Model Tuner Started...
2021-11-24 18:32:37,862 - INFO - run_model_tuner - Running all model from model finder class to train data and find best model...
2021-11-24 18:32:37,862 - INFO - run_model_tuner - Running all model from model finder class to train data and find best model...
2021-11-24 18:32:37,862 - INFO - run_model_tuner - Running all model from model finder class to train data and find best model...
2021-11-24 18:32:37,863 - INFO - run_model_tuner - Running Linear Regression...
2021-11-24 18:32:37,863 - INFO - run_model_tuner - Running Linear Regression...
2021-11-24 18:32:37,863 - INFO - run_model_tuner - Running Linear Regression...
2021-11-24 18:32:37,867 - INFO - run_model_tuner - Linear Regression Done.
2021-11-24 18:32:37,867 - INFO - run_model_tuner - Linear Regression Done.
2021-11-24 18:32:37,867 - INFO - run_model_tuner - Linear Regression Done.
2021-11-24 18:32:37,868 - INFO - run_model_tuner - Running Ridge regression...
2021-11-24 18:32:37,868 - INFO - run_model_tuner - Running Ridge regression...
2021-11-24 18:32:37,868 - INFO - run_model_tuner - Running Ridge regression...
2021-11-24 18:32:38,245 - INFO - run_model_tuner - Ridge regression Done.
2021-11-24 18:32:38,245 - INFO - run_model_tuner - Ridge regression Done.
2021-11-24 18:32:38,245 - INFO - run_model_tuner - Ridge regression Done.
2021-11-24 18:32:38,246 - INFO - run_model_tuner - Running Lasso regression...
2021-11-24 18:32:38,246 - INFO - run_model_tuner - Running Lasso regression...
2021-11-24 18:32:38,246 - INFO - run_model_tuner - Running Lasso regression...
2021-11-24 18:32:41,497 - INFO - run_model_tuner - Lasso regression Done.
2021-11-24 18:32:41,497 - INFO - run_model_tuner - Lasso regression Done.
2021-11-24 18:32:41,497 - INFO - run_model_tuner - Lasso regression Done.
2021-11-24 18:32:41,498 - INFO - run_model_tuner - Running Elastic Net regression...
2021-11-24 18:32:41,498 - INFO - run_model_tuner - Running Elastic Net regression...
2021-11-24 18:32:41,498 - INFO - run_model_tuner - Running Elastic Net regression...
2021-11-24 18:32:41,764 - INFO - run_model_tuner - Elastic Net regression Done.
2021-11-24 18:32:41,764 - INFO - run_model_tuner - Elastic Net regression Done.
2021-11-24 18:32:41,764 - INFO - run_model_tuner - Elastic Net regression Done.
2021-11-24 18:32:41,764 - INFO - run_model_tuner - Running Decision Tree...
2021-11-24 18:32:41,764 - INFO - run_model_tuner - Running Decision Tree...
2021-11-24 18:32:41,764 - INFO - run_model_tuner - Running Decision Tree...
2021-11-24 18:32:41,953 - INFO - run_model_tuner - Decision Tree Done.
2021-11-24 18:32:41,953 - INFO - run_model_tuner - Decision Tree Done.
2021-11-24 18:32:41,953 - INFO - run_model_tuner - Decision Tree Done.
2021-11-24 18:32:41,953 - INFO - run_model_tuner - Running Random Forest...
2021-11-24 18:32:41,953 - INFO - run_model_tuner - Running Random Forest...
2021-11-24 18:32:41,953 - INFO - run_model_tuner - Running Random Forest...
2021-11-24 18:32:46,562 - INFO - run_model_tuner - Random Forest Done.
2021-11-24 18:32:46,562 - INFO - run_model_tuner - Random Forest Done.
2021-11-24 18:32:46,562 - INFO - run_model_tuner - Random Forest Done.
2021-11-24 18:32:46,563 - INFO - run_model_tuner - Running Gradient Boosting...
2021-11-24 18:32:46,563 - INFO - run_model_tuner - Running Gradient Boosting...
2021-11-24 18:32:46,563 - INFO - run_model_tuner - Running Gradient Boosting...
2021-11-24 18:32:47,098 - INFO - run_model_tuner - Gradient Boosting Done.
2021-11-24 18:32:47,098 - INFO - run_model_tuner - Gradient Boosting Done.
2021-11-24 18:32:47,098 - INFO - run_model_tuner - Gradient Boosting Done.
2021-11-24 18:32:47,098 - INFO - run_model_tuner - Running AdaBoost...
2021-11-24 18:32:47,098 - INFO - run_model_tuner - Running AdaBoost...
2021-11-24 18:32:47,098 - INFO - run_model_tuner - Running AdaBoost...
2021-11-24 18:32:48,718 - INFO - run_model_tuner - AdaBoost Done.
2021-11-24 18:32:48,718 - INFO - run_model_tuner - AdaBoost Done.
2021-11-24 18:32:48,718 - INFO - run_model_tuner - AdaBoost Done.
2021-11-24 18:32:48,719 - INFO - run_model_tuner - Running ExtraTree Regressor...
2021-11-24 18:32:48,719 - INFO - run_model_tuner - Running ExtraTree Regressor...
2021-11-24 18:32:48,719 - INFO - run_model_tuner - Running ExtraTree Regressor...
2021-11-24 18:32:51,778 - INFO - run_model_tuner - ExtraTree Regressor Done.
2021-11-24 18:32:51,778 - INFO - run_model_tuner - ExtraTree Regressor Done.
2021-11-24 18:32:51,778 - INFO - run_model_tuner - ExtraTree Regressor Done.
2021-11-24 18:32:51,779 - INFO - run_model_tuner - Running XGBoost...
2021-11-24 18:32:51,779 - INFO - run_model_tuner - Running XGBoost...
2021-11-24 18:32:51,779 - INFO - run_model_tuner - Running XGBoost...
2021-11-24 18:32:53,417 - INFO - run_model_tuner - XGBoost Done.
2021-11-24 18:32:53,417 - INFO - run_model_tuner - XGBoost Done.
2021-11-24 18:32:53,417 - INFO - run_model_tuner - XGBoost Done.
2021-11-24 18:32:53,417 - INFO - run_model_tuner - Running SVR...
2021-11-24 18:32:53,417 - INFO - run_model_tuner - Running SVR...
2021-11-24 18:32:53,417 - INFO - run_model_tuner - Running SVR...
2021-11-24 18:32:54,304 - INFO - run_model_tuner - SVR Done.
2021-11-24 18:32:54,304 - INFO - run_model_tuner - SVR Done.
2021-11-24 18:32:54,304 - INFO - run_model_tuner - SVR Done.
2021-11-24 18:32:54,304 - INFO - run_model_tuner - Running Kenighbours Regressor...
2021-11-24 18:32:54,304 - INFO - run_model_tuner - Running Kenighbours Regressor...
2021-11-24 18:32:54,304 - INFO - run_model_tuner - Running Kenighbours Regressor...
2021-11-24 18:32:54,758 - INFO - run_model_tuner - Kenighbours Regressor Done.
2021-11-24 18:32:54,758 - INFO - run_model_tuner - Kenighbours Regressor Done.
2021-11-24 18:32:54,758 - INFO - run_model_tuner - Kenighbours Regressor Done.
2021-11-24 18:32:54,760 - INFO - run_model_tuner - Calculating test score and loss for all model...
2021-11-24 18:32:54,760 - INFO - run_model_tuner - Calculating test score and loss for all model...
2021-11-24 18:32:54,760 - INFO - run_model_tuner - Calculating test score and loss for all model...
2021-11-24 18:32:54,890 - INFO - run_model_tuner - Calculating test score and loss for all model Done.
2021-11-24 18:32:54,890 - INFO - run_model_tuner - Calculating test score and loss for all model Done.
2021-11-24 18:32:54,890 - INFO - run_model_tuner - Calculating test score and loss for all model Done.
2021-11-24 18:32:54,890 - INFO - run_model_tuner - Saving result dataframe to disk...
2021-11-24 18:32:54,890 - INFO - run_model_tuner - Saving result dataframe to disk...
2021-11-24 18:32:54,890 - INFO - run_model_tuner - Saving result dataframe to disk...
2021-11-24 18:32:54,897 - INFO - run_model_tuner - Saving result dataframe to disk Done.
2021-11-24 18:32:54,897 - INFO - run_model_tuner - Saving result dataframe to disk Done.
2021-11-24 18:32:54,897 - INFO - run_model_tuner - Saving result dataframe to disk Done.
2021-11-24 18:32:54,913 - INFO - __init__ - Model tuner initialized. --------------------------------------------------
2021-11-24 18:32:54,913 - INFO - __init__ - Model tuner initialized. --------------------------------------------------
2021-11-24 18:32:54,913 - INFO - __init__ - Model tuner initialized. --------------------------------------------------
2021-11-24 18:32:54,913 - INFO - __init__ - Model tuner initialized. --------------------------------------------------
2021-11-24 18:32:54,914 - INFO - run_model_tuner - Model Tuner Started...
2021-11-24 18:32:54,914 - INFO - run_model_tuner - Model Tuner Started...
2021-11-24 18:32:54,914 - INFO - run_model_tuner - Model Tuner Started...
2021-11-24 18:32:54,914 - INFO - run_model_tuner - Model Tuner Started...
2021-11-24 18:32:54,914 - INFO - run_model_tuner - Running all model from model finder class to train data and find best model...
2021-11-24 18:32:54,914 - INFO - run_model_tuner - Running all model from model finder class to train data and find best model...
2021-11-24 18:32:54,914 - INFO - run_model_tuner - Running all model from model finder class to train data and find best model...
2021-11-24 18:32:54,914 - INFO - run_model_tuner - Running all model from model finder class to train data and find best model...
2021-11-24 18:32:54,914 - INFO - run_model_tuner - Running Linear Regression...
2021-11-24 18:32:54,914 - INFO - run_model_tuner - Running Linear Regression...
2021-11-24 18:32:54,914 - INFO - run_model_tuner - Running Linear Regression...
2021-11-24 18:32:54,914 - INFO - run_model_tuner - Running Linear Regression...
2021-11-24 18:32:54,922 - INFO - run_model_tuner - Linear Regression Done.
2021-11-24 18:32:54,922 - INFO - run_model_tuner - Linear Regression Done.
2021-11-24 18:32:54,922 - INFO - run_model_tuner - Linear Regression Done.
2021-11-24 18:32:54,922 - INFO - run_model_tuner - Linear Regression Done.
2021-11-24 18:32:54,923 - INFO - run_model_tuner - Running Ridge regression...
2021-11-24 18:32:54,923 - INFO - run_model_tuner - Running Ridge regression...
2021-11-24 18:32:54,923 - INFO - run_model_tuner - Running Ridge regression...
2021-11-24 18:32:54,923 - INFO - run_model_tuner - Running Ridge regression...
2021-11-24 18:32:55,299 - INFO - run_model_tuner - Ridge regression Done.
2021-11-24 18:32:55,299 - INFO - run_model_tuner - Ridge regression Done.
2021-11-24 18:32:55,299 - INFO - run_model_tuner - Ridge regression Done.
2021-11-24 18:32:55,299 - INFO - run_model_tuner - Ridge regression Done.
2021-11-24 18:32:55,300 - INFO - run_model_tuner - Running Lasso regression...
2021-11-24 18:32:55,300 - INFO - run_model_tuner - Running Lasso regression...
2021-11-24 18:32:55,300 - INFO - run_model_tuner - Running Lasso regression...
2021-11-24 18:32:55,300 - INFO - run_model_tuner - Running Lasso regression...
2021-11-24 18:32:58,460 - INFO - run_model_tuner - Lasso regression Done.
2021-11-24 18:32:58,460 - INFO - run_model_tuner - Lasso regression Done.
2021-11-24 18:32:58,460 - INFO - run_model_tuner - Lasso regression Done.
2021-11-24 18:32:58,460 - INFO - run_model_tuner - Lasso regression Done.
2021-11-24 18:32:58,460 - INFO - run_model_tuner - Running Elastic Net regression...
2021-11-24 18:32:58,460 - INFO - run_model_tuner - Running Elastic Net regression...
2021-11-24 18:32:58,460 - INFO - run_model_tuner - Running Elastic Net regression...
2021-11-24 18:32:58,460 - INFO - run_model_tuner - Running Elastic Net regression...
2021-11-24 18:32:58,660 - INFO - run_model_tuner - Elastic Net regression Done.
2021-11-24 18:32:58,660 - INFO - run_model_tuner - Elastic Net regression Done.
2021-11-24 18:32:58,660 - INFO - run_model_tuner - Elastic Net regression Done.
2021-11-24 18:32:58,660 - INFO - run_model_tuner - Elastic Net regression Done.
2021-11-24 18:32:58,660 - INFO - run_model_tuner - Running Decision Tree...
2021-11-24 18:32:58,660 - INFO - run_model_tuner - Running Decision Tree...
2021-11-24 18:32:58,660 - INFO - run_model_tuner - Running Decision Tree...
2021-11-24 18:32:58,660 - INFO - run_model_tuner - Running Decision Tree...
2021-11-24 18:32:58,842 - INFO - run_model_tuner - Decision Tree Done.
2021-11-24 18:32:58,842 - INFO - run_model_tuner - Decision Tree Done.
2021-11-24 18:32:58,842 - INFO - run_model_tuner - Decision Tree Done.
2021-11-24 18:32:58,842 - INFO - run_model_tuner - Decision Tree Done.
2021-11-24 18:32:58,842 - INFO - run_model_tuner - Running Random Forest...
2021-11-24 18:32:58,842 - INFO - run_model_tuner - Running Random Forest...
2021-11-24 18:32:58,842 - INFO - run_model_tuner - Running Random Forest...
2021-11-24 18:32:58,842 - INFO - run_model_tuner - Running Random Forest...
2021-11-24 18:33:02,998 - INFO - run_model_tuner - Random Forest Done.
2021-11-24 18:33:02,998 - INFO - run_model_tuner - Random Forest Done.
2021-11-24 18:33:02,998 - INFO - run_model_tuner - Random Forest Done.
2021-11-24 18:33:02,998 - INFO - run_model_tuner - Random Forest Done.
2021-11-24 18:33:02,998 - INFO - run_model_tuner - Running Gradient Boosting...
2021-11-24 18:33:02,998 - INFO - run_model_tuner - Running Gradient Boosting...
2021-11-24 18:33:02,998 - INFO - run_model_tuner - Running Gradient Boosting...
2021-11-24 18:33:02,998 - INFO - run_model_tuner - Running Gradient Boosting...
2021-11-24 18:33:03,476 - INFO - run_model_tuner - Gradient Boosting Done.
2021-11-24 18:33:03,476 - INFO - run_model_tuner - Gradient Boosting Done.
2021-11-24 18:33:03,476 - INFO - run_model_tuner - Gradient Boosting Done.
2021-11-24 18:33:03,476 - INFO - run_model_tuner - Gradient Boosting Done.
2021-11-24 18:33:03,477 - INFO - run_model_tuner - Running AdaBoost...
2021-11-24 18:33:03,477 - INFO - run_model_tuner - Running AdaBoost...
2021-11-24 18:33:03,477 - INFO - run_model_tuner - Running AdaBoost...
2021-11-24 18:33:03,477 - INFO - run_model_tuner - Running AdaBoost...
2021-11-24 18:33:04,694 - INFO - run_model_tuner - AdaBoost Done.
2021-11-24 18:33:04,694 - INFO - run_model_tuner - AdaBoost Done.
2021-11-24 18:33:04,694 - INFO - run_model_tuner - AdaBoost Done.
2021-11-24 18:33:04,694 - INFO - run_model_tuner - AdaBoost Done.
2021-11-24 18:33:04,694 - INFO - run_model_tuner - Running ExtraTree Regressor...
2021-11-24 18:33:04,694 - INFO - run_model_tuner - Running ExtraTree Regressor...
2021-11-24 18:33:04,694 - INFO - run_model_tuner - Running ExtraTree Regressor...
2021-11-24 18:33:04,694 - INFO - run_model_tuner - Running ExtraTree Regressor...
2021-11-24 18:33:07,333 - INFO - run_model_tuner - ExtraTree Regressor Done.
2021-11-24 18:33:07,333 - INFO - run_model_tuner - ExtraTree Regressor Done.
2021-11-24 18:33:07,333 - INFO - run_model_tuner - ExtraTree Regressor Done.
2021-11-24 18:33:07,333 - INFO - run_model_tuner - ExtraTree Regressor Done.
2021-11-24 18:33:07,334 - INFO - run_model_tuner - Running XGBoost...
2021-11-24 18:33:07,334 - INFO - run_model_tuner - Running XGBoost...
2021-11-24 18:33:07,334 - INFO - run_model_tuner - Running XGBoost...
2021-11-24 18:33:07,334 - INFO - run_model_tuner - Running XGBoost...
2021-11-24 18:33:09,461 - INFO - run_model_tuner - XGBoost Done.
2021-11-24 18:33:09,461 - INFO - run_model_tuner - XGBoost Done.
2021-11-24 18:33:09,461 - INFO - run_model_tuner - XGBoost Done.
2021-11-24 18:33:09,461 - INFO - run_model_tuner - XGBoost Done.
2021-11-24 18:33:09,461 - INFO - run_model_tuner - Running SVR...
2021-11-24 18:33:09,461 - INFO - run_model_tuner - Running SVR...
2021-11-24 18:33:09,461 - INFO - run_model_tuner - Running SVR...
2021-11-24 18:33:09,461 - INFO - run_model_tuner - Running SVR...
2021-11-24 18:33:10,351 - INFO - run_model_tuner - SVR Done.
2021-11-24 18:33:10,351 - INFO - run_model_tuner - SVR Done.
2021-11-24 18:33:10,351 - INFO - run_model_tuner - SVR Done.
2021-11-24 18:33:10,351 - INFO - run_model_tuner - SVR Done.
2021-11-24 18:33:10,352 - INFO - run_model_tuner - Running Kenighbours Regressor...
2021-11-24 18:33:10,352 - INFO - run_model_tuner - Running Kenighbours Regressor...
2021-11-24 18:33:10,352 - INFO - run_model_tuner - Running Kenighbours Regressor...
2021-11-24 18:33:10,352 - INFO - run_model_tuner - Running Kenighbours Regressor...
2021-11-24 18:33:10,826 - INFO - run_model_tuner - Kenighbours Regressor Done.
2021-11-24 18:33:10,826 - INFO - run_model_tuner - Kenighbours Regressor Done.
2021-11-24 18:33:10,826 - INFO - run_model_tuner - Kenighbours Regressor Done.
2021-11-24 18:33:10,826 - INFO - run_model_tuner - Kenighbours Regressor Done.
2021-11-24 18:33:10,828 - INFO - run_model_tuner - Calculating test score and loss for all model...
2021-11-24 18:33:10,828 - INFO - run_model_tuner - Calculating test score and loss for all model...
2021-11-24 18:33:10,828 - INFO - run_model_tuner - Calculating test score and loss for all model...
2021-11-24 18:33:10,828 - INFO - run_model_tuner - Calculating test score and loss for all model...
2021-11-24 18:33:10,993 - INFO - run_model_tuner - Calculating test score and loss for all model Done.
2021-11-24 18:33:10,993 - INFO - run_model_tuner - Calculating test score and loss for all model Done.
2021-11-24 18:33:10,993 - INFO - run_model_tuner - Calculating test score and loss for all model Done.
2021-11-24 18:33:10,993 - INFO - run_model_tuner - Calculating test score and loss for all model Done.
2021-11-24 18:33:10,994 - INFO - run_model_tuner - Saving result dataframe to disk...
2021-11-24 18:33:10,994 - INFO - run_model_tuner - Saving result dataframe to disk...
2021-11-24 18:33:10,994 - INFO - run_model_tuner - Saving result dataframe to disk...
2021-11-24 18:33:10,994 - INFO - run_model_tuner - Saving result dataframe to disk...
2021-11-24 18:33:11,000 - INFO - run_model_tuner - Saving result dataframe to disk Done.
2021-11-24 18:33:11,000 - INFO - run_model_tuner - Saving result dataframe to disk Done.
2021-11-24 18:33:11,000 - INFO - run_model_tuner - Saving result dataframe to disk Done.
2021-11-24 18:33:11,000 - INFO - run_model_tuner - Saving result dataframe to disk Done.
2021-11-24 18:36:48,182 - INFO - __init__ - Model tuner initialized. --------------------------------------------------
2021-11-24 18:36:48,183 - INFO - run_model_tuner - Model Tuner Started...
2021-11-24 18:36:48,183 - INFO - run_model_tuner - Running all model from model finder class to train data and find best model...
2021-11-24 18:36:48,183 - INFO - run_model_tuner - Running Linear Regression...
2021-11-24 18:36:48,189 - INFO - run_model_tuner - Linear Regression Done.
2021-11-24 18:36:48,190 - INFO - run_model_tuner - Running Ridge regression...
2021-11-24 18:36:48,601 - INFO - run_model_tuner - Ridge regression Done.
2021-11-24 18:36:48,601 - INFO - run_model_tuner - Running Lasso regression...
2021-11-24 18:36:51,714 - INFO - run_model_tuner - Lasso regression Done.
2021-11-24 18:36:51,714 - INFO - run_model_tuner - Running Elastic Net regression...
2021-11-24 18:36:51,942 - INFO - run_model_tuner - Elastic Net regression Done.
2021-11-24 18:36:51,943 - INFO - run_model_tuner - Running Decision Tree...
2021-11-24 18:36:52,241 - INFO - run_model_tuner - Decision Tree Done.
2021-11-24 18:36:52,241 - INFO - run_model_tuner - Running Random Forest...
2021-11-24 18:36:56,821 - INFO - run_model_tuner - Random Forest Done.
2021-11-24 18:36:56,821 - INFO - run_model_tuner - Running Gradient Boosting...
2021-11-24 18:36:57,402 - INFO - run_model_tuner - Gradient Boosting Done.
2021-11-24 18:36:57,402 - INFO - run_model_tuner - Running AdaBoost...
2021-11-24 18:36:58,698 - INFO - run_model_tuner - AdaBoost Done.
2021-11-24 18:36:58,700 - INFO - run_model_tuner - Running ExtraTree Regressor...
2021-11-24 18:37:01,707 - INFO - run_model_tuner - ExtraTree Regressor Done.
2021-11-24 18:37:01,707 - INFO - run_model_tuner - Running XGBoost...
2021-11-24 18:37:03,377 - INFO - run_model_tuner - XGBoost Done.
2021-11-24 18:37:03,377 - INFO - run_model_tuner - Running SVR...
2021-11-24 18:37:04,583 - INFO - run_model_tuner - SVR Done.
2021-11-24 18:37:04,583 - INFO - run_model_tuner - Running Kenighbours Regressor...
2021-11-24 18:37:05,061 - INFO - run_model_tuner - Kenighbours Regressor Done.
2021-11-24 18:37:05,062 - INFO - run_model_tuner - Calculating test score and loss for all model...
2021-11-24 18:37:05,194 - INFO - run_model_tuner - Calculating test score and loss for all model Done.
2021-11-24 18:37:05,194 - INFO - run_model_tuner - Saving result dataframe to disk...
2021-11-24 18:37:05,199 - INFO - run_model_tuner - Saving result dataframe to disk Done.
2021-11-24 18:37:05,353 - INFO - __init__ - Model tuner initialized. --------------------------------------------------
2021-11-24 18:37:05,353 - INFO - __init__ - Model tuner initialized. --------------------------------------------------
2021-11-24 18:37:05,354 - INFO - run_model_tuner - Model Tuner Started...
2021-11-24 18:37:05,354 - INFO - run_model_tuner - Model Tuner Started...
2021-11-24 18:37:05,354 - INFO - run_model_tuner - Running all model from model finder class to train data and find best model...
2021-11-24 18:37:05,354 - INFO - run_model_tuner - Running all model from model finder class to train data and find best model...
2021-11-24 18:37:05,354 - INFO - run_model_tuner - Running Linear Regression...
2021-11-24 18:37:05,354 - INFO - run_model_tuner - Running Linear Regression...
2021-11-24 18:37:05,358 - INFO - run_model_tuner - Linear Regression Done.
2021-11-24 18:37:05,358 - INFO - run_model_tuner - Linear Regression Done.
2021-11-24 18:37:05,358 - INFO - run_model_tuner - Running Ridge regression...
2021-11-24 18:37:05,358 - INFO - run_model_tuner - Running Ridge regression...
2021-11-24 18:37:05,737 - INFO - run_model_tuner - Ridge regression Done.
2021-11-24 18:37:05,737 - INFO - run_model_tuner - Ridge regression Done.
2021-11-24 18:37:05,738 - INFO - run_model_tuner - Running Lasso regression...
2021-11-24 18:37:05,738 - INFO - run_model_tuner - Running Lasso regression...
2021-11-24 18:37:08,768 - INFO - run_model_tuner - Lasso regression Done.
2021-11-24 18:37:08,768 - INFO - run_model_tuner - Lasso regression Done.
2021-11-24 18:37:08,768 - INFO - run_model_tuner - Running Elastic Net regression...
2021-11-24 18:37:08,768 - INFO - run_model_tuner - Running Elastic Net regression...
2021-11-24 18:37:08,993 - INFO - run_model_tuner - Elastic Net regression Done.
2021-11-24 18:37:08,993 - INFO - run_model_tuner - Elastic Net regression Done.
2021-11-24 18:37:08,993 - INFO - run_model_tuner - Running Decision Tree...
2021-11-24 18:37:08,993 - INFO - run_model_tuner - Running Decision Tree...
2021-11-24 18:37:09,252 - INFO - run_model_tuner - Decision Tree Done.
2021-11-24 18:37:09,252 - INFO - run_model_tuner - Decision Tree Done.
2021-11-24 18:37:09,253 - INFO - run_model_tuner - Running Random Forest...
2021-11-24 18:37:09,253 - INFO - run_model_tuner - Running Random Forest...
2021-11-24 18:37:13,967 - INFO - run_model_tuner - Random Forest Done.
2021-11-24 18:37:13,967 - INFO - run_model_tuner - Random Forest Done.
2021-11-24 18:37:13,968 - INFO - run_model_tuner - Running Gradient Boosting...
2021-11-24 18:37:13,968 - INFO - run_model_tuner - Running Gradient Boosting...
2021-11-24 18:37:14,475 - INFO - run_model_tuner - Gradient Boosting Done.
2021-11-24 18:37:14,475 - INFO - run_model_tuner - Gradient Boosting Done.
2021-11-24 18:37:14,475 - INFO - run_model_tuner - Running AdaBoost...
2021-11-24 18:37:14,475 - INFO - run_model_tuner - Running AdaBoost...
2021-11-24 18:37:15,931 - INFO - run_model_tuner - AdaBoost Done.
2021-11-24 18:37:15,931 - INFO - run_model_tuner - AdaBoost Done.
2021-11-24 18:37:15,932 - INFO - run_model_tuner - Running ExtraTree Regressor...
2021-11-24 18:37:15,932 - INFO - run_model_tuner - Running ExtraTree Regressor...
2021-11-24 18:37:18,871 - INFO - run_model_tuner - ExtraTree Regressor Done.
2021-11-24 18:37:18,871 - INFO - run_model_tuner - ExtraTree Regressor Done.
2021-11-24 18:37:18,871 - INFO - run_model_tuner - Running XGBoost...
2021-11-24 18:37:18,871 - INFO - run_model_tuner - Running XGBoost...
2021-11-24 18:37:20,547 - INFO - run_model_tuner - XGBoost Done.
2021-11-24 18:37:20,547 - INFO - run_model_tuner - XGBoost Done.
2021-11-24 18:37:20,548 - INFO - run_model_tuner - Running SVR...
2021-11-24 18:37:20,548 - INFO - run_model_tuner - Running SVR...
2021-11-24 18:37:21,644 - INFO - run_model_tuner - SVR Done.
2021-11-24 18:37:21,644 - INFO - run_model_tuner - SVR Done.
2021-11-24 18:37:21,644 - INFO - run_model_tuner - Running Kenighbours Regressor...
2021-11-24 18:37:21,644 - INFO - run_model_tuner - Running Kenighbours Regressor...
2021-11-24 18:37:22,095 - INFO - run_model_tuner - Kenighbours Regressor Done.
2021-11-24 18:37:22,095 - INFO - run_model_tuner - Kenighbours Regressor Done.
2021-11-24 18:37:22,097 - INFO - run_model_tuner - Calculating test score and loss for all model...
2021-11-24 18:37:22,097 - INFO - run_model_tuner - Calculating test score and loss for all model...
2021-11-24 18:37:22,219 - INFO - run_model_tuner - Calculating test score and loss for all model Done.
2021-11-24 18:37:22,219 - INFO - run_model_tuner - Calculating test score and loss for all model Done.
2021-11-24 18:37:22,219 - INFO - run_model_tuner - Saving result dataframe to disk...
2021-11-24 18:37:22,219 - INFO - run_model_tuner - Saving result dataframe to disk...
2021-11-24 18:37:22,224 - INFO - run_model_tuner - Saving result dataframe to disk Done.
2021-11-24 18:37:22,224 - INFO - run_model_tuner - Saving result dataframe to disk Done.
2021-11-24 18:37:22,371 - INFO - __init__ - Model tuner initialized. --------------------------------------------------
2021-11-24 18:37:22,371 - INFO - __init__ - Model tuner initialized. --------------------------------------------------
2021-11-24 18:37:22,371 - INFO - __init__ - Model tuner initialized. --------------------------------------------------
2021-11-24 18:37:22,371 - INFO - run_model_tuner - Model Tuner Started...
2021-11-24 18:37:22,371 - INFO - run_model_tuner - Model Tuner Started...
2021-11-24 18:37:22,371 - INFO - run_model_tuner - Model Tuner Started...
2021-11-24 18:37:22,371 - INFO - run_model_tuner - Running all model from model finder class to train data and find best model...
2021-11-24 18:37:22,371 - INFO - run_model_tuner - Running all model from model finder class to train data and find best model...
2021-11-24 18:37:22,371 - INFO - run_model_tuner - Running all model from model finder class to train data and find best model...
2021-11-24 18:37:22,371 - INFO - run_model_tuner - Running Linear Regression...
2021-11-24 18:37:22,371 - INFO - run_model_tuner - Running Linear Regression...
2021-11-24 18:37:22,371 - INFO - run_model_tuner - Running Linear Regression...
2021-11-24 18:37:22,376 - INFO - run_model_tuner - Linear Regression Done.
2021-11-24 18:37:22,376 - INFO - run_model_tuner - Linear Regression Done.
2021-11-24 18:37:22,376 - INFO - run_model_tuner - Linear Regression Done.
2021-11-24 18:37:22,376 - INFO - run_model_tuner - Running Ridge regression...
2021-11-24 18:37:22,376 - INFO - run_model_tuner - Running Ridge regression...
2021-11-24 18:37:22,376 - INFO - run_model_tuner - Running Ridge regression...
2021-11-24 18:37:22,744 - INFO - run_model_tuner - Ridge regression Done.
2021-11-24 18:37:22,744 - INFO - run_model_tuner - Ridge regression Done.
2021-11-24 18:37:22,744 - INFO - run_model_tuner - Ridge regression Done.
2021-11-24 18:37:22,745 - INFO - run_model_tuner - Running Lasso regression...
2021-11-24 18:37:22,745 - INFO - run_model_tuner - Running Lasso regression...
2021-11-24 18:37:22,745 - INFO - run_model_tuner - Running Lasso regression...
2021-11-24 18:37:25,684 - INFO - run_model_tuner - Lasso regression Done.
2021-11-24 18:37:25,684 - INFO - run_model_tuner - Lasso regression Done.
2021-11-24 18:37:25,684 - INFO - run_model_tuner - Lasso regression Done.
2021-11-24 18:37:25,685 - INFO - run_model_tuner - Running Elastic Net regression...
2021-11-24 18:37:25,685 - INFO - run_model_tuner - Running Elastic Net regression...
2021-11-24 18:37:25,685 - INFO - run_model_tuner - Running Elastic Net regression...
2021-11-24 18:37:25,885 - INFO - run_model_tuner - Elastic Net regression Done.
2021-11-24 18:37:25,885 - INFO - run_model_tuner - Elastic Net regression Done.
2021-11-24 18:37:25,885 - INFO - run_model_tuner - Elastic Net regression Done.
2021-11-24 18:37:25,885 - INFO - run_model_tuner - Running Decision Tree...
2021-11-24 18:37:25,885 - INFO - run_model_tuner - Running Decision Tree...
2021-11-24 18:37:25,885 - INFO - run_model_tuner - Running Decision Tree...
2021-11-24 18:37:26,069 - INFO - run_model_tuner - Decision Tree Done.
2021-11-24 18:37:26,069 - INFO - run_model_tuner - Decision Tree Done.
2021-11-24 18:37:26,069 - INFO - run_model_tuner - Decision Tree Done.
2021-11-24 18:37:26,069 - INFO - run_model_tuner - Running Random Forest...
2021-11-24 18:37:26,069 - INFO - run_model_tuner - Running Random Forest...
2021-11-24 18:37:26,069 - INFO - run_model_tuner - Running Random Forest...
2021-11-24 18:37:30,681 - INFO - run_model_tuner - Random Forest Done.
2021-11-24 18:37:30,681 - INFO - run_model_tuner - Random Forest Done.
2021-11-24 18:37:30,681 - INFO - run_model_tuner - Random Forest Done.
2021-11-24 18:37:30,682 - INFO - run_model_tuner - Running Gradient Boosting...
2021-11-24 18:37:30,682 - INFO - run_model_tuner - Running Gradient Boosting...
2021-11-24 18:37:30,682 - INFO - run_model_tuner - Running Gradient Boosting...
2021-11-24 18:37:31,157 - INFO - run_model_tuner - Gradient Boosting Done.
2021-11-24 18:37:31,157 - INFO - run_model_tuner - Gradient Boosting Done.
2021-11-24 18:37:31,157 - INFO - run_model_tuner - Gradient Boosting Done.
2021-11-24 18:37:31,157 - INFO - run_model_tuner - Running AdaBoost...
2021-11-24 18:37:31,157 - INFO - run_model_tuner - Running AdaBoost...
2021-11-24 18:37:31,157 - INFO - run_model_tuner - Running AdaBoost...
2021-11-24 18:37:32,761 - INFO - run_model_tuner - AdaBoost Done.
2021-11-24 18:37:32,761 - INFO - run_model_tuner - AdaBoost Done.
2021-11-24 18:37:32,761 - INFO - run_model_tuner - AdaBoost Done.
2021-11-24 18:37:32,761 - INFO - run_model_tuner - Running ExtraTree Regressor...
2021-11-24 18:37:32,761 - INFO - run_model_tuner - Running ExtraTree Regressor...
2021-11-24 18:37:32,761 - INFO - run_model_tuner - Running ExtraTree Regressor...
2021-11-24 18:37:36,089 - INFO - run_model_tuner - ExtraTree Regressor Done.
2021-11-24 18:37:36,089 - INFO - run_model_tuner - ExtraTree Regressor Done.
2021-11-24 18:37:36,089 - INFO - run_model_tuner - ExtraTree Regressor Done.
2021-11-24 18:37:36,090 - INFO - run_model_tuner - Running XGBoost...
2021-11-24 18:37:36,090 - INFO - run_model_tuner - Running XGBoost...
2021-11-24 18:37:36,090 - INFO - run_model_tuner - Running XGBoost...
2021-11-24 18:37:37,817 - INFO - run_model_tuner - XGBoost Done.
2021-11-24 18:37:37,817 - INFO - run_model_tuner - XGBoost Done.
2021-11-24 18:37:37,817 - INFO - run_model_tuner - XGBoost Done.
2021-11-24 18:37:37,817 - INFO - run_model_tuner - Running SVR...
2021-11-24 18:37:37,817 - INFO - run_model_tuner - Running SVR...
2021-11-24 18:37:37,817 - INFO - run_model_tuner - Running SVR...
2021-11-24 18:37:38,904 - INFO - run_model_tuner - SVR Done.
2021-11-24 18:37:38,904 - INFO - run_model_tuner - SVR Done.
2021-11-24 18:37:38,904 - INFO - run_model_tuner - SVR Done.
2021-11-24 18:37:38,905 - INFO - run_model_tuner - Running Kenighbours Regressor...
2021-11-24 18:37:38,905 - INFO - run_model_tuner - Running Kenighbours Regressor...
2021-11-24 18:37:38,905 - INFO - run_model_tuner - Running Kenighbours Regressor...
2021-11-24 18:37:39,334 - INFO - run_model_tuner - Kenighbours Regressor Done.
2021-11-24 18:37:39,334 - INFO - run_model_tuner - Kenighbours Regressor Done.
2021-11-24 18:37:39,334 - INFO - run_model_tuner - Kenighbours Regressor Done.
2021-11-24 18:37:39,337 - INFO - run_model_tuner - Calculating test score and loss for all model...
2021-11-24 18:37:39,337 - INFO - run_model_tuner - Calculating test score and loss for all model...
2021-11-24 18:37:39,337 - INFO - run_model_tuner - Calculating test score and loss for all model...
2021-11-24 18:37:39,452 - INFO - run_model_tuner - Calculating test score and loss for all model Done.
2021-11-24 18:37:39,452 - INFO - run_model_tuner - Calculating test score and loss for all model Done.
2021-11-24 18:37:39,452 - INFO - run_model_tuner - Calculating test score and loss for all model Done.
2021-11-24 18:37:39,453 - INFO - run_model_tuner - Saving result dataframe to disk...
2021-11-24 18:37:39,453 - INFO - run_model_tuner - Saving result dataframe to disk...
2021-11-24 18:37:39,453 - INFO - run_model_tuner - Saving result dataframe to disk...
2021-11-24 18:37:39,458 - INFO - run_model_tuner - Saving result dataframe to disk Done.
2021-11-24 18:37:39,458 - INFO - run_model_tuner - Saving result dataframe to disk Done.
2021-11-24 18:37:39,458 - INFO - run_model_tuner - Saving result dataframe to disk Done.
2021-11-24 18:37:39,611 - INFO - __init__ - Model tuner initialized. --------------------------------------------------
2021-11-24 18:37:39,611 - INFO - __init__ - Model tuner initialized. --------------------------------------------------
2021-11-24 18:37:39,611 - INFO - __init__ - Model tuner initialized. --------------------------------------------------
2021-11-24 18:37:39,611 - INFO - __init__ - Model tuner initialized. --------------------------------------------------
2021-11-24 18:37:39,612 - INFO - run_model_tuner - Model Tuner Started...
2021-11-24 18:37:39,612 - INFO - run_model_tuner - Model Tuner Started...
2021-11-24 18:37:39,612 - INFO - run_model_tuner - Model Tuner Started...
2021-11-24 18:37:39,612 - INFO - run_model_tuner - Model Tuner Started...
2021-11-24 18:37:39,612 - INFO - run_model_tuner - Running all model from model finder class to train data and find best model...
2021-11-24 18:37:39,612 - INFO - run_model_tuner - Running all model from model finder class to train data and find best model...
2021-11-24 18:37:39,612 - INFO - run_model_tuner - Running all model from model finder class to train data and find best model...
2021-11-24 18:37:39,612 - INFO - run_model_tuner - Running all model from model finder class to train data and find best model...
2021-11-24 18:37:39,612 - INFO - run_model_tuner - Running Linear Regression...
2021-11-24 18:37:39,612 - INFO - run_model_tuner - Running Linear Regression...
2021-11-24 18:37:39,612 - INFO - run_model_tuner - Running Linear Regression...
2021-11-24 18:37:39,612 - INFO - run_model_tuner - Running Linear Regression...
2021-11-24 18:37:39,616 - INFO - run_model_tuner - Linear Regression Done.
2021-11-24 18:37:39,616 - INFO - run_model_tuner - Linear Regression Done.
2021-11-24 18:37:39,616 - INFO - run_model_tuner - Linear Regression Done.
2021-11-24 18:37:39,616 - INFO - run_model_tuner - Linear Regression Done.
2021-11-24 18:37:39,616 - INFO - run_model_tuner - Running Ridge regression...
2021-11-24 18:37:39,616 - INFO - run_model_tuner - Running Ridge regression...
2021-11-24 18:37:39,616 - INFO - run_model_tuner - Running Ridge regression...
2021-11-24 18:37:39,616 - INFO - run_model_tuner - Running Ridge regression...
2021-11-24 18:37:39,965 - INFO - run_model_tuner - Ridge regression Done.
2021-11-24 18:37:39,965 - INFO - run_model_tuner - Ridge regression Done.
2021-11-24 18:37:39,965 - INFO - run_model_tuner - Ridge regression Done.
2021-11-24 18:37:39,965 - INFO - run_model_tuner - Ridge regression Done.
2021-11-24 18:37:39,965 - INFO - run_model_tuner - Running Lasso regression...
2021-11-24 18:37:39,965 - INFO - run_model_tuner - Running Lasso regression...
2021-11-24 18:37:39,965 - INFO - run_model_tuner - Running Lasso regression...
2021-11-24 18:37:39,965 - INFO - run_model_tuner - Running Lasso regression...
2021-11-24 18:37:42,976 - INFO - run_model_tuner - Lasso regression Done.
2021-11-24 18:37:42,976 - INFO - run_model_tuner - Lasso regression Done.
2021-11-24 18:37:42,976 - INFO - run_model_tuner - Lasso regression Done.
2021-11-24 18:37:42,976 - INFO - run_model_tuner - Lasso regression Done.
2021-11-24 18:37:42,976 - INFO - run_model_tuner - Running Elastic Net regression...
2021-11-24 18:37:42,976 - INFO - run_model_tuner - Running Elastic Net regression...
2021-11-24 18:37:42,976 - INFO - run_model_tuner - Running Elastic Net regression...
2021-11-24 18:37:42,976 - INFO - run_model_tuner - Running Elastic Net regression...
2021-11-24 18:37:43,175 - INFO - run_model_tuner - Elastic Net regression Done.
2021-11-24 18:37:43,175 - INFO - run_model_tuner - Elastic Net regression Done.
2021-11-24 18:37:43,175 - INFO - run_model_tuner - Elastic Net regression Done.
2021-11-24 18:37:43,175 - INFO - run_model_tuner - Elastic Net regression Done.
2021-11-24 18:37:43,175 - INFO - run_model_tuner - Running Decision Tree...
2021-11-24 18:37:43,175 - INFO - run_model_tuner - Running Decision Tree...
2021-11-24 18:37:43,175 - INFO - run_model_tuner - Running Decision Tree...
2021-11-24 18:37:43,175 - INFO - run_model_tuner - Running Decision Tree...
2021-11-24 18:37:43,363 - INFO - run_model_tuner - Decision Tree Done.
2021-11-24 18:37:43,363 - INFO - run_model_tuner - Decision Tree Done.
2021-11-24 18:37:43,363 - INFO - run_model_tuner - Decision Tree Done.
2021-11-24 18:37:43,363 - INFO - run_model_tuner - Decision Tree Done.
2021-11-24 18:37:43,363 - INFO - run_model_tuner - Running Random Forest...
2021-11-24 18:37:43,363 - INFO - run_model_tuner - Running Random Forest...
2021-11-24 18:37:43,363 - INFO - run_model_tuner - Running Random Forest...
2021-11-24 18:37:43,363 - INFO - run_model_tuner - Running Random Forest...
2021-11-24 18:37:47,942 - INFO - run_model_tuner - Random Forest Done.
2021-11-24 18:37:47,942 - INFO - run_model_tuner - Random Forest Done.
2021-11-24 18:37:47,942 - INFO - run_model_tuner - Random Forest Done.
2021-11-24 18:37:47,942 - INFO - run_model_tuner - Random Forest Done.
2021-11-24 18:37:47,943 - INFO - run_model_tuner - Running Gradient Boosting...
2021-11-24 18:37:47,943 - INFO - run_model_tuner - Running Gradient Boosting...
2021-11-24 18:37:47,943 - INFO - run_model_tuner - Running Gradient Boosting...
2021-11-24 18:37:47,943 - INFO - run_model_tuner - Running Gradient Boosting...
2021-11-24 18:37:48,429 - INFO - run_model_tuner - Gradient Boosting Done.
2021-11-24 18:37:48,429 - INFO - run_model_tuner - Gradient Boosting Done.
2021-11-24 18:37:48,429 - INFO - run_model_tuner - Gradient Boosting Done.
2021-11-24 18:37:48,429 - INFO - run_model_tuner - Gradient Boosting Done.
2021-11-24 18:37:48,429 - INFO - run_model_tuner - Running AdaBoost...
2021-11-24 18:37:48,429 - INFO - run_model_tuner - Running AdaBoost...
2021-11-24 18:37:48,429 - INFO - run_model_tuner - Running AdaBoost...
2021-11-24 18:37:48,429 - INFO - run_model_tuner - Running AdaBoost...
2021-11-24 18:37:49,903 - INFO - run_model_tuner - AdaBoost Done.
2021-11-24 18:37:49,903 - INFO - run_model_tuner - AdaBoost Done.
2021-11-24 18:37:49,903 - INFO - run_model_tuner - AdaBoost Done.
2021-11-24 18:37:49,903 - INFO - run_model_tuner - AdaBoost Done.
2021-11-24 18:37:49,903 - INFO - run_model_tuner - Running ExtraTree Regressor...
2021-11-24 18:37:49,903 - INFO - run_model_tuner - Running ExtraTree Regressor...
2021-11-24 18:37:49,903 - INFO - run_model_tuner - Running ExtraTree Regressor...
2021-11-24 18:37:49,903 - INFO - run_model_tuner - Running ExtraTree Regressor...
2021-11-24 18:37:52,457 - INFO - run_model_tuner - ExtraTree Regressor Done.
2021-11-24 18:37:52,457 - INFO - run_model_tuner - ExtraTree Regressor Done.
2021-11-24 18:37:52,457 - INFO - run_model_tuner - ExtraTree Regressor Done.
2021-11-24 18:37:52,457 - INFO - run_model_tuner - ExtraTree Regressor Done.
2021-11-24 18:37:52,458 - INFO - run_model_tuner - Running XGBoost...
2021-11-24 18:37:52,458 - INFO - run_model_tuner - Running XGBoost...
2021-11-24 18:37:52,458 - INFO - run_model_tuner - Running XGBoost...
2021-11-24 18:37:52,458 - INFO - run_model_tuner - Running XGBoost...
2021-11-24 18:37:54,005 - INFO - run_model_tuner - XGBoost Done.
2021-11-24 18:37:54,005 - INFO - run_model_tuner - XGBoost Done.
2021-11-24 18:37:54,005 - INFO - run_model_tuner - XGBoost Done.
2021-11-24 18:37:54,005 - INFO - run_model_tuner - XGBoost Done.
2021-11-24 18:37:54,005 - INFO - run_model_tuner - Running SVR...
2021-11-24 18:37:54,005 - INFO - run_model_tuner - Running SVR...
2021-11-24 18:37:54,005 - INFO - run_model_tuner - Running SVR...
2021-11-24 18:37:54,005 - INFO - run_model_tuner - Running SVR...
2021-11-24 18:37:54,861 - INFO - run_model_tuner - SVR Done.
2021-11-24 18:37:54,861 - INFO - run_model_tuner - SVR Done.
2021-11-24 18:37:54,861 - INFO - run_model_tuner - SVR Done.
2021-11-24 18:37:54,861 - INFO - run_model_tuner - SVR Done.
2021-11-24 18:37:54,862 - INFO - run_model_tuner - Running Kenighbours Regressor...
2021-11-24 18:37:54,862 - INFO - run_model_tuner - Running Kenighbours Regressor...
2021-11-24 18:37:54,862 - INFO - run_model_tuner - Running Kenighbours Regressor...
2021-11-24 18:37:54,862 - INFO - run_model_tuner - Running Kenighbours Regressor...
2021-11-24 18:37:55,460 - INFO - run_model_tuner - Kenighbours Regressor Done.
2021-11-24 18:37:55,460 - INFO - run_model_tuner - Kenighbours Regressor Done.
2021-11-24 18:37:55,460 - INFO - run_model_tuner - Kenighbours Regressor Done.
2021-11-24 18:37:55,460 - INFO - run_model_tuner - Kenighbours Regressor Done.
2021-11-24 18:37:55,462 - INFO - run_model_tuner - Calculating test score and loss for all model...
2021-11-24 18:37:55,462 - INFO - run_model_tuner - Calculating test score and loss for all model...
2021-11-24 18:37:55,462 - INFO - run_model_tuner - Calculating test score and loss for all model...
2021-11-24 18:37:55,462 - INFO - run_model_tuner - Calculating test score and loss for all model...
2021-11-24 18:37:55,607 - INFO - run_model_tuner - Calculating test score and loss for all model Done.
2021-11-24 18:37:55,607 - INFO - run_model_tuner - Calculating test score and loss for all model Done.
2021-11-24 18:37:55,607 - INFO - run_model_tuner - Calculating test score and loss for all model Done.
2021-11-24 18:37:55,607 - INFO - run_model_tuner - Calculating test score and loss for all model Done.
2021-11-24 18:37:55,608 - INFO - run_model_tuner - Saving result dataframe to disk...
2021-11-24 18:37:55,608 - INFO - run_model_tuner - Saving result dataframe to disk...
2021-11-24 18:37:55,608 - INFO - run_model_tuner - Saving result dataframe to disk...
2021-11-24 18:37:55,608 - INFO - run_model_tuner - Saving result dataframe to disk...
2021-11-24 18:37:55,614 - INFO - run_model_tuner - Saving result dataframe to disk Done.
2021-11-24 18:37:55,614 - INFO - run_model_tuner - Saving result dataframe to disk Done.
2021-11-24 18:37:55,614 - INFO - run_model_tuner - Saving result dataframe to disk Done.
2021-11-24 18:37:55,614 - INFO - run_model_tuner - Saving result dataframe to disk Done.
2021-11-24 18:48:12,269 - INFO - __init__ - Model tuner initialized. --------------------------------------------------
2021-11-24 18:48:12,269 - INFO - run_model_tuner - Model Tuner Started...
2021-11-24 18:48:12,269 - INFO - run_model_tuner - Running all model from model finder class to train data and find best model...
2021-11-24 18:48:12,269 - INFO - run_model_tuner - Running Linear Regression...
2021-11-24 18:48:12,273 - INFO - run_model_tuner - Linear Regression Done.
2021-11-24 18:48:12,273 - INFO - run_model_tuner - Running Ridge regression...
2021-11-24 18:48:12,590 - INFO - run_model_tuner - Ridge regression Done.
2021-11-24 18:48:12,590 - INFO - run_model_tuner - Running Lasso regression...
2021-11-24 18:48:15,216 - INFO - run_model_tuner - Lasso regression Done.
2021-11-24 18:48:15,216 - INFO - run_model_tuner - Running Elastic Net regression...
2021-11-24 18:48:15,409 - INFO - run_model_tuner - Elastic Net regression Done.
2021-11-24 18:48:15,409 - INFO - run_model_tuner - Running Decision Tree...
2021-11-24 18:48:15,642 - INFO - run_model_tuner - Decision Tree Done.
2021-11-24 18:48:15,642 - INFO - run_model_tuner - Running Random Forest...
2021-11-24 18:48:19,125 - INFO - run_model_tuner - Random Forest Done.
2021-11-24 18:48:19,126 - INFO - run_model_tuner - Running Gradient Boosting...
2021-11-24 18:48:19,553 - INFO - run_model_tuner - Gradient Boosting Done.
2021-11-24 18:48:19,553 - INFO - run_model_tuner - Running AdaBoost...
2021-11-24 18:48:20,542 - INFO - run_model_tuner - AdaBoost Done.
2021-11-24 18:48:20,542 - INFO - run_model_tuner - Running ExtraTree Regressor...
2021-11-24 18:48:22,851 - INFO - run_model_tuner - ExtraTree Regressor Done.
2021-11-24 18:48:22,852 - INFO - run_model_tuner - Running XGBoost...
2021-11-24 18:48:24,039 - INFO - run_model_tuner - XGBoost Done.
2021-11-24 18:48:24,040 - INFO - run_model_tuner - Running SVR...
2021-11-24 18:48:24,830 - INFO - run_model_tuner - SVR Done.
2021-11-24 18:48:24,831 - INFO - run_model_tuner - Running Kenighbours Regressor...
2021-11-24 18:48:25,244 - INFO - run_model_tuner - Kenighbours Regressor Done.
2021-11-24 18:48:25,246 - INFO - run_model_tuner - Calculating test score and loss for all model...
2021-11-24 18:48:25,335 - INFO - run_model_tuner - Calculating test score and loss for all model Done.
2021-11-24 18:48:25,335 - INFO - run_model_tuner - Saving result dataframe to disk...
2021-11-24 18:48:25,338 - INFO - run_model_tuner - Saving result dataframe to disk Done.
2021-11-24 18:48:25,349 - INFO - __init__ - Model tuner initialized. --------------------------------------------------
2021-11-24 18:48:25,349 - INFO - __init__ - Model tuner initialized. --------------------------------------------------
2021-11-24 18:48:25,349 - INFO - run_model_tuner - Model Tuner Started...
2021-11-24 18:48:25,349 - INFO - run_model_tuner - Model Tuner Started...
2021-11-24 18:48:25,349 - INFO - run_model_tuner - Running all model from model finder class to train data and find best model...
2021-11-24 18:48:25,349 - INFO - run_model_tuner - Running all model from model finder class to train data and find best model...
2021-11-24 18:48:25,349 - INFO - run_model_tuner - Running Linear Regression...
2021-11-24 18:48:25,349 - INFO - run_model_tuner - Running Linear Regression...
2021-11-24 18:48:25,354 - INFO - run_model_tuner - Linear Regression Done.
2021-11-24 18:48:25,354 - INFO - run_model_tuner - Linear Regression Done.
2021-11-24 18:48:25,354 - INFO - run_model_tuner - Running Ridge regression...
2021-11-24 18:48:25,354 - INFO - run_model_tuner - Running Ridge regression...
2021-11-24 18:48:25,646 - INFO - run_model_tuner - Ridge regression Done.
2021-11-24 18:48:25,646 - INFO - run_model_tuner - Ridge regression Done.
2021-11-24 18:48:25,647 - INFO - run_model_tuner - Running Lasso regression...
2021-11-24 18:48:25,647 - INFO - run_model_tuner - Running Lasso regression...
2021-11-24 18:48:28,283 - INFO - run_model_tuner - Lasso regression Done.
2021-11-24 18:48:28,283 - INFO - run_model_tuner - Lasso regression Done.
2021-11-24 18:48:28,284 - INFO - run_model_tuner - Running Elastic Net regression...
2021-11-24 18:48:28,284 - INFO - run_model_tuner - Running Elastic Net regression...
2021-11-24 18:48:28,454 - INFO - run_model_tuner - Elastic Net regression Done.
2021-11-24 18:48:28,454 - INFO - run_model_tuner - Elastic Net regression Done.
2021-11-24 18:48:28,454 - INFO - run_model_tuner - Running Decision Tree...
2021-11-24 18:48:28,454 - INFO - run_model_tuner - Running Decision Tree...
2021-11-24 18:48:28,703 - INFO - run_model_tuner - Decision Tree Done.
2021-11-24 18:48:28,703 - INFO - run_model_tuner - Decision Tree Done.
2021-11-24 18:48:28,703 - INFO - run_model_tuner - Running Random Forest...
2021-11-24 18:48:28,703 - INFO - run_model_tuner - Running Random Forest...
2021-11-24 18:48:31,780 - INFO - run_model_tuner - Random Forest Done.
2021-11-24 18:48:31,780 - INFO - run_model_tuner - Random Forest Done.
2021-11-24 18:48:31,780 - INFO - run_model_tuner - Running Gradient Boosting...
2021-11-24 18:48:31,780 - INFO - run_model_tuner - Running Gradient Boosting...
2021-11-24 18:48:32,205 - INFO - run_model_tuner - Gradient Boosting Done.
2021-11-24 18:48:32,205 - INFO - run_model_tuner - Gradient Boosting Done.
2021-11-24 18:48:32,205 - INFO - run_model_tuner - Running AdaBoost...
2021-11-24 18:48:32,205 - INFO - run_model_tuner - Running AdaBoost...
2021-11-24 18:48:33,430 - INFO - run_model_tuner - AdaBoost Done.
2021-11-24 18:48:33,430 - INFO - run_model_tuner - AdaBoost Done.
2021-11-24 18:48:33,430 - INFO - run_model_tuner - Running ExtraTree Regressor...
2021-11-24 18:48:33,430 - INFO - run_model_tuner - Running ExtraTree Regressor...
2021-11-24 18:48:35,519 - INFO - run_model_tuner - ExtraTree Regressor Done.
2021-11-24 18:48:35,519 - INFO - run_model_tuner - ExtraTree Regressor Done.
2021-11-24 18:48:35,519 - INFO - run_model_tuner - Running XGBoost...
2021-11-24 18:48:35,519 - INFO - run_model_tuner - Running XGBoost...
2021-11-24 18:48:36,579 - INFO - run_model_tuner - XGBoost Done.
2021-11-24 18:48:36,579 - INFO - run_model_tuner - XGBoost Done.
2021-11-24 18:48:36,579 - INFO - run_model_tuner - Running SVR...
2021-11-24 18:48:36,579 - INFO - run_model_tuner - Running SVR...
2021-11-24 18:48:37,298 - INFO - run_model_tuner - SVR Done.
2021-11-24 18:48:37,298 - INFO - run_model_tuner - SVR Done.
2021-11-24 18:48:37,298 - INFO - run_model_tuner - Running Kenighbours Regressor...
2021-11-24 18:48:37,298 - INFO - run_model_tuner - Running Kenighbours Regressor...
2021-11-24 18:48:37,677 - INFO - run_model_tuner - Kenighbours Regressor Done.
2021-11-24 18:48:37,677 - INFO - run_model_tuner - Kenighbours Regressor Done.
2021-11-24 18:48:37,678 - INFO - run_model_tuner - Calculating test score and loss for all model...
2021-11-24 18:48:37,678 - INFO - run_model_tuner - Calculating test score and loss for all model...
2021-11-24 18:48:37,790 - INFO - run_model_tuner - Calculating test score and loss for all model Done.
2021-11-24 18:48:37,790 - INFO - run_model_tuner - Calculating test score and loss for all model Done.
2021-11-24 18:48:37,790 - INFO - run_model_tuner - Saving result dataframe to disk...
2021-11-24 18:48:37,790 - INFO - run_model_tuner - Saving result dataframe to disk...
2021-11-24 18:48:37,795 - INFO - run_model_tuner - Saving result dataframe to disk Done.
2021-11-24 18:48:37,795 - INFO - run_model_tuner - Saving result dataframe to disk Done.
2021-11-24 18:48:37,910 - INFO - __init__ - Model tuner initialized. --------------------------------------------------
2021-11-24 18:48:37,910 - INFO - __init__ - Model tuner initialized. --------------------------------------------------
2021-11-24 18:48:37,910 - INFO - __init__ - Model tuner initialized. --------------------------------------------------
2021-11-24 18:48:37,911 - INFO - run_model_tuner - Model Tuner Started...
2021-11-24 18:48:37,911 - INFO - run_model_tuner - Model Tuner Started...
2021-11-24 18:48:37,911 - INFO - run_model_tuner - Model Tuner Started...
2021-11-24 18:48:37,911 - INFO - run_model_tuner - Running all model from model finder class to train data and find best model...
2021-11-24 18:48:37,911 - INFO - run_model_tuner - Running all model from model finder class to train data and find best model...
2021-11-24 18:48:37,911 - INFO - run_model_tuner - Running all model from model finder class to train data and find best model...
2021-11-24 18:48:37,911 - INFO - run_model_tuner - Running Linear Regression...
2021-11-24 18:48:37,911 - INFO - run_model_tuner - Running Linear Regression...
2021-11-24 18:48:37,911 - INFO - run_model_tuner - Running Linear Regression...
2021-11-24 18:48:37,915 - INFO - run_model_tuner - Linear Regression Done.
2021-11-24 18:48:37,915 - INFO - run_model_tuner - Linear Regression Done.
2021-11-24 18:48:37,915 - INFO - run_model_tuner - Linear Regression Done.
2021-11-24 18:48:37,916 - INFO - run_model_tuner - Running Ridge regression...
2021-11-24 18:48:37,916 - INFO - run_model_tuner - Running Ridge regression...
2021-11-24 18:48:37,916 - INFO - run_model_tuner - Running Ridge regression...
2021-11-24 18:48:38,248 - INFO - run_model_tuner - Ridge regression Done.
2021-11-24 18:48:38,248 - INFO - run_model_tuner - Ridge regression Done.
2021-11-24 18:48:38,248 - INFO - run_model_tuner - Ridge regression Done.
2021-11-24 18:48:38,248 - INFO - run_model_tuner - Running Lasso regression...
2021-11-24 18:48:38,248 - INFO - run_model_tuner - Running Lasso regression...
2021-11-24 18:48:38,248 - INFO - run_model_tuner - Running Lasso regression...
2021-11-24 18:48:40,900 - INFO - run_model_tuner - Lasso regression Done.
2021-11-24 18:48:40,900 - INFO - run_model_tuner - Lasso regression Done.
2021-11-24 18:48:40,900 - INFO - run_model_tuner - Lasso regression Done.
2021-11-24 18:48:40,900 - INFO - run_model_tuner - Running Elastic Net regression...
2021-11-24 18:48:40,900 - INFO - run_model_tuner - Running Elastic Net regression...
2021-11-24 18:48:40,900 - INFO - run_model_tuner - Running Elastic Net regression...
2021-11-24 18:48:41,063 - INFO - run_model_tuner - Elastic Net regression Done.
2021-11-24 18:48:41,063 - INFO - run_model_tuner - Elastic Net regression Done.
2021-11-24 18:48:41,063 - INFO - run_model_tuner - Elastic Net regression Done.
2021-11-24 18:48:41,064 - INFO - run_model_tuner - Running Decision Tree...
2021-11-24 18:48:41,064 - INFO - run_model_tuner - Running Decision Tree...
2021-11-24 18:48:41,064 - INFO - run_model_tuner - Running Decision Tree...
2021-11-24 18:48:41,213 - INFO - run_model_tuner - Decision Tree Done.
2021-11-24 18:48:41,213 - INFO - run_model_tuner - Decision Tree Done.
2021-11-24 18:48:41,213 - INFO - run_model_tuner - Decision Tree Done.
2021-11-24 18:48:41,214 - INFO - run_model_tuner - Running Random Forest...
2021-11-24 18:48:41,214 - INFO - run_model_tuner - Running Random Forest...
2021-11-24 18:48:41,214 - INFO - run_model_tuner - Running Random Forest...
2021-11-24 18:48:44,818 - INFO - run_model_tuner - Random Forest Done.
2021-11-24 18:48:44,818 - INFO - run_model_tuner - Random Forest Done.
2021-11-24 18:48:44,818 - INFO - run_model_tuner - Random Forest Done.
2021-11-24 18:48:44,818 - INFO - run_model_tuner - Running Gradient Boosting...
2021-11-24 18:48:44,818 - INFO - run_model_tuner - Running Gradient Boosting...
2021-11-24 18:48:44,818 - INFO - run_model_tuner - Running Gradient Boosting...
2021-11-24 18:48:45,191 - INFO - run_model_tuner - Gradient Boosting Done.
2021-11-24 18:48:45,191 - INFO - run_model_tuner - Gradient Boosting Done.
2021-11-24 18:48:45,191 - INFO - run_model_tuner - Gradient Boosting Done.
2021-11-24 18:48:45,191 - INFO - run_model_tuner - Running AdaBoost...
2021-11-24 18:48:45,191 - INFO - run_model_tuner - Running AdaBoost...
2021-11-24 18:48:45,191 - INFO - run_model_tuner - Running AdaBoost...
2021-11-24 18:48:46,146 - INFO - run_model_tuner - AdaBoost Done.
2021-11-24 18:48:46,146 - INFO - run_model_tuner - AdaBoost Done.
2021-11-24 18:48:46,146 - INFO - run_model_tuner - AdaBoost Done.
2021-11-24 18:48:46,147 - INFO - run_model_tuner - Running ExtraTree Regressor...
2021-11-24 18:48:46,147 - INFO - run_model_tuner - Running ExtraTree Regressor...
2021-11-24 18:48:46,147 - INFO - run_model_tuner - Running ExtraTree Regressor...
2021-11-24 18:48:48,047 - INFO - run_model_tuner - ExtraTree Regressor Done.
2021-11-24 18:48:48,047 - INFO - run_model_tuner - ExtraTree Regressor Done.
2021-11-24 18:48:48,047 - INFO - run_model_tuner - ExtraTree Regressor Done.
2021-11-24 18:48:48,048 - INFO - run_model_tuner - Running XGBoost...
2021-11-24 18:48:48,048 - INFO - run_model_tuner - Running XGBoost...
2021-11-24 18:48:48,048 - INFO - run_model_tuner - Running XGBoost...
2021-11-24 18:48:49,014 - INFO - run_model_tuner - XGBoost Done.
2021-11-24 18:48:49,014 - INFO - run_model_tuner - XGBoost Done.
2021-11-24 18:48:49,014 - INFO - run_model_tuner - XGBoost Done.
2021-11-24 18:48:49,016 - INFO - run_model_tuner - Running SVR...
2021-11-24 18:48:49,016 - INFO - run_model_tuner - Running SVR...
2021-11-24 18:48:49,016 - INFO - run_model_tuner - Running SVR...
2021-11-24 18:48:49,833 - INFO - run_model_tuner - SVR Done.
2021-11-24 18:48:49,833 - INFO - run_model_tuner - SVR Done.
2021-11-24 18:48:49,833 - INFO - run_model_tuner - SVR Done.
2021-11-24 18:48:49,834 - INFO - run_model_tuner - Running Kenighbours Regressor...
2021-11-24 18:48:49,834 - INFO - run_model_tuner - Running Kenighbours Regressor...
2021-11-24 18:48:49,834 - INFO - run_model_tuner - Running Kenighbours Regressor...
2021-11-24 18:48:50,257 - INFO - run_model_tuner - Kenighbours Regressor Done.
2021-11-24 18:48:50,257 - INFO - run_model_tuner - Kenighbours Regressor Done.
2021-11-24 18:48:50,257 - INFO - run_model_tuner - Kenighbours Regressor Done.
2021-11-24 18:48:50,258 - INFO - run_model_tuner - Calculating test score and loss for all model...
2021-11-24 18:48:50,258 - INFO - run_model_tuner - Calculating test score and loss for all model...
2021-11-24 18:48:50,258 - INFO - run_model_tuner - Calculating test score and loss for all model...
2021-11-24 18:48:50,369 - INFO - run_model_tuner - Calculating test score and loss for all model Done.
2021-11-24 18:48:50,369 - INFO - run_model_tuner - Calculating test score and loss for all model Done.
2021-11-24 18:48:50,369 - INFO - run_model_tuner - Calculating test score and loss for all model Done.
2021-11-24 18:48:50,369 - INFO - run_model_tuner - Saving result dataframe to disk...
2021-11-24 18:48:50,369 - INFO - run_model_tuner - Saving result dataframe to disk...
2021-11-24 18:48:50,369 - INFO - run_model_tuner - Saving result dataframe to disk...
2021-11-24 18:48:50,374 - INFO - run_model_tuner - Saving result dataframe to disk Done.
2021-11-24 18:48:50,374 - INFO - run_model_tuner - Saving result dataframe to disk Done.
2021-11-24 18:48:50,374 - INFO - run_model_tuner - Saving result dataframe to disk Done.
2021-11-24 18:48:50,390 - INFO - __init__ - Model tuner initialized. --------------------------------------------------
2021-11-24 18:48:50,390 - INFO - __init__ - Model tuner initialized. --------------------------------------------------
2021-11-24 18:48:50,390 - INFO - __init__ - Model tuner initialized. --------------------------------------------------
2021-11-24 18:48:50,390 - INFO - __init__ - Model tuner initialized. --------------------------------------------------
2021-11-24 18:48:50,391 - INFO - run_model_tuner - Model Tuner Started...
2021-11-24 18:48:50,391 - INFO - run_model_tuner - Model Tuner Started...
2021-11-24 18:48:50,391 - INFO - run_model_tuner - Model Tuner Started...
2021-11-24 18:48:50,391 - INFO - run_model_tuner - Model Tuner Started...
2021-11-24 18:48:50,391 - INFO - run_model_tuner - Running all model from model finder class to train data and find best model...
2021-11-24 18:48:50,391 - INFO - run_model_tuner - Running all model from model finder class to train data and find best model...
2021-11-24 18:48:50,391 - INFO - run_model_tuner - Running all model from model finder class to train data and find best model...
2021-11-24 18:48:50,391 - INFO - run_model_tuner - Running all model from model finder class to train data and find best model...
2021-11-24 18:48:50,392 - INFO - run_model_tuner - Running Linear Regression...
2021-11-24 18:48:50,392 - INFO - run_model_tuner - Running Linear Regression...
2021-11-24 18:48:50,392 - INFO - run_model_tuner - Running Linear Regression...
2021-11-24 18:48:50,392 - INFO - run_model_tuner - Running Linear Regression...
2021-11-24 18:48:50,397 - INFO - run_model_tuner - Linear Regression Done.
2021-11-24 18:48:50,397 - INFO - run_model_tuner - Linear Regression Done.
2021-11-24 18:48:50,397 - INFO - run_model_tuner - Linear Regression Done.
2021-11-24 18:48:50,397 - INFO - run_model_tuner - Linear Regression Done.
2021-11-24 18:48:50,397 - INFO - run_model_tuner - Running Ridge regression...
2021-11-24 18:48:50,397 - INFO - run_model_tuner - Running Ridge regression...
2021-11-24 18:48:50,397 - INFO - run_model_tuner - Running Ridge regression...
2021-11-24 18:48:50,397 - INFO - run_model_tuner - Running Ridge regression...
2021-11-24 18:48:50,772 - INFO - run_model_tuner - Ridge regression Done.
2021-11-24 18:48:50,772 - INFO - run_model_tuner - Ridge regression Done.
2021-11-24 18:48:50,772 - INFO - run_model_tuner - Ridge regression Done.
2021-11-24 18:48:50,772 - INFO - run_model_tuner - Ridge regression Done.
2021-11-24 18:48:50,773 - INFO - run_model_tuner - Running Lasso regression...
2021-11-24 18:48:50,773 - INFO - run_model_tuner - Running Lasso regression...
2021-11-24 18:48:50,773 - INFO - run_model_tuner - Running Lasso regression...
2021-11-24 18:48:50,773 - INFO - run_model_tuner - Running Lasso regression...
2021-11-24 18:48:53,246 - INFO - run_model_tuner - Lasso regression Done.
2021-11-24 18:48:53,246 - INFO - run_model_tuner - Lasso regression Done.
2021-11-24 18:48:53,246 - INFO - run_model_tuner - Lasso regression Done.
2021-11-24 18:48:53,246 - INFO - run_model_tuner - Lasso regression Done.
2021-11-24 18:48:53,247 - INFO - run_model_tuner - Running Elastic Net regression...
2021-11-24 18:48:53,247 - INFO - run_model_tuner - Running Elastic Net regression...
2021-11-24 18:48:53,247 - INFO - run_model_tuner - Running Elastic Net regression...
2021-11-24 18:48:53,247 - INFO - run_model_tuner - Running Elastic Net regression...
2021-11-24 18:48:53,430 - INFO - run_model_tuner - Elastic Net regression Done.
2021-11-24 18:48:53,430 - INFO - run_model_tuner - Elastic Net regression Done.
2021-11-24 18:48:53,430 - INFO - run_model_tuner - Elastic Net regression Done.
2021-11-24 18:48:53,430 - INFO - run_model_tuner - Elastic Net regression Done.
2021-11-24 18:48:53,430 - INFO - run_model_tuner - Running Decision Tree...
2021-11-24 18:48:53,430 - INFO - run_model_tuner - Running Decision Tree...
2021-11-24 18:48:53,430 - INFO - run_model_tuner - Running Decision Tree...
2021-11-24 18:48:53,430 - INFO - run_model_tuner - Running Decision Tree...
2021-11-24 18:48:53,597 - INFO - run_model_tuner - Decision Tree Done.
2021-11-24 18:48:53,597 - INFO - run_model_tuner - Decision Tree Done.
2021-11-24 18:48:53,597 - INFO - run_model_tuner - Decision Tree Done.
2021-11-24 18:48:53,597 - INFO - run_model_tuner - Decision Tree Done.
2021-11-24 18:48:53,598 - INFO - run_model_tuner - Running Random Forest...
2021-11-24 18:48:53,598 - INFO - run_model_tuner - Running Random Forest...
2021-11-24 18:48:53,598 - INFO - run_model_tuner - Running Random Forest...
2021-11-24 18:48:53,598 - INFO - run_model_tuner - Running Random Forest...
2021-11-24 18:48:57,131 - INFO - run_model_tuner - Random Forest Done.
2021-11-24 18:48:57,131 - INFO - run_model_tuner - Random Forest Done.
2021-11-24 18:48:57,131 - INFO - run_model_tuner - Random Forest Done.
2021-11-24 18:48:57,131 - INFO - run_model_tuner - Random Forest Done.
2021-11-24 18:48:57,131 - INFO - run_model_tuner - Running Gradient Boosting...
2021-11-24 18:48:57,131 - INFO - run_model_tuner - Running Gradient Boosting...
2021-11-24 18:48:57,131 - INFO - run_model_tuner - Running Gradient Boosting...
2021-11-24 18:48:57,131 - INFO - run_model_tuner - Running Gradient Boosting...
2021-11-24 18:48:57,477 - INFO - run_model_tuner - Gradient Boosting Done.
2021-11-24 18:48:57,477 - INFO - run_model_tuner - Gradient Boosting Done.
2021-11-24 18:48:57,477 - INFO - run_model_tuner - Gradient Boosting Done.
2021-11-24 18:48:57,477 - INFO - run_model_tuner - Gradient Boosting Done.
2021-11-24 18:48:57,478 - INFO - run_model_tuner - Running AdaBoost...
2021-11-24 18:48:57,478 - INFO - run_model_tuner - Running AdaBoost...
2021-11-24 18:48:57,478 - INFO - run_model_tuner - Running AdaBoost...
2021-11-24 18:48:57,478 - INFO - run_model_tuner - Running AdaBoost...
2021-11-24 18:48:58,584 - INFO - run_model_tuner - AdaBoost Done.
2021-11-24 18:48:58,584 - INFO - run_model_tuner - AdaBoost Done.
2021-11-24 18:48:58,584 - INFO - run_model_tuner - AdaBoost Done.
2021-11-24 18:48:58,584 - INFO - run_model_tuner - AdaBoost Done.
2021-11-24 18:48:58,585 - INFO - run_model_tuner - Running ExtraTree Regressor...
2021-11-24 18:48:58,585 - INFO - run_model_tuner - Running ExtraTree Regressor...
2021-11-24 18:48:58,585 - INFO - run_model_tuner - Running ExtraTree Regressor...
2021-11-24 18:48:58,585 - INFO - run_model_tuner - Running ExtraTree Regressor...
2021-11-24 18:49:00,583 - INFO - run_model_tuner - ExtraTree Regressor Done.
2021-11-24 18:49:00,583 - INFO - run_model_tuner - ExtraTree Regressor Done.
2021-11-24 18:49:00,583 - INFO - run_model_tuner - ExtraTree Regressor Done.
2021-11-24 18:49:00,583 - INFO - run_model_tuner - ExtraTree Regressor Done.
2021-11-24 18:49:00,584 - INFO - run_model_tuner - Running XGBoost...
2021-11-24 18:49:00,584 - INFO - run_model_tuner - Running XGBoost...
2021-11-24 18:49:00,584 - INFO - run_model_tuner - Running XGBoost...
2021-11-24 18:49:00,584 - INFO - run_model_tuner - Running XGBoost...
2021-11-24 18:49:02,078 - INFO - run_model_tuner - XGBoost Done.
2021-11-24 18:49:02,078 - INFO - run_model_tuner - XGBoost Done.
2021-11-24 18:49:02,078 - INFO - run_model_tuner - XGBoost Done.
2021-11-24 18:49:02,078 - INFO - run_model_tuner - XGBoost Done.
2021-11-24 18:49:02,079 - INFO - run_model_tuner - Running SVR...
2021-11-24 18:49:02,079 - INFO - run_model_tuner - Running SVR...
2021-11-24 18:49:02,079 - INFO - run_model_tuner - Running SVR...
2021-11-24 18:49:02,079 - INFO - run_model_tuner - Running SVR...
2021-11-24 18:49:02,976 - INFO - run_model_tuner - SVR Done.
2021-11-24 18:49:02,976 - INFO - run_model_tuner - SVR Done.
2021-11-24 18:49:02,976 - INFO - run_model_tuner - SVR Done.
2021-11-24 18:49:02,976 - INFO - run_model_tuner - SVR Done.
2021-11-24 18:49:02,976 - INFO - run_model_tuner - Running Kenighbours Regressor...
2021-11-24 18:49:02,976 - INFO - run_model_tuner - Running Kenighbours Regressor...
2021-11-24 18:49:02,976 - INFO - run_model_tuner - Running Kenighbours Regressor...
2021-11-24 18:49:02,976 - INFO - run_model_tuner - Running Kenighbours Regressor...
2021-11-24 18:49:03,445 - INFO - run_model_tuner - Kenighbours Regressor Done.
2021-11-24 18:49:03,445 - INFO - run_model_tuner - Kenighbours Regressor Done.
2021-11-24 18:49:03,445 - INFO - run_model_tuner - Kenighbours Regressor Done.
2021-11-24 18:49:03,445 - INFO - run_model_tuner - Kenighbours Regressor Done.
2021-11-24 18:49:03,446 - INFO - run_model_tuner - Calculating test score and loss for all model...
2021-11-24 18:49:03,446 - INFO - run_model_tuner - Calculating test score and loss for all model...
2021-11-24 18:49:03,446 - INFO - run_model_tuner - Calculating test score and loss for all model...
2021-11-24 18:49:03,446 - INFO - run_model_tuner - Calculating test score and loss for all model...
2021-11-24 18:49:03,582 - INFO - run_model_tuner - Calculating test score and loss for all model Done.
2021-11-24 18:49:03,582 - INFO - run_model_tuner - Calculating test score and loss for all model Done.
2021-11-24 18:49:03,582 - INFO - run_model_tuner - Calculating test score and loss for all model Done.
2021-11-24 18:49:03,582 - INFO - run_model_tuner - Calculating test score and loss for all model Done.
2021-11-24 18:49:03,583 - INFO - run_model_tuner - Saving result dataframe to disk...
2021-11-24 18:49:03,583 - INFO - run_model_tuner - Saving result dataframe to disk...
2021-11-24 18:49:03,583 - INFO - run_model_tuner - Saving result dataframe to disk...
2021-11-24 18:49:03,583 - INFO - run_model_tuner - Saving result dataframe to disk...
2021-11-24 18:49:03,587 - INFO - run_model_tuner - Saving result dataframe to disk Done.
2021-11-24 18:49:03,587 - INFO - run_model_tuner - Saving result dataframe to disk Done.
2021-11-24 18:49:03,587 - INFO - run_model_tuner - Saving result dataframe to disk Done.
2021-11-24 18:49:03,587 - INFO - run_model_tuner - Saving result dataframe to disk Done.
2021-11-24 18:52:15,292 - INFO - __init__ - Model tuner initialized. --------------------------------------------------
2021-11-24 18:52:15,293 - INFO - run_model_tuner - Model Tuner Started...
2021-11-24 18:52:15,293 - INFO - run_model_tuner - Running all model from model finder class to train data and find best model...
2021-11-24 18:52:15,293 - INFO - run_model_tuner - Running Linear Regression...
2021-11-24 18:52:15,301 - INFO - run_model_tuner - Linear Regression Done.
2021-11-24 18:52:15,301 - INFO - run_model_tuner - Running Ridge regression...
2021-11-24 18:52:15,721 - INFO - run_model_tuner - Ridge regression Done.
2021-11-24 18:52:15,721 - INFO - run_model_tuner - Running Lasso regression...
2021-11-24 18:52:18,958 - INFO - run_model_tuner - Lasso regression Done.
2021-11-24 18:52:18,959 - INFO - run_model_tuner - Running Elastic Net regression...
2021-11-24 18:52:19,198 - INFO - run_model_tuner - Elastic Net regression Done.
2021-11-24 18:52:19,199 - INFO - run_model_tuner - Running Decision Tree...
2021-11-24 18:52:19,422 - INFO - run_model_tuner - Decision Tree Done.
2021-11-24 18:52:19,422 - INFO - run_model_tuner - Running Random Forest...
2021-11-24 18:52:24,254 - INFO - run_model_tuner - Random Forest Done.
2021-11-24 18:52:24,254 - INFO - run_model_tuner - Running Gradient Boosting...
2021-11-24 18:52:24,758 - INFO - run_model_tuner - Gradient Boosting Done.
2021-11-24 18:52:24,758 - INFO - run_model_tuner - Running AdaBoost...
2021-11-24 18:52:26,041 - INFO - run_model_tuner - AdaBoost Done.
2021-11-24 18:52:26,041 - INFO - run_model_tuner - Running ExtraTree Regressor...
2021-11-24 18:52:29,034 - INFO - run_model_tuner - ExtraTree Regressor Done.
2021-11-24 18:52:29,034 - INFO - run_model_tuner - Running XGBoost...
2021-11-24 18:52:30,747 - INFO - run_model_tuner - XGBoost Done.
2021-11-24 18:52:30,747 - INFO - run_model_tuner - Running SVR...
2021-11-24 18:52:31,843 - INFO - run_model_tuner - SVR Done.
2021-11-24 18:52:31,844 - INFO - run_model_tuner - Running Kenighbours Regressor...
2021-11-24 18:52:32,338 - INFO - run_model_tuner - Kenighbours Regressor Done.
2021-11-24 18:52:32,339 - INFO - run_model_tuner - Calculating test score and loss for all model...
2021-11-24 18:52:32,478 - INFO - run_model_tuner - Calculating test score and loss for all model Done.
2021-11-24 18:52:32,478 - INFO - run_model_tuner - Saving result dataframe to disk...
2021-11-24 18:52:32,482 - INFO - run_model_tuner - Saving result dataframe to disk Done.
2021-11-24 18:52:32,621 - INFO - __init__ - Model tuner initialized. --------------------------------------------------
2021-11-24 18:52:32,621 - INFO - __init__ - Model tuner initialized. --------------------------------------------------
2021-11-24 18:52:32,621 - INFO - run_model_tuner - Model Tuner Started...
2021-11-24 18:52:32,621 - INFO - run_model_tuner - Model Tuner Started...
2021-11-24 18:52:32,621 - INFO - run_model_tuner - Running all model from model finder class to train data and find best model...
2021-11-24 18:52:32,621 - INFO - run_model_tuner - Running all model from model finder class to train data and find best model...
2021-11-24 18:52:32,622 - INFO - run_model_tuner - Running Linear Regression...
2021-11-24 18:52:32,622 - INFO - run_model_tuner - Running Linear Regression...
2021-11-24 18:52:32,626 - INFO - run_model_tuner - Linear Regression Done.
2021-11-24 18:52:32,626 - INFO - run_model_tuner - Linear Regression Done.
2021-11-24 18:52:32,626 - INFO - run_model_tuner - Running Ridge regression...
2021-11-24 18:52:32,626 - INFO - run_model_tuner - Running Ridge regression...
2021-11-24 18:52:33,012 - INFO - run_model_tuner - Ridge regression Done.
2021-11-24 18:52:33,012 - INFO - run_model_tuner - Ridge regression Done.
2021-11-24 18:52:33,013 - INFO - run_model_tuner - Running Lasso regression...
2021-11-24 18:52:33,013 - INFO - run_model_tuner - Running Lasso regression...
2021-11-24 18:52:36,138 - INFO - run_model_tuner - Lasso regression Done.
2021-11-24 18:52:36,138 - INFO - run_model_tuner - Lasso regression Done.
2021-11-24 18:52:36,138 - INFO - run_model_tuner - Running Elastic Net regression...
2021-11-24 18:52:36,138 - INFO - run_model_tuner - Running Elastic Net regression...
2021-11-24 18:52:36,336 - INFO - run_model_tuner - Elastic Net regression Done.
2021-11-24 18:52:36,336 - INFO - run_model_tuner - Elastic Net regression Done.
2021-11-24 18:52:36,337 - INFO - run_model_tuner - Running Decision Tree...
2021-11-24 18:52:36,337 - INFO - run_model_tuner - Running Decision Tree...
2021-11-24 18:52:36,528 - INFO - run_model_tuner - Decision Tree Done.
2021-11-24 18:52:36,528 - INFO - run_model_tuner - Decision Tree Done.
2021-11-24 18:52:36,528 - INFO - run_model_tuner - Running Random Forest...
2021-11-24 18:52:36,528 - INFO - run_model_tuner - Running Random Forest...
2021-11-24 18:52:41,047 - INFO - run_model_tuner - Random Forest Done.
2021-11-24 18:52:41,047 - INFO - run_model_tuner - Random Forest Done.
2021-11-24 18:52:41,047 - INFO - run_model_tuner - Running Gradient Boosting...
2021-11-24 18:52:41,047 - INFO - run_model_tuner - Running Gradient Boosting...
2021-11-24 18:52:41,628 - INFO - run_model_tuner - Gradient Boosting Done.
2021-11-24 18:52:41,628 - INFO - run_model_tuner - Gradient Boosting Done.
2021-11-24 18:52:41,628 - INFO - run_model_tuner - Running AdaBoost...
2021-11-24 18:52:41,628 - INFO - run_model_tuner - Running AdaBoost...
2021-11-24 18:52:42,988 - INFO - run_model_tuner - AdaBoost Done.
2021-11-24 18:52:42,988 - INFO - run_model_tuner - AdaBoost Done.
2021-11-24 18:52:42,990 - INFO - run_model_tuner - Running ExtraTree Regressor...
2021-11-24 18:52:42,990 - INFO - run_model_tuner - Running ExtraTree Regressor...
2021-11-24 18:52:46,073 - INFO - run_model_tuner - ExtraTree Regressor Done.
2021-11-24 18:52:46,073 - INFO - run_model_tuner - ExtraTree Regressor Done.
2021-11-24 18:52:46,074 - INFO - run_model_tuner - Running XGBoost...
2021-11-24 18:52:46,074 - INFO - run_model_tuner - Running XGBoost...
2021-11-24 18:52:47,976 - INFO - run_model_tuner - XGBoost Done.
2021-11-24 18:52:47,976 - INFO - run_model_tuner - XGBoost Done.
2021-11-24 18:52:47,977 - INFO - run_model_tuner - Running SVR...
2021-11-24 18:52:47,977 - INFO - run_model_tuner - Running SVR...
2021-11-24 18:52:48,881 - INFO - run_model_tuner - SVR Done.
2021-11-24 18:52:48,881 - INFO - run_model_tuner - SVR Done.
2021-11-24 18:52:48,882 - INFO - run_model_tuner - Running Kenighbours Regressor...
2021-11-24 18:52:48,882 - INFO - run_model_tuner - Running Kenighbours Regressor...
2021-11-24 18:52:49,354 - INFO - run_model_tuner - Kenighbours Regressor Done.
2021-11-24 18:52:49,354 - INFO - run_model_tuner - Kenighbours Regressor Done.
2021-11-24 18:52:49,356 - INFO - run_model_tuner - Calculating test score and loss for all model...
2021-11-24 18:52:49,356 - INFO - run_model_tuner - Calculating test score and loss for all model...
2021-11-24 18:52:49,483 - INFO - run_model_tuner - Calculating test score and loss for all model Done.
2021-11-24 18:52:49,483 - INFO - run_model_tuner - Calculating test score and loss for all model Done.
2021-11-24 18:52:49,484 - INFO - run_model_tuner - Saving result dataframe to disk...
2021-11-24 18:52:49,484 - INFO - run_model_tuner - Saving result dataframe to disk...
2021-11-24 18:52:49,489 - INFO - run_model_tuner - Saving result dataframe to disk Done.
2021-11-24 18:52:49,489 - INFO - run_model_tuner - Saving result dataframe to disk Done.
2021-11-24 18:52:49,646 - INFO - __init__ - Model tuner initialized. --------------------------------------------------
2021-11-24 18:52:49,646 - INFO - __init__ - Model tuner initialized. --------------------------------------------------
2021-11-24 18:52:49,646 - INFO - __init__ - Model tuner initialized. --------------------------------------------------
2021-11-24 18:52:49,647 - INFO - run_model_tuner - Model Tuner Started...
2021-11-24 18:52:49,647 - INFO - run_model_tuner - Model Tuner Started...
2021-11-24 18:52:49,647 - INFO - run_model_tuner - Model Tuner Started...
2021-11-24 18:52:49,647 - INFO - run_model_tuner - Running all model from model finder class to train data and find best model...
2021-11-24 18:52:49,647 - INFO - run_model_tuner - Running all model from model finder class to train data and find best model...
2021-11-24 18:52:49,647 - INFO - run_model_tuner - Running all model from model finder class to train data and find best model...
2021-11-24 18:52:49,647 - INFO - run_model_tuner - Running Linear Regression...
2021-11-24 18:52:49,647 - INFO - run_model_tuner - Running Linear Regression...
2021-11-24 18:52:49,647 - INFO - run_model_tuner - Running Linear Regression...
2021-11-24 18:52:49,652 - INFO - run_model_tuner - Linear Regression Done.
2021-11-24 18:52:49,652 - INFO - run_model_tuner - Linear Regression Done.
2021-11-24 18:52:49,652 - INFO - run_model_tuner - Linear Regression Done.
2021-11-24 18:52:49,652 - INFO - run_model_tuner - Running Ridge regression...
2021-11-24 18:52:49,652 - INFO - run_model_tuner - Running Ridge regression...
2021-11-24 18:52:49,652 - INFO - run_model_tuner - Running Ridge regression...
2021-11-24 18:52:50,032 - INFO - run_model_tuner - Ridge regression Done.
2021-11-24 18:52:50,032 - INFO - run_model_tuner - Ridge regression Done.
2021-11-24 18:52:50,032 - INFO - run_model_tuner - Ridge regression Done.
2021-11-24 18:52:50,032 - INFO - run_model_tuner - Running Lasso regression...
2021-11-24 18:52:50,032 - INFO - run_model_tuner - Running Lasso regression...
2021-11-24 18:52:50,032 - INFO - run_model_tuner - Running Lasso regression...
2021-11-24 18:52:53,225 - INFO - run_model_tuner - Lasso regression Done.
2021-11-24 18:52:53,225 - INFO - run_model_tuner - Lasso regression Done.
2021-11-24 18:52:53,225 - INFO - run_model_tuner - Lasso regression Done.
2021-11-24 18:52:53,225 - INFO - run_model_tuner - Running Elastic Net regression...
2021-11-24 18:52:53,225 - INFO - run_model_tuner - Running Elastic Net regression...
2021-11-24 18:52:53,225 - INFO - run_model_tuner - Running Elastic Net regression...
2021-11-24 18:52:53,414 - INFO - run_model_tuner - Elastic Net regression Done.
2021-11-24 18:52:53,414 - INFO - run_model_tuner - Elastic Net regression Done.
2021-11-24 18:52:53,414 - INFO - run_model_tuner - Elastic Net regression Done.
2021-11-24 18:52:53,414 - INFO - run_model_tuner - Running Decision Tree...
2021-11-24 18:52:53,414 - INFO - run_model_tuner - Running Decision Tree...
2021-11-24 18:52:53,414 - INFO - run_model_tuner - Running Decision Tree...
2021-11-24 18:52:53,602 - INFO - run_model_tuner - Decision Tree Done.
2021-11-24 18:52:53,602 - INFO - run_model_tuner - Decision Tree Done.
2021-11-24 18:52:53,602 - INFO - run_model_tuner - Decision Tree Done.
2021-11-24 18:52:53,603 - INFO - run_model_tuner - Running Random Forest...
2021-11-24 18:52:53,603 - INFO - run_model_tuner - Running Random Forest...
2021-11-24 18:52:53,603 - INFO - run_model_tuner - Running Random Forest...
2021-11-24 18:52:58,181 - INFO - run_model_tuner - Random Forest Done.
2021-11-24 18:52:58,181 - INFO - run_model_tuner - Random Forest Done.
2021-11-24 18:52:58,181 - INFO - run_model_tuner - Random Forest Done.
2021-11-24 18:52:58,181 - INFO - run_model_tuner - Running Gradient Boosting...
2021-11-24 18:52:58,181 - INFO - run_model_tuner - Running Gradient Boosting...
2021-11-24 18:52:58,181 - INFO - run_model_tuner - Running Gradient Boosting...
2021-11-24 18:52:58,712 - INFO - run_model_tuner - Gradient Boosting Done.
2021-11-24 18:52:58,712 - INFO - run_model_tuner - Gradient Boosting Done.
2021-11-24 18:52:58,712 - INFO - run_model_tuner - Gradient Boosting Done.
2021-11-24 18:52:58,712 - INFO - run_model_tuner - Running AdaBoost...
2021-11-24 18:52:58,712 - INFO - run_model_tuner - Running AdaBoost...
2021-11-24 18:52:58,712 - INFO - run_model_tuner - Running AdaBoost...
2021-11-24 18:53:00,142 - INFO - run_model_tuner - AdaBoost Done.
2021-11-24 18:53:00,142 - INFO - run_model_tuner - AdaBoost Done.
2021-11-24 18:53:00,142 - INFO - run_model_tuner - AdaBoost Done.
2021-11-24 18:53:00,142 - INFO - run_model_tuner - Running ExtraTree Regressor...
2021-11-24 18:53:00,142 - INFO - run_model_tuner - Running ExtraTree Regressor...
2021-11-24 18:53:00,142 - INFO - run_model_tuner - Running ExtraTree Regressor...
2021-11-24 18:53:02,916 - INFO - run_model_tuner - ExtraTree Regressor Done.
2021-11-24 18:53:02,916 - INFO - run_model_tuner - ExtraTree Regressor Done.
2021-11-24 18:53:02,916 - INFO - run_model_tuner - ExtraTree Regressor Done.
2021-11-24 18:53:02,917 - INFO - run_model_tuner - Running XGBoost...
2021-11-24 18:53:02,917 - INFO - run_model_tuner - Running XGBoost...
2021-11-24 18:53:02,917 - INFO - run_model_tuner - Running XGBoost...
2021-11-24 18:53:04,242 - INFO - run_model_tuner - XGBoost Done.
2021-11-24 18:53:04,242 - INFO - run_model_tuner - XGBoost Done.
2021-11-24 18:53:04,242 - INFO - run_model_tuner - XGBoost Done.
2021-11-24 18:53:04,243 - INFO - run_model_tuner - Running SVR...
2021-11-24 18:53:04,243 - INFO - run_model_tuner - Running SVR...
2021-11-24 18:53:04,243 - INFO - run_model_tuner - Running SVR...
2021-11-24 18:53:05,205 - INFO - run_model_tuner - SVR Done.
2021-11-24 18:53:05,205 - INFO - run_model_tuner - SVR Done.
2021-11-24 18:53:05,205 - INFO - run_model_tuner - SVR Done.
2021-11-24 18:53:05,205 - INFO - run_model_tuner - Running Kenighbours Regressor...
2021-11-24 18:53:05,205 - INFO - run_model_tuner - Running Kenighbours Regressor...
2021-11-24 18:53:05,205 - INFO - run_model_tuner - Running Kenighbours Regressor...
2021-11-24 18:53:05,807 - INFO - run_model_tuner - Kenighbours Regressor Done.
2021-11-24 18:53:05,807 - INFO - run_model_tuner - Kenighbours Regressor Done.
2021-11-24 18:53:05,807 - INFO - run_model_tuner - Kenighbours Regressor Done.
2021-11-24 18:53:05,809 - INFO - run_model_tuner - Calculating test score and loss for all model...
2021-11-24 18:53:05,809 - INFO - run_model_tuner - Calculating test score and loss for all model...
2021-11-24 18:53:05,809 - INFO - run_model_tuner - Calculating test score and loss for all model...
2021-11-24 18:53:06,001 - INFO - run_model_tuner - Calculating test score and loss for all model Done.
2021-11-24 18:53:06,001 - INFO - run_model_tuner - Calculating test score and loss for all model Done.
2021-11-24 18:53:06,001 - INFO - run_model_tuner - Calculating test score and loss for all model Done.
2021-11-24 18:53:06,002 - INFO - run_model_tuner - Saving result dataframe to disk...
2021-11-24 18:53:06,002 - INFO - run_model_tuner - Saving result dataframe to disk...
2021-11-24 18:53:06,002 - INFO - run_model_tuner - Saving result dataframe to disk...
2021-11-24 18:53:06,006 - INFO - run_model_tuner - Saving result dataframe to disk Done.
2021-11-24 18:53:06,006 - INFO - run_model_tuner - Saving result dataframe to disk Done.
2021-11-24 18:53:06,006 - INFO - run_model_tuner - Saving result dataframe to disk Done.
2021-11-24 18:53:06,023 - INFO - __init__ - Model tuner initialized. --------------------------------------------------
2021-11-24 18:53:06,023 - INFO - __init__ - Model tuner initialized. --------------------------------------------------
2021-11-24 18:53:06,023 - INFO - __init__ - Model tuner initialized. --------------------------------------------------
2021-11-24 18:53:06,023 - INFO - __init__ - Model tuner initialized. --------------------------------------------------
2021-11-24 18:53:06,023 - INFO - run_model_tuner - Model Tuner Started...
2021-11-24 18:53:06,023 - INFO - run_model_tuner - Model Tuner Started...
2021-11-24 18:53:06,023 - INFO - run_model_tuner - Model Tuner Started...
2021-11-24 18:53:06,023 - INFO - run_model_tuner - Model Tuner Started...
2021-11-24 18:53:06,024 - INFO - run_model_tuner - Running all model from model finder class to train data and find best model...
2021-11-24 18:53:06,024 - INFO - run_model_tuner - Running all model from model finder class to train data and find best model...
2021-11-24 18:53:06,024 - INFO - run_model_tuner - Running all model from model finder class to train data and find best model...
2021-11-24 18:53:06,024 - INFO - run_model_tuner - Running all model from model finder class to train data and find best model...
2021-11-24 18:53:06,024 - INFO - run_model_tuner - Running Linear Regression...
2021-11-24 18:53:06,024 - INFO - run_model_tuner - Running Linear Regression...
2021-11-24 18:53:06,024 - INFO - run_model_tuner - Running Linear Regression...
2021-11-24 18:53:06,024 - INFO - run_model_tuner - Running Linear Regression...
2021-11-24 18:53:06,030 - INFO - run_model_tuner - Linear Regression Done.
2021-11-24 18:53:06,030 - INFO - run_model_tuner - Linear Regression Done.
2021-11-24 18:53:06,030 - INFO - run_model_tuner - Linear Regression Done.
2021-11-24 18:53:06,030 - INFO - run_model_tuner - Linear Regression Done.
2021-11-24 18:53:06,030 - INFO - run_model_tuner - Running Ridge regression...
2021-11-24 18:53:06,030 - INFO - run_model_tuner - Running Ridge regression...
2021-11-24 18:53:06,030 - INFO - run_model_tuner - Running Ridge regression...
2021-11-24 18:53:06,030 - INFO - run_model_tuner - Running Ridge regression...
2021-11-24 18:53:06,456 - INFO - run_model_tuner - Ridge regression Done.
2021-11-24 18:53:06,456 - INFO - run_model_tuner - Ridge regression Done.
2021-11-24 18:53:06,456 - INFO - run_model_tuner - Ridge regression Done.
2021-11-24 18:53:06,456 - INFO - run_model_tuner - Ridge regression Done.
2021-11-24 18:53:06,457 - INFO - run_model_tuner - Running Lasso regression...
2021-11-24 18:53:06,457 - INFO - run_model_tuner - Running Lasso regression...
2021-11-24 18:53:06,457 - INFO - run_model_tuner - Running Lasso regression...
2021-11-24 18:53:06,457 - INFO - run_model_tuner - Running Lasso regression...
2021-11-24 18:53:09,655 - INFO - run_model_tuner - Lasso regression Done.
2021-11-24 18:53:09,655 - INFO - run_model_tuner - Lasso regression Done.
2021-11-24 18:53:09,655 - INFO - run_model_tuner - Lasso regression Done.
2021-11-24 18:53:09,655 - INFO - run_model_tuner - Lasso regression Done.
2021-11-24 18:53:09,655 - INFO - run_model_tuner - Running Elastic Net regression...
2021-11-24 18:53:09,655 - INFO - run_model_tuner - Running Elastic Net regression...
2021-11-24 18:53:09,655 - INFO - run_model_tuner - Running Elastic Net regression...
2021-11-24 18:53:09,655 - INFO - run_model_tuner - Running Elastic Net regression...
2021-11-24 18:53:09,859 - INFO - run_model_tuner - Elastic Net regression Done.
2021-11-24 18:53:09,859 - INFO - run_model_tuner - Elastic Net regression Done.
2021-11-24 18:53:09,859 - INFO - run_model_tuner - Elastic Net regression Done.
2021-11-24 18:53:09,859 - INFO - run_model_tuner - Elastic Net regression Done.
2021-11-24 18:53:09,860 - INFO - run_model_tuner - Running Decision Tree...
2021-11-24 18:53:09,860 - INFO - run_model_tuner - Running Decision Tree...
2021-11-24 18:53:09,860 - INFO - run_model_tuner - Running Decision Tree...
2021-11-24 18:53:09,860 - INFO - run_model_tuner - Running Decision Tree...
2021-11-24 18:53:10,056 - INFO - run_model_tuner - Decision Tree Done.
2021-11-24 18:53:10,056 - INFO - run_model_tuner - Decision Tree Done.
2021-11-24 18:53:10,056 - INFO - run_model_tuner - Decision Tree Done.
2021-11-24 18:53:10,056 - INFO - run_model_tuner - Decision Tree Done.
2021-11-24 18:53:10,057 - INFO - run_model_tuner - Running Random Forest...
2021-11-24 18:53:10,057 - INFO - run_model_tuner - Running Random Forest...
2021-11-24 18:53:10,057 - INFO - run_model_tuner - Running Random Forest...
2021-11-24 18:53:10,057 - INFO - run_model_tuner - Running Random Forest...
2021-11-24 18:53:14,682 - INFO - run_model_tuner - Random Forest Done.
2021-11-24 18:53:14,682 - INFO - run_model_tuner - Random Forest Done.
2021-11-24 18:53:14,682 - INFO - run_model_tuner - Random Forest Done.
2021-11-24 18:53:14,682 - INFO - run_model_tuner - Random Forest Done.
2021-11-24 18:53:14,683 - INFO - run_model_tuner - Running Gradient Boosting...
2021-11-24 18:53:14,683 - INFO - run_model_tuner - Running Gradient Boosting...
2021-11-24 18:53:14,683 - INFO - run_model_tuner - Running Gradient Boosting...
2021-11-24 18:53:14,683 - INFO - run_model_tuner - Running Gradient Boosting...
2021-11-24 18:53:15,173 - INFO - run_model_tuner - Gradient Boosting Done.
2021-11-24 18:53:15,173 - INFO - run_model_tuner - Gradient Boosting Done.
2021-11-24 18:53:15,173 - INFO - run_model_tuner - Gradient Boosting Done.
2021-11-24 18:53:15,173 - INFO - run_model_tuner - Gradient Boosting Done.
2021-11-24 18:53:15,174 - INFO - run_model_tuner - Running AdaBoost...
2021-11-24 18:53:15,174 - INFO - run_model_tuner - Running AdaBoost...
2021-11-24 18:53:15,174 - INFO - run_model_tuner - Running AdaBoost...
2021-11-24 18:53:15,174 - INFO - run_model_tuner - Running AdaBoost...
2021-11-24 18:53:16,423 - INFO - run_model_tuner - AdaBoost Done.
2021-11-24 18:53:16,423 - INFO - run_model_tuner - AdaBoost Done.
2021-11-24 18:53:16,423 - INFO - run_model_tuner - AdaBoost Done.
2021-11-24 18:53:16,423 - INFO - run_model_tuner - AdaBoost Done.
2021-11-24 18:53:16,460 - INFO - run_model_tuner - Running ExtraTree Regressor...
2021-11-24 18:53:16,460 - INFO - run_model_tuner - Running ExtraTree Regressor...
2021-11-24 18:53:16,460 - INFO - run_model_tuner - Running ExtraTree Regressor...
2021-11-24 18:53:16,460 - INFO - run_model_tuner - Running ExtraTree Regressor...
2021-11-24 18:53:19,074 - INFO - run_model_tuner - ExtraTree Regressor Done.
2021-11-24 18:53:19,074 - INFO - run_model_tuner - ExtraTree Regressor Done.
2021-11-24 18:53:19,074 - INFO - run_model_tuner - ExtraTree Regressor Done.
2021-11-24 18:53:19,074 - INFO - run_model_tuner - ExtraTree Regressor Done.
2021-11-24 18:53:19,076 - INFO - run_model_tuner - Running XGBoost...
2021-11-24 18:53:19,076 - INFO - run_model_tuner - Running XGBoost...
2021-11-24 18:53:19,076 - INFO - run_model_tuner - Running XGBoost...
2021-11-24 18:53:19,076 - INFO - run_model_tuner - Running XGBoost...
2021-11-24 18:53:20,681 - INFO - run_model_tuner - XGBoost Done.
2021-11-24 18:53:20,681 - INFO - run_model_tuner - XGBoost Done.
2021-11-24 18:53:20,681 - INFO - run_model_tuner - XGBoost Done.
2021-11-24 18:53:20,681 - INFO - run_model_tuner - XGBoost Done.
2021-11-24 18:53:20,682 - INFO - run_model_tuner - Running SVR...
2021-11-24 18:53:20,682 - INFO - run_model_tuner - Running SVR...
2021-11-24 18:53:20,682 - INFO - run_model_tuner - Running SVR...
2021-11-24 18:53:20,682 - INFO - run_model_tuner - Running SVR...
2021-11-24 18:53:21,583 - INFO - run_model_tuner - SVR Done.
2021-11-24 18:53:21,583 - INFO - run_model_tuner - SVR Done.
2021-11-24 18:53:21,583 - INFO - run_model_tuner - SVR Done.
2021-11-24 18:53:21,583 - INFO - run_model_tuner - SVR Done.
2021-11-24 18:53:21,583 - INFO - run_model_tuner - Running Kenighbours Regressor...
2021-11-24 18:53:21,583 - INFO - run_model_tuner - Running Kenighbours Regressor...
2021-11-24 18:53:21,583 - INFO - run_model_tuner - Running Kenighbours Regressor...
2021-11-24 18:53:21,583 - INFO - run_model_tuner - Running Kenighbours Regressor...
2021-11-24 18:53:22,155 - INFO - run_model_tuner - Kenighbours Regressor Done.
2021-11-24 18:53:22,155 - INFO - run_model_tuner - Kenighbours Regressor Done.
2021-11-24 18:53:22,155 - INFO - run_model_tuner - Kenighbours Regressor Done.
2021-11-24 18:53:22,155 - INFO - run_model_tuner - Kenighbours Regressor Done.
2021-11-24 18:53:22,156 - INFO - run_model_tuner - Calculating test score and loss for all model...
2021-11-24 18:53:22,156 - INFO - run_model_tuner - Calculating test score and loss for all model...
2021-11-24 18:53:22,156 - INFO - run_model_tuner - Calculating test score and loss for all model...
2021-11-24 18:53:22,156 - INFO - run_model_tuner - Calculating test score and loss for all model...
2021-11-24 18:53:22,337 - INFO - run_model_tuner - Calculating test score and loss for all model Done.
2021-11-24 18:53:22,337 - INFO - run_model_tuner - Calculating test score and loss for all model Done.
2021-11-24 18:53:22,337 - INFO - run_model_tuner - Calculating test score and loss for all model Done.
2021-11-24 18:53:22,337 - INFO - run_model_tuner - Calculating test score and loss for all model Done.
2021-11-24 18:53:22,338 - INFO - run_model_tuner - Saving result dataframe to disk...
2021-11-24 18:53:22,338 - INFO - run_model_tuner - Saving result dataframe to disk...
2021-11-24 18:53:22,338 - INFO - run_model_tuner - Saving result dataframe to disk...
2021-11-24 18:53:22,338 - INFO - run_model_tuner - Saving result dataframe to disk...
2021-11-24 18:53:22,346 - INFO - run_model_tuner - Saving result dataframe to disk Done.
2021-11-24 18:53:22,346 - INFO - run_model_tuner - Saving result dataframe to disk Done.
2021-11-24 18:53:22,346 - INFO - run_model_tuner - Saving result dataframe to disk Done.
2021-11-24 18:53:22,346 - INFO - run_model_tuner - Saving result dataframe to disk Done.
