2021-11-24 18:28:39,419 - INFO - preprocess - Preprocess data...
2021-11-24 18:28:39,529 - INFO - preprocess - Preprocess data completed.
2021-11-24 18:28:39,530 - INFO - train - Train data has Started...
2021-11-24 18:28:39,684 - INFO - train - Data Scaling and Encoding has completed...
2021-11-24 18:28:39,684 - INFO - train - Getting the cluster number...
2021-11-24 18:28:44,446 - INFO - train - Getting the cluster number completed... Cluster Found:- 4
2021-11-24 18:28:44,598 - INFO - train - Adding cluster to the feature dataframe completed.
2021-11-24 18:28:44,598 - INFO - train - Total 4 has been found and start looping through all cluster...
2021-11-24 18:28:45,159 - ERROR - train - Error occured while training: Error in ModelFinder.best_model_finder() method. Error: bad operand type for unary +: 'str'
2021-11-24 18:32:03,716 - INFO - preprocess - Preprocess data...
2021-11-24 18:32:03,742 - INFO - preprocess - Preprocess data completed.
2021-11-24 18:32:03,742 - INFO - train - Train data has Started...
2021-11-24 18:32:03,793 - INFO - train - Data Scaling and Encoding has completed...
2021-11-24 18:32:03,795 - INFO - train - Getting the cluster number...
2021-11-24 18:32:05,860 - INFO - train - Getting the cluster number completed... Cluster Found:- 4
2021-11-24 18:32:05,997 - INFO - train - Adding cluster to the feature dataframe completed.
2021-11-24 18:32:05,997 - INFO - train - Total 4 has been found and start looping through all cluster...
2021-11-24 18:32:20,992 - INFO - train - Model RandomForest for cluster 3 has been saved.
2021-11-24 18:32:37,852 - INFO - train - Model DecisionTree for cluster 0 has been saved.
2021-11-24 18:32:54,906 - INFO - train - Model DecisionTree for cluster 1 has been saved.
2021-11-24 18:33:11,008 - INFO - train - Model DecisionTree for cluster 2 has been saved.
2021-11-24 18:33:11,008 - INFO - train - Train data has completed for all clusters.
2021-11-24 18:36:44,602 - INFO - preprocess - Preprocess data...
2021-11-24 18:36:44,633 - INFO - preprocess - Preprocess data completed.
2021-11-24 18:36:44,633 - INFO - train - Train data has Started...
2021-11-24 18:36:44,696 - INFO - train - Data Scaling and Encoding has completed...
2021-11-24 18:36:44,699 - INFO - train - Getting the cluster number...
2021-11-24 18:36:47,955 - INFO - train - Getting the cluster number completed... Cluster Found:- 4
2021-11-24 18:36:48,176 - INFO - train - Adding cluster to the feature dataframe completed.
2021-11-24 18:36:48,176 - INFO - train - Total 4 has been found and start looping through all cluster...
2021-11-24 18:37:05,347 - INFO - train - Model ExtraTreeRegressor for cluster 3 has been saved.
2021-11-24 18:37:22,366 - INFO - train - Model ExtraTreeRegressor for cluster 0 has been saved.
2021-11-24 18:37:39,607 - INFO - train - Model ExtraTreeRegressor for cluster 1 has been saved.
2021-11-24 18:37:55,689 - INFO - train - Model AdaBoostRegressor for cluster 2 has been saved.
2021-11-24 18:37:55,689 - INFO - train - Train data has completed for all clusters.
2021-11-24 18:48:10,097 - INFO - preprocess - Preprocess data...
2021-11-24 18:48:10,124 - INFO - preprocess - Preprocess data completed.
2021-11-24 18:48:10,124 - INFO - train - Train data has Started...
2021-11-24 18:48:10,173 - INFO - train - Data Scaling and Encoding has completed...
2021-11-24 18:48:10,174 - INFO - train - Getting the cluster number...
2021-11-24 18:48:12,119 - INFO - train - Getting the cluster number completed... Cluster Found:- 4
2021-11-24 18:48:12,262 - INFO - train - Adding cluster to the feature dataframe completed.
2021-11-24 18:48:12,262 - INFO - train - Total 4 has been found and start looping through all cluster...
2021-11-24 18:48:25,343 - INFO - train - Model DecisionTree for cluster 3 has been saved.
2021-11-24 18:48:37,901 - INFO - train - Model RandomForest for cluster 0 has been saved.
2021-11-24 18:48:50,381 - INFO - train - Model Linear Regression for cluster 1 has been saved.
2021-11-24 18:49:03,729 - INFO - train - Model RandomForest for cluster 2 has been saved.
2021-11-24 18:49:03,729 - INFO - train - Train data has completed for all clusters.
2021-11-24 18:52:12,263 - INFO - preprocess - Preprocess data...
2021-11-24 18:52:12,291 - INFO - preprocess - Preprocess data completed.
2021-11-24 18:52:12,291 - INFO - train - Train data has Started...
2021-11-24 18:52:12,340 - INFO - train - Data Scaling and Encoding has completed...
2021-11-24 18:52:12,342 - INFO - train - Getting the cluster number...
2021-11-24 18:52:15,090 - INFO - train - Getting the cluster number completed... Cluster Found:- 4
2021-11-24 18:52:15,284 - INFO - train - Adding cluster to the feature dataframe completed.
2021-11-24 18:52:15,284 - INFO - train - Total 4 has been found and start looping through all cluster...
2021-11-24 18:52:32,615 - INFO - train - Model RandomForest for cluster 3 has been saved.
2021-11-24 18:52:49,641 - INFO - train - Model RandomForest for cluster 0 has been saved.
2021-11-24 18:53:06,011 - INFO - train - Model Ridge for cluster 1 has been saved.
2021-11-24 18:53:22,353 - INFO - train - Model DecisionTree for cluster 2 has been saved.
2021-11-24 18:53:22,353 - INFO - train - Train data has completed for all clusters.
