2021-11-16 16:56:59,047 - INFO - separate_features_target - Separating features and target columns...
2021-11-16 16:56:59,173 - INFO - scale_encode_pipeline - Creating one-hot encoding and scaling pipeline...
2021-11-16 16:56:59,226 - INFO - scale_encode_pipeline - One-hot encoding and scaling pipeline created.
2021-11-16 16:59:02,790 - INFO - separate_features_target - Separating features and target columns...
2021-11-16 16:59:02,791 - INFO - scale_encode_pipeline - Creating one-hot encoding and scaling pipeline...
2021-11-16 16:59:02,794 - INFO - scale_encode_pipeline - One-hot encoding and scaling pipeline created.
2021-11-16 17:01:19,859 - INFO - separate_features_target - Separating features and target columns...
2021-11-16 17:01:19,861 - INFO - scale_encode_pipeline - Creating one-hot encoding and scaling pipeline...
2021-11-16 17:01:19,865 - INFO - scale_encode_pipeline - One-hot encoding and scaling pipeline created.
2021-11-16 17:02:14,925 - INFO - separate_features_target - Separating features and target columns...
2021-11-16 17:02:14,927 - INFO - scale_encode_pipeline - Creating one-hot encoding and scaling pipeline...
2021-11-16 17:02:14,931 - INFO - scale_encode_pipeline - One-hot encoding and scaling pipeline created.
2021-11-16 17:03:56,683 - INFO - separate_features_target - Separating features and target columns...
2021-11-16 17:03:56,684 - INFO - scale_encode_pipeline - Creating one-hot encoding and scaling pipeline...
2021-11-16 17:03:56,687 - INFO - scale_encode_pipeline - One-hot encoding and scaling pipeline created.
2021-11-16 17:05:16,250 - INFO - separate_features_target - Separating features and target columns...
2021-11-16 17:05:16,252 - INFO - scale_encode_pipeline - Creating one-hot encoding and scaling pipeline...
2021-11-16 17:05:16,257 - INFO - scale_encode_pipeline - One-hot encoding and scaling pipeline created.
2021-11-16 17:07:32,870 - INFO - separate_features_target - Separating features and target columns...
2021-11-16 17:07:32,872 - INFO - scale_encode_pipeline - Creating one-hot encoding and scaling pipeline...
2021-11-16 17:07:32,877 - INFO - scale_encode_pipeline - One-hot encoding and scaling pipeline created.
2021-11-16 17:20:29,365 - INFO - separate_features_target - Separating features and target columns...
2021-11-16 17:20:29,368 - INFO - scale_encode_pipeline - Creating one-hot encoding and scaling pipeline...
2021-11-16 17:20:29,375 - INFO - scale_encode_pipeline - One-hot encoding and scaling pipeline created.
2021-11-16 17:22:07,749 - INFO - separate_features_target - Separating features and target columns...
2021-11-16 17:22:07,752 - INFO - scale_encode_pipeline - Creating one-hot encoding and scaling pipeline...
2021-11-16 17:22:07,756 - INFO - scale_encode_pipeline - One-hot encoding and scaling pipeline created.
2021-11-16 17:23:05,968 - INFO - separate_features_target - Separating features and target columns...
2021-11-16 17:23:05,972 - INFO - scale_encode_pipeline - Creating one-hot encoding and scaling pipeline...
2021-11-16 17:23:05,977 - INFO - scale_encode_pipeline - One-hot encoding and scaling pipeline created.
2021-11-16 17:25:45,129 - INFO - separate_features_target - Separating features and target columns...
2021-11-16 17:25:45,131 - INFO - scale_encode_pipeline - Creating one-hot encoding and scaling pipeline...
2021-11-16 17:25:45,136 - INFO - scale_encode_pipeline - One-hot encoding and scaling pipeline created.
2021-11-16 17:29:46,688 - INFO - separate_features_target - Separating features and target columns...
2021-11-16 17:29:46,690 - INFO - scale_encode_pipeline - Creating one-hot encoding and scaling pipeline...
2021-11-16 17:29:46,694 - INFO - scale_encode_pipeline - One-hot encoding and scaling pipeline created.
2021-11-17 23:59:27,449 - INFO - is_missing_value - Checking missing value...
2021-11-17 23:59:27,465 - INFO - get_column_with_zero_std_dev - Getting columns with zero standard deviation...
2021-11-17 23:59:27,505 - INFO - get_column_with_zero_std_dev - Columns with zero standard deviation found.
2021-11-18 00:00:59,515 - INFO - is_missing_value - Checking missing value...
2021-11-18 00:00:59,517 - INFO - get_column_with_zero_std_dev - Getting columns with zero standard deviation...
2021-11-18 00:00:59,522 - INFO - get_column_with_zero_std_dev - Columns with zero standard deviation found.
2021-11-18 00:02:56,429 - INFO - is_missing_value - Checking missing value...
2021-11-18 00:02:56,429 - INFO - get_column_with_zero_std_dev - Getting columns with zero standard deviation...
2021-11-18 00:02:56,432 - INFO - get_column_with_zero_std_dev - Columns with zero standard deviation found.
2021-11-18 00:08:01,297 - INFO - is_missing_value - Checking missing value...
2021-11-18 00:08:01,299 - INFO - get_column_with_zero_std_dev - Getting columns with zero standard deviation...
2021-11-18 00:08:01,302 - INFO - get_column_with_zero_std_dev - Columns with zero standard deviation found.
2021-11-18 00:11:22,212 - INFO - is_missing_value - Checking missing value...
2021-11-18 00:11:22,214 - INFO - get_column_with_zero_std_dev - Getting columns with zero standard deviation...
2021-11-18 00:11:22,217 - INFO - get_column_with_zero_std_dev - Columns with zero standard deviation found.
2021-11-18 00:13:50,766 - INFO - is_missing_value - Checking missing value...
2021-11-18 00:13:50,767 - INFO - get_column_with_zero_std_dev - Getting columns with zero standard deviation...
2021-11-18 00:13:50,771 - INFO - get_column_with_zero_std_dev - Columns with zero standard deviation found.
2021-11-18 00:14:38,066 - INFO - is_missing_value - Checking missing value...
2021-11-18 00:14:38,068 - INFO - get_column_with_zero_std_dev - Getting columns with zero standard deviation...
2021-11-18 00:14:38,072 - INFO - get_column_with_zero_std_dev - Columns with zero standard deviation found.
2021-11-18 00:15:35,920 - INFO - is_missing_value - Checking missing value...
2021-11-18 00:15:35,922 - INFO - get_column_with_zero_std_dev - Getting columns with zero standard deviation...
2021-11-18 00:15:35,925 - INFO - get_column_with_zero_std_dev - Columns with zero standard deviation found.
2021-11-18 00:16:21,077 - INFO - is_missing_value - Checking missing value...
2021-11-18 00:16:21,078 - INFO - get_column_with_zero_std_dev - Getting columns with zero standard deviation...
2021-11-18 00:16:21,081 - INFO - get_column_with_zero_std_dev - Columns with zero standard deviation found.
2021-11-18 00:18:10,833 - INFO - is_missing_value - Checking missing value...
2021-11-18 00:18:10,836 - INFO - get_column_with_zero_std_dev - Getting columns with zero standard deviation...
2021-11-18 00:18:10,845 - INFO - get_column_with_zero_std_dev - Columns with zero standard deviation found.
2021-11-18 00:21:16,624 - INFO - is_missing_value - Checking missing value...
2021-11-18 00:21:16,625 - INFO - get_column_with_zero_std_dev - Getting columns with zero standard deviation...
2021-11-18 00:21:16,628 - INFO - get_column_with_zero_std_dev - Columns with zero standard deviation found.
2021-11-18 00:40:00,314 - INFO - is_missing_value - Checking missing value...
2021-11-18 00:40:00,316 - INFO - get_column_with_zero_std_dev - Getting columns with zero standard deviation...
2021-11-18 00:40:00,319 - INFO - get_column_with_zero_std_dev - Columns with zero standard deviation found.
2021-11-18 00:43:06,608 - INFO - is_missing_value - Checking missing value...
2021-11-18 00:43:06,609 - INFO - get_column_with_zero_std_dev - Getting columns with zero standard deviation...
2021-11-18 00:43:06,612 - INFO - get_column_with_zero_std_dev - Columns with zero standard deviation found.
2021-11-18 00:44:35,345 - INFO - is_missing_value - Checking missing value...
2021-11-18 00:44:35,346 - INFO - get_column_with_zero_std_dev - Getting columns with zero standard deviation...
2021-11-18 00:44:35,349 - INFO - get_column_with_zero_std_dev - Columns with zero standard deviation found.
2021-11-18 00:47:58,560 - INFO - is_missing_value - Checking missing value...
2021-11-18 00:47:58,563 - INFO - get_column_with_zero_std_dev - Getting columns with zero standard deviation...
2021-11-18 00:47:58,566 - INFO - get_column_with_zero_std_dev - Columns with zero standard deviation found.
2021-11-18 00:49:33,091 - INFO - is_missing_value - Checking missing value...
2021-11-18 00:49:33,093 - INFO - get_column_with_zero_std_dev - Getting columns with zero standard deviation...
2021-11-18 00:49:33,096 - INFO - get_column_with_zero_std_dev - Columns with zero standard deviation found.
2021-11-18 00:50:08,966 - INFO - is_missing_value - Checking missing value...
2021-11-18 00:50:08,967 - INFO - get_column_with_zero_std_dev - Getting columns with zero standard deviation...
2021-11-18 00:50:08,970 - INFO - get_column_with_zero_std_dev - Columns with zero standard deviation found.
2021-11-18 00:51:34,232 - INFO - is_missing_value - Checking missing value...
2021-11-18 00:51:34,233 - INFO - get_column_with_zero_std_dev - Getting columns with zero standard deviation...
2021-11-18 00:51:34,235 - INFO - get_column_with_zero_std_dev - Columns with zero standard deviation found.
2021-11-18 00:52:06,812 - INFO - is_missing_value - Checking missing value...
2021-11-18 00:52:06,814 - INFO - get_column_with_zero_std_dev - Getting columns with zero standard deviation...
2021-11-18 00:52:06,817 - INFO - get_column_with_zero_std_dev - Columns with zero standard deviation found.
2021-11-18 01:16:00,159 - INFO - is_missing_value - Checking missing value...
2021-11-18 01:16:00,194 - INFO - get_column_with_zero_std_dev - Getting columns with zero standard deviation...
2021-11-18 01:16:00,197 - INFO - get_column_with_zero_std_dev - Columns with zero standard deviation found.
2021-11-18 01:17:29,971 - INFO - is_missing_value - Checking missing value...
2021-11-18 01:17:29,972 - INFO - get_column_with_zero_std_dev - Getting columns with zero standard deviation...
2021-11-18 01:17:29,976 - INFO - get_column_with_zero_std_dev - Columns with zero standard deviation found.
2021-11-18 01:18:17,889 - INFO - is_missing_value - Checking missing value...
2021-11-18 01:18:17,890 - INFO - get_column_with_zero_std_dev - Getting columns with zero standard deviation...
2021-11-18 01:18:17,893 - INFO - get_column_with_zero_std_dev - Columns with zero standard deviation found.
