2021-11-16 16:56:58,735 - INFO - train - Train data has Started...
2021-11-16 16:56:59,300 - INFO - train - Data Scaling and Encoding has completed...
2021-11-16 16:56:59,301 - ERROR - train - Error occured while training: No axis named 1 for object type Series
2021-11-16 16:59:02,785 - INFO - train - Train data has Started...
2021-11-16 16:59:02,809 - INFO - train - Data Scaling and Encoding has completed...
2021-11-16 16:59:02,858 - INFO - train - Getting the cluster number...
2021-11-16 16:59:06,129 - INFO - train - Getting the cluster number completed... 4
2021-11-16 16:59:06,215 - ERROR - train - Error occured while training: only integers, slices (`:`), ellipsis (`...`), numpy.newaxis (`None`) and integer or boolean arrays are valid indices
2021-11-16 17:01:19,854 - INFO - train - Train data has Started...
2021-11-16 17:01:19,882 - INFO - train - Data Scaling and Encoding has completed...
2021-11-16 17:01:19,883 - INFO - train - Getting the cluster number...
2021-11-16 17:01:20,796 - INFO - train - Getting the cluster number completed... Cluster Found:- 4
2021-11-16 17:01:20,852 - INFO - train - Adding cluster to the feature dataframe completed.
2021-11-16 17:01:20,852 - ERROR - train - Error occured while training: only integers, slices (`:`), ellipsis (`...`), numpy.newaxis (`None`) and integer or boolean arrays are valid indices
2021-11-16 17:02:14,919 - INFO - train - Train data has Started...
2021-11-16 17:02:14,952 - INFO - train - Data Scaling and Encoding has completed...
2021-11-16 17:02:14,954 - INFO - train - Getting the cluster number...
2021-11-16 17:02:16,571 - INFO - train - Getting the cluster number completed... Cluster Found:- 4
2021-11-16 17:02:16,644 - ERROR - train - Error occured while training: only integers, slices (`:`), ellipsis (`...`), numpy.newaxis (`None`) and integer or boolean arrays are valid indices
2021-11-16 17:03:56,678 - INFO - train - Train data has Started...
2021-11-16 17:03:56,702 - INFO - train - Data Scaling and Encoding has completed...
2021-11-16 17:03:56,703 - INFO - train - Getting the cluster number...
2021-11-16 17:03:57,502 - INFO - train - Getting the cluster number completed... Cluster Found:- 4
2021-11-16 17:03:57,556 - INFO - train - Adding cluster to the feature dataframe completed.
2021-11-16 17:03:57,556 - INFO - train - Total 4 has been found and start looping through all cluster...
2021-11-16 17:03:57,556 - ERROR - train - Error occured while training: 'cluster'
2021-11-16 17:05:16,245 - INFO - train - Train data has Started...
2021-11-16 17:05:16,277 - INFO - train - Data Scaling and Encoding has completed...
2021-11-16 17:05:16,279 - INFO - train - Getting the cluster number...
2021-11-16 17:05:17,353 - INFO - train - Getting the cluster number completed... Cluster Found:- 4
2021-11-16 17:05:17,417 - INFO - train - Adding cluster to the feature dataframe completed.
2021-11-16 17:05:17,417 - INFO - train - Total 4 has been found and start looping through all cluster...
2021-11-16 17:05:18,109 - ERROR - train - Error occured while training: Error in ModelFinder.best_model_finder() method. Error: 'DataGetter' object has no attribute 'write_yaml_file'
2021-11-16 17:07:32,863 - INFO - train - Train data has Started...
2021-11-16 17:07:32,899 - INFO - train - Data Scaling and Encoding has completed...
2021-11-16 17:07:32,901 - INFO - train - Getting the cluster number...
2021-11-16 17:07:34,051 - INFO - train - Getting the cluster number completed... Cluster Found:- 4
2021-11-16 17:07:34,126 - INFO - train - Adding cluster to the feature dataframe completed.
2021-11-16 17:07:34,127 - INFO - train - Total 4 has been found and start looping through all cluster...
2021-11-16 17:07:47,997 - INFO - train - Model ElasticNet for cluster 1 has been saved.
2021-11-16 17:08:02,921 - INFO - train - Model GradientBoosting for cluster 2 has been saved.
2021-11-16 17:08:17,262 - INFO - train - Model ExtraTreeRegressor for cluster 3 has been saved.
2021-11-16 17:08:17,265 - ERROR - train - Error occured while training: With n_samples=0, test_size=0.2 and train_size=None, the resulting train set will be empty. Adjust any of the aforementioned parameters.
2021-11-16 17:20:29,359 - INFO - train - Train data has Started...
2021-11-16 17:20:29,401 - INFO - train - Data Scaling and Encoding has completed...
2021-11-16 17:20:29,402 - INFO - train - Getting the cluster number...
2021-11-16 17:20:30,458 - INFO - train - Getting the cluster number completed... Cluster Found:- 4
2021-11-16 17:20:30,533 - INFO - train - Adding cluster to the feature dataframe completed.
2021-11-16 17:20:30,533 - INFO - train - Total 4 has been found and start looping through all cluster...
2021-11-16 17:20:30,539 - ERROR - train - Error occured while training: run_model_tuner() missing 1 required positional argument: 'cluster_number'
2021-11-16 17:22:07,743 - INFO - train - Train data has Started...
2021-11-16 17:22:07,781 - INFO - train - Data Scaling and Encoding has completed...
2021-11-16 17:22:07,783 - INFO - train - Getting the cluster number...
2021-11-16 17:22:09,363 - INFO - train - Getting the cluster number completed... Cluster Found:- 4
2021-11-16 17:22:09,457 - INFO - train - Adding cluster to the feature dataframe completed.
2021-11-16 17:22:09,458 - INFO - train - Total 4 has been found and start looping through all cluster...
2021-11-16 17:22:22,349 - ERROR - train - Error occured while training: Error in ModelFinder.best_model_finder() method. Error: can only concatenate str (not "int") to str
2021-11-16 17:23:05,958 - INFO - train - Train data has Started...
2021-11-16 17:23:06,002 - INFO - train - Data Scaling and Encoding has completed...
2021-11-16 17:23:06,005 - INFO - train - Getting the cluster number...
2021-11-16 17:23:07,119 - INFO - train - Getting the cluster number completed... Cluster Found:- 4
2021-11-16 17:23:07,182 - INFO - train - Adding cluster to the feature dataframe completed.
2021-11-16 17:23:07,182 - INFO - train - Total 4 has been found and start looping through all cluster...
2021-11-16 17:23:20,702 - ERROR - train - Error occured while training: [Errno 2] No such file or directory: 'Models\\Lasso\\Lasso_0.pkl'
2021-11-16 17:25:45,108 - INFO - train - Train data has Started...
2021-11-16 17:25:45,159 - INFO - train - Data Scaling and Encoding has completed...
2021-11-16 17:25:45,161 - INFO - train - Getting the cluster number...
2021-11-16 17:25:47,225 - INFO - train - Getting the cluster number completed... Cluster Found:- 4
2021-11-16 17:25:47,297 - INFO - train - Adding cluster to the feature dataframe completed.
2021-11-16 17:25:47,297 - INFO - train - Total 4 has been found and start looping through all cluster...
2021-11-16 17:26:01,519 - INFO - train - Model DecisionTree for cluster 0 has been saved.
2021-11-16 17:26:15,367 - INFO - train - Model AdaBoostRegressor for cluster 1 has been saved.
2021-11-16 17:26:28,846 - INFO - train - Model XGBoost for cluster 2 has been saved.
2021-11-16 17:26:41,861 - INFO - train - Model Linear Regression for cluster 3 has been saved.
2021-11-16 17:26:41,861 - INFO - train - Train data has completed for all clusters.
2021-11-16 17:29:46,682 - INFO - train - Train data has Started...
2021-11-16 17:29:46,717 - INFO - train - Data Scaling and Encoding has completed...
2021-11-16 17:29:46,720 - INFO - train - Getting the cluster number...
2021-11-16 17:29:48,143 - INFO - train - Getting the cluster number completed... Cluster Found:- 4
2021-11-16 17:29:48,216 - INFO - train - Adding cluster to the feature dataframe completed.
2021-11-16 17:29:48,217 - INFO - train - Total 4 has been found and start looping through all cluster...
2021-11-16 17:30:02,879 - INFO - train - Model XGBoost for cluster 0 has been saved.
2021-11-16 17:30:17,093 - INFO - train - Model XGBoost for cluster 1 has been saved.
2021-11-16 17:30:30,632 - INFO - train - Model AdaBoostRegressor for cluster 2 has been saved.
2021-11-16 17:30:43,852 - INFO - train - Model ElasticNet for cluster 3 has been saved.
2021-11-16 17:30:43,852 - INFO - train - Train data has completed for all clusters.
