2021-11-16 16:56:58,735 - INFO - data_scaling_encoding - Saving pipeline for data scaling and encoding Started...
2021-11-16 16:56:59,299 - INFO - data_scaling_encoding - Saving pipeline for data scaling and encoding Completed.
2021-11-16 16:59:02,786 - INFO - data_scaling_encoding - Saving pipeline for data scaling and encoding Started...
2021-11-16 16:59:02,808 - INFO - data_scaling_encoding - Saving pipeline for data scaling and encoding Completed.
2021-11-16 17:01:19,855 - INFO - data_scaling_encoding - Saving pipeline for data scaling and encoding Started...
2021-11-16 17:01:19,880 - INFO - data_scaling_encoding - Saving pipeline for data scaling and encoding Completed.
2021-11-16 17:02:14,919 - INFO - data_scaling_encoding - Saving pipeline for data scaling and encoding Started...
2021-11-16 17:02:14,951 - INFO - data_scaling_encoding - Saving pipeline for data scaling and encoding Completed.
2021-11-16 17:03:56,679 - INFO - data_scaling_encoding - Saving pipeline for data scaling and encoding Started...
2021-11-16 17:03:56,701 - INFO - data_scaling_encoding - Saving pipeline for data scaling and encoding Completed.
2021-11-16 17:05:16,245 - INFO - data_scaling_encoding - Saving pipeline for data scaling and encoding Started...
2021-11-16 17:05:16,276 - INFO - data_scaling_encoding - Saving pipeline for data scaling and encoding Completed.
2021-11-16 17:07:32,864 - INFO - data_scaling_encoding - Saving pipeline for data scaling and encoding Started...
2021-11-16 17:07:32,897 - INFO - data_scaling_encoding - Saving pipeline for data scaling and encoding Completed.
2021-11-16 17:20:29,359 - INFO - data_scaling_encoding - Saving pipeline for data scaling and encoding Started...
2021-11-16 17:20:29,399 - INFO - data_scaling_encoding - Saving pipeline for data scaling and encoding Completed.
2021-11-16 17:22:07,743 - INFO - data_scaling_encoding - Saving pipeline for data scaling and encoding Started...
2021-11-16 17:22:07,780 - INFO - data_scaling_encoding - Saving pipeline for data scaling and encoding Completed.
2021-11-16 17:23:05,959 - INFO - data_scaling_encoding - Saving pipeline for data scaling and encoding Started...
2021-11-16 17:23:06,000 - INFO - data_scaling_encoding - Saving pipeline for data scaling and encoding Completed.
2021-11-16 17:25:45,108 - INFO - data_scaling_encoding - Saving pipeline for data scaling and encoding Started...
2021-11-16 17:25:45,158 - INFO - data_scaling_encoding - Saving pipeline for data scaling and encoding Completed.
2021-11-16 17:29:46,682 - INFO - data_scaling_encoding - Saving pipeline for data scaling and encoding Started...
2021-11-16 17:29:46,715 - INFO - data_scaling_encoding - Saving pipeline for data scaling and encoding Completed.
2021-11-18 22:48:54,386 - INFO - data_scaling_encoding - Saving pipeline for data scaling and encoding Started...
2021-11-18 22:48:55,524 - INFO - data_scaling_encoding - Saving pipeline for data scaling and encoding Completed.
2021-11-18 23:20:45,400 - INFO - data_scaling_encoding - Saving pipeline for data scaling and encoding Started...
2021-11-18 23:20:45,423 - INFO - data_scaling_encoding - Saving pipeline for data scaling and encoding Completed.
2021-11-19 00:07:08,365 - INFO - data_scaling_encoding - Saving pipeline for data scaling and encoding Started...
2021-11-19 00:07:08,462 - INFO - data_scaling_encoding - Saving pipeline for data scaling and encoding Completed.
2021-11-19 00:10:23,086 - INFO - data_scaling_encoding - Saving pipeline for data scaling and encoding Started...
2021-11-19 00:10:23,086 - INFO - data_scaling_encoding - Saving pipeline for data scaling and encoding Started...
2021-11-19 00:10:23,137 - INFO - data_scaling_encoding - Saving pipeline for data scaling and encoding Completed.
2021-11-19 00:10:23,137 - INFO - data_scaling_encoding - Saving pipeline for data scaling and encoding Completed.
2021-11-19 00:12:48,869 - INFO - data_scaling_encoding - Saving pipeline for data scaling and encoding Started...
2021-11-19 00:12:48,869 - INFO - data_scaling_encoding - Saving pipeline for data scaling and encoding Started...
2021-11-19 00:12:48,869 - INFO - data_scaling_encoding - Saving pipeline for data scaling and encoding Started...
2021-11-19 00:12:48,901 - INFO - data_scaling_encoding - Saving pipeline for data scaling and encoding Completed.
2021-11-19 00:12:48,901 - INFO - data_scaling_encoding - Saving pipeline for data scaling and encoding Completed.
2021-11-19 00:12:48,901 - INFO - data_scaling_encoding - Saving pipeline for data scaling and encoding Completed.
2021-11-24 18:28:39,427 - INFO - preprocess_training_data - Imputing missing values if present...
2021-11-24 18:28:39,430 - INFO - preprocess_training_data - No missing values has been found.
2021-11-24 18:28:39,430 - INFO - preprocess_training_data - Getting column with zero standard deviation...
2021-11-24 18:28:39,466 - INFO - preprocess_training_data - Column with zero standard deviation: []
2021-11-24 18:28:39,466 - INFO - preprocess_training_data - No columns with zero standard deviation found.
2021-11-24 18:28:39,529 - INFO - preprocess_training_data - Preprocessing training data completed.
2021-11-24 18:28:39,530 - INFO - data_scaling_encoding - Saving pipeline for data scaling and encoding Started...
2021-11-24 18:28:39,681 - INFO - data_scaling_encoding - Saving pipeline for data scaling and encoding Completed.
2021-11-24 18:32:03,725 - INFO - preprocess_training_data - Imputing missing values if present...
2021-11-24 18:32:03,726 - INFO - preprocess_training_data - No missing values has been found.
2021-11-24 18:32:03,726 - INFO - preprocess_training_data - Getting column with zero standard deviation...
2021-11-24 18:32:03,730 - INFO - preprocess_training_data - Column with zero standard deviation: []
2021-11-24 18:32:03,730 - INFO - preprocess_training_data - No columns with zero standard deviation found.
2021-11-24 18:32:03,742 - INFO - preprocess_training_data - Preprocessing training data completed.
2021-11-24 18:32:03,742 - INFO - data_scaling_encoding - Saving pipeline for data scaling and encoding Started...
2021-11-24 18:32:03,792 - INFO - data_scaling_encoding - Saving pipeline for data scaling and encoding Completed.
2021-11-24 18:36:44,611 - INFO - preprocess_training_data - Imputing missing values if present...
2021-11-24 18:36:44,612 - INFO - preprocess_training_data - No missing values has been found.
2021-11-24 18:36:44,612 - INFO - preprocess_training_data - Getting column with zero standard deviation...
2021-11-24 18:36:44,616 - INFO - preprocess_training_data - Column with zero standard deviation: []
2021-11-24 18:36:44,616 - INFO - preprocess_training_data - No columns with zero standard deviation found.
2021-11-24 18:36:44,633 - INFO - preprocess_training_data - Preprocessing training data completed.
2021-11-24 18:36:44,634 - INFO - data_scaling_encoding - Saving pipeline for data scaling and encoding Started...
2021-11-24 18:36:44,694 - INFO - data_scaling_encoding - Saving pipeline for data scaling and encoding Completed.
2021-11-24 18:48:10,106 - INFO - preprocess_training_data - Imputing missing values if present...
2021-11-24 18:48:10,108 - INFO - preprocess_training_data - No missing values has been found.
2021-11-24 18:48:10,108 - INFO - preprocess_training_data - Getting column with zero standard deviation...
2021-11-24 18:48:10,111 - INFO - preprocess_training_data - Column with zero standard deviation: []
2021-11-24 18:48:10,112 - INFO - preprocess_training_data - No columns with zero standard deviation found.
2021-11-24 18:48:10,124 - INFO - preprocess_training_data - Preprocessing training data completed.
2021-11-24 18:48:10,125 - INFO - data_scaling_encoding - Saving pipeline for data scaling and encoding Started...
2021-11-24 18:48:10,171 - INFO - data_scaling_encoding - Saving pipeline for data scaling and encoding Completed.
2021-11-24 18:52:12,271 - INFO - preprocess_training_data - Imputing missing values if present...
2021-11-24 18:52:12,273 - INFO - preprocess_training_data - No missing values has been found.
2021-11-24 18:52:12,273 - INFO - preprocess_training_data - Getting column with zero standard deviation...
2021-11-24 18:52:12,277 - INFO - preprocess_training_data - Column with zero standard deviation: []
2021-11-24 18:52:12,277 - INFO - preprocess_training_data - No columns with zero standard deviation found.
2021-11-24 18:52:12,291 - INFO - preprocess_training_data - Preprocessing training data completed.
2021-11-24 18:52:12,291 - INFO - data_scaling_encoding - Saving pipeline for data scaling and encoding Started...
2021-11-24 18:52:12,339 - INFO - data_scaling_encoding - Saving pipeline for data scaling and encoding Completed.
